<?xml version="1.0" encoding="UTF-8"?>
<testsuite name="newbie.gateway.gateway.GatewayApplicationTests" tests="1" skipped="0" failures="0" errors="0" timestamp="2024-11-08T08:16:56" hostname="DESKTOP-6ABJ64L" time="0.555">
  <properties/>
  <testcase name="contextLoads()" classname="newbie.gateway.gateway.GatewayApplicationTests" time="0.555"/>
  <system-out><![CDATA[17:16:54.065 [Test worker] INFO org.springframework.test.context.support.AnnotationConfigContextLoaderUtils -- Could not detect default configuration classes for test class [newbie.gateway.gateway.GatewayApplicationTests]: GatewayApplicationTests does not declare any static, non-private, non-final, nested classes annotated with @Configuration.
17:16:54.143 [Test worker] INFO org.springframework.boot.test.context.SpringBootTestContextBootstrapper -- Found @SpringBootConfiguration newbie.gateway.gateway.GatewayApplication for test class newbie.gateway.gateway.GatewayApplicationTests

  .   ____          _            __ _ _
 /\\ / ___'_ __ _ _(_)_ __  __ _ \ \ \ \
( ( )\___ | '_ | '_| | '_ \/ _` | \ \ \ \
 \\/  ___)| |_)| | | | | || (_| |  ) ) ) )
  '  |____| .__|_| |_|_| |_\__, | / / / /
 =========|_|==============|___/=/_/_/_/

 :: Spring Boot ::                (v3.3.5)

2024-11-08T17:16:54.590+09:00  INFO 23248 --- [gateway] [    Test worker] n.g.gateway.GatewayApplicationTests      : Starting GatewayApplicationTests using Java 17.0.12 with PID 23248 (started by SSAFY in C:\Users\SSAFY\Desktop\자율PJT\우리팀\gitlab\S11P31B304\S11P31B304\backend\gateway)
2024-11-08T17:16:54.591+09:00  INFO 23248 --- [gateway] [    Test worker] n.g.gateway.GatewayApplicationTests      : No active profile set, falling back to 1 default profile: "default"
2024-11-08T17:16:54.592+09:00 DEBUG 23248 --- [gateway] [    Test worker] o.s.boot.SpringApplication               : Loading source class newbie.gateway.gateway.GatewayApplication
2024-11-08T17:16:54.611+09:00 DEBUG 23248 --- [gateway] [    Test worker] r.c.GenericReactiveWebApplicationContext : Refreshing org.springframework.boot.web.reactive.context.GenericReactiveWebApplicationContext@4af46df3
2024-11-08T17:16:54.622+09:00 DEBUG 23248 --- [gateway] [    Test worker] o.s.b.f.s.DefaultListableBeanFactory     : Creating shared instance of singleton bean 'org.springframework.context.annotation.internalConfigurationAnnotationProcessor'
2024-11-08T17:16:54.628+09:00 DEBUG 23248 --- [gateway] [    Test worker] o.s.b.f.s.DefaultListableBeanFactory     : Creating shared instance of singleton bean 'org.springframework.boot.autoconfigure.internalCachingMetadataReaderFactory'
2024-11-08T17:16:54.655+09:00 DEBUG 23248 --- [gateway] [    Test worker] o.s.c.a.ClassPathBeanDefinitionScanner   : Identified candidate component class: file [C:\Users\SSAFY\Desktop\자율PJT\우리팀\gitlab\S11P31B304\S11P31B304\backend\gateway\build\classes\java\main\newbie\gateway\gateway\config\AuthConfig.class]
2024-11-08T17:16:54.656+09:00 DEBUG 23248 --- [gateway] [    Test worker] o.s.c.a.ClassPathBeanDefinitionScanner   : Identified candidate component class: file [C:\Users\SSAFY\Desktop\자율PJT\우리팀\gitlab\S11P31B304\S11P31B304\backend\gateway\build\classes\java\main\newbie\gateway\gateway\config\CorsConfig.class]
2024-11-08T17:16:54.658+09:00 DEBUG 23248 --- [gateway] [    Test worker] o.s.c.a.ClassPathBeanDefinitionScanner   : Identified candidate component class: file [C:\Users\SSAFY\Desktop\자율PJT\우리팀\gitlab\S11P31B304\S11P31B304\backend\gateway\build\classes\java\main\newbie\gateway\gateway\config\SecurityConfig.class]
2024-11-08T17:16:54.659+09:00 DEBUG 23248 --- [gateway] [    Test worker] o.s.c.a.ClassPathBeanDefinitionScanner   : Identified candidate component class: file [C:\Users\SSAFY\Desktop\자율PJT\우리팀\gitlab\S11P31B304\S11P31B304\backend\gateway\build\classes\java\main\newbie\gateway\gateway\jwt\JwtAuthenticationFilter.class]
2024-11-08T17:16:54.660+09:00 DEBUG 23248 --- [gateway] [    Test worker] o.s.c.a.ClassPathBeanDefinitionScanner   : Identified candidate component class: file [C:\Users\SSAFY\Desktop\자율PJT\우리팀\gitlab\S11P31B304\S11P31B304\backend\gateway\build\classes\java\main\newbie\gateway\gateway\jwt\JwtUtil.class]
2024-11-08T17:16:55.137+09:00 DEBUG 23248 --- [gateway] [    Test worker] o.s.b.f.s.DefaultListableBeanFactory     : Creating shared instance of singleton bean 'refreshScope'
2024-11-08T17:16:55.141+09:00 DEBUG 23248 --- [gateway] [    Test worker] o.s.b.f.s.DefaultListableBeanFactory     : Creating shared instance of singleton bean 'org.springframework.cloud.autoconfigure.RefreshAutoConfiguration$RefreshScopeBeanDefinitionEnhancer'
2024-11-08T17:16:55.203+09:00 DEBUG 23248 --- [gateway] [    Test worker] o.s.cloud.context.scope.GenericScope     : Generating bean factory id from names: [adaptCachedBodyGlobalFilter, addRequestHeaderGatewayFilterFactory, addRequestHeadersIfNotPresentGatewayFilterFactory, addRequestParameterGatewayFilterFactory, addResponseHeaderGatewayFilterFactory, afterRoutePredicateFactory, applicationAvailability, applicationTaskExecutor, authConfig, authenticationEventPublisher, authenticationManager, authenticationPrincipalArgumentResolver, authenticationPrincipalArgumentResolverConfigurer, beforeRoutePredicateFactory, betweenRoutePredicateFactory, cacheRequestBodyGatewayFilterFactory, cachedCompositeRouteLocator, cloudFoundryRouteServiceRoutePredicateFactory, compositeCompatibilityVerifier, compositeDiscoveryClient, configDataContextRefresher, configurableHintsRegistrationProcessor, configurationPropertiesBeans, configurationPropertiesRebinder, conversionServicePostProcessor, cookieRoutePredicateFactory, corsConfig, corsGatewayFilterApplicationListener, corsWebFilter, dedupeResponseHeaderGatewayFilterFactory, defaultCodecCustomizer, defaultPartHttpMessageReaderCustomizer, defaultValidator, defaultsBindHandlerAdvisor, deprecatedKeyValueConverter, discoveryLocatorProperties, environmentManager, errorAttributes, errorWebExceptionHandler, exchangeStrategiesCustomizer, fileWatcher, filteringWebHandler, forceAutoProxyCreatorToUseClassProxying, forwardPathFilter, forwardRoutingFilter, forwardedHeadersFilter, gRPCRequestHeadersFilter, gRPCResponseHeadersFilter, gatewayApplication, gatewayConfigurationService, gatewayHttpClientFactory, gatewayProperties, globalCorsProperties, gzipMessageBodyResolver, handlerFunctionAdapter, headerRoutePredicateFactory, hostRoutePredicateFactory, httpClientProperties, httpClientSslConfigurer, httpHandler, inMemoryRouteDefinitionRepository, inetUtils, inetUtilsProperties, jacksonCodecCustomizer, jacksonObjectMapper, jacksonObjectMapperBuilder, jsonComponentModule, jsonMixinModule, jsonMixinModuleEntries, jwtAuthenticationFilter, jwtUtil, keyValueConverter, lifecycleProcessor, loadBalancerClientsDefaultsMappingsProvider, localeContextResolver, loggingRebinder, mapRequestHeaderGatewayFilterFactory, methodRoutePredicateFactory, methodValidationPostProcessor, modifyRequestBodyGatewayFilterFactory, modifyResponseBodyGatewayFilterFactory, nettyReactiveWebServerFactory, nettyWebServerFactoryCustomizer, nettyWriteResponseFilter, noLoadBalancerClientFilter, org.springframework.boot.autoconfigure.AutoConfigurationPackages, org.springframework.boot.autoconfigure.aop.AopAutoConfiguration, org.springframework.boot.autoconfigure.aop.AopAutoConfiguration$ClassProxyingConfiguration, org.springframework.boot.autoconfigure.availability.ApplicationAvailabilityAutoConfiguration, org.springframework.boot.autoconfigure.context.ConfigurationPropertiesAutoConfiguration, org.springframework.boot.autoconfigure.context.LifecycleAutoConfiguration, org.springframework.boot.autoconfigure.context.PropertyPlaceholderAutoConfiguration, org.springframework.boot.autoconfigure.http.codec.CodecsAutoConfiguration, org.springframework.boot.autoconfigure.http.codec.CodecsAutoConfiguration$DefaultCodecsConfiguration, org.springframework.boot.autoconfigure.http.codec.CodecsAutoConfiguration$JacksonCodecConfiguration, org.springframework.boot.autoconfigure.info.ProjectInfoAutoConfiguration, org.springframework.boot.autoconfigure.internalCachingMetadataReaderFactory, org.springframework.boot.autoconfigure.jackson.JacksonAutoConfiguration, org.springframework.boot.autoconfigure.jackson.JacksonAutoConfiguration$Jackson2ObjectMapperBuilderCustomizerConfiguration, org.springframework.boot.autoconfigure.jackson.JacksonAutoConfiguration$JacksonMixinConfiguration, org.springframework.boot.autoconfigure.jackson.JacksonAutoConfiguration$JacksonObjectMapperBuilderConfiguration, org.springframework.boot.autoconfigure.jackson.JacksonAutoConfiguration$JacksonObjectMapperConfiguration, org.springframework.boot.autoconfigure.jackson.JacksonAutoConfiguration$ParameterNamesModuleConfiguration, org.springframework.boot.autoconfigure.netty.NettyAutoConfiguration, org.springframework.boot.autoconfigure.reactor.ReactorAutoConfiguration, org.springframework.boot.autoconfigure.reactor.netty.ReactorNettyConfigurations$ReactorResourceFactoryConfiguration, org.springframework.boot.autoconfigure.security.oauth2.resource.reactive.ReactiveOAuth2ResourceServerAutoConfiguration, org.springframework.boot.autoconfigure.security.reactive.ReactiveSecurityAutoConfiguration, org.springframework.boot.autoconfigure.security.reactive.ReactiveSecurityAutoConfiguration$SpringBootWebFluxSecurityConfiguration, org.springframework.boot.autoconfigure.security.servlet.SecurityAutoConfiguration, org.springframework.boot.autoconfigure.sql.init.SqlInitializationAutoConfiguration, org.springframework.boot.autoconfigure.ssl.SslAutoConfiguration, org.springframework.boot.autoconfigure.task.TaskExecutionAutoConfiguration, org.springframework.boot.autoconfigure.task.TaskExecutorConfigurations$SimpleAsyncTaskExecutorBuilderConfiguration, org.springframework.boot.autoconfigure.task.TaskExecutorConfigurations$TaskExecutorBuilderConfiguration, org.springframework.boot.autoconfigure.task.TaskExecutorConfigurations$TaskExecutorConfiguration, org.springframework.boot.autoconfigure.task.TaskExecutorConfigurations$ThreadPoolTaskExecutorBuilderConfiguration, org.springframework.boot.autoconfigure.task.TaskSchedulingAutoConfiguration, org.springframework.boot.autoconfigure.task.TaskSchedulingConfigurations$SimpleAsyncTaskSchedulerBuilderConfiguration, org.springframework.boot.autoconfigure.task.TaskSchedulingConfigurations$TaskSchedulerBuilderConfiguration, org.springframework.boot.autoconfigure.task.TaskSchedulingConfigurations$ThreadPoolTaskSchedulerBuilderConfiguration, org.springframework.boot.autoconfigure.validation.ValidationAutoConfiguration, org.springframework.boot.autoconfigure.web.embedded.EmbeddedWebServerFactoryCustomizerAutoConfiguration, org.springframework.boot.autoconfigure.web.embedded.EmbeddedWebServerFactoryCustomizerAutoConfiguration$NettyWebServerFactoryCustomizerConfiguration, org.springframework.boot.autoconfigure.web.reactive.HttpHandlerAutoConfiguration, org.springframework.boot.autoconfigure.web.reactive.HttpHandlerAutoConfiguration$AnnotationConfig, org.springframework.boot.autoconfigure.web.reactive.ReactiveMultipartAutoConfiguration, org.springframework.boot.autoconfigure.web.reactive.ReactiveWebServerFactoryAutoConfiguration, org.springframework.boot.autoconfigure.web.reactive.ReactiveWebServerFactoryConfiguration$EmbeddedNetty, org.springframework.boot.autoconfigure.web.reactive.WebFluxAutoConfiguration, org.springframework.boot.autoconfigure.web.reactive.WebFluxAutoConfiguration$EnableWebFluxConfiguration, org.springframework.boot.autoconfigure.web.reactive.WebFluxAutoConfiguration$WebFluxConfig, org.springframework.boot.autoconfigure.web.reactive.WebFluxAutoConfiguration$WelcomePageConfiguration, org.springframework.boot.autoconfigure.web.reactive.WebSessionIdResolverAutoConfiguration, org.springframework.boot.autoconfigure.web.reactive.error.ErrorWebFluxAutoConfiguration, org.springframework.boot.autoconfigure.web.reactive.function.client.ClientHttpConnectorAutoConfiguration, org.springframework.boot.autoconfigure.web.reactive.function.client.ClientHttpConnectorFactoryConfiguration$ReactorNetty, org.springframework.boot.autoconfigure.web.reactive.function.client.WebClientAutoConfiguration, org.springframework.boot.autoconfigure.web.reactive.function.client.WebClientAutoConfiguration$WebClientCodecsConfiguration, org.springframework.boot.context.internalConfigurationPropertiesBinder, org.springframework.boot.context.properties.BoundConfigurationProperties, org.springframework.boot.context.properties.ConfigurationPropertiesBindingPostProcessor, org.springframework.boot.context.properties.EnableConfigurationPropertiesRegistrar.methodValidationExcludeFilter, org.springframework.boot.sql.init.dependency.DatabaseInitializationDependencyConfigurer$DependsOnDatabaseInitializationPostProcessor, org.springframework.boot.test.mock.mockito.MockitoPostProcessor, org.springframework.boot.test.mock.mockito.MockitoPostProcessor$SpyPostProcessor, org.springframework.cloud.autoconfigure.ConfigurationPropertiesRebinderAutoConfiguration, org.springframework.cloud.autoconfigure.LifecycleMvcEndpointAutoConfiguration, org.springframework.cloud.autoconfigure.RefreshAutoConfiguration, org.springframework.cloud.autoconfigure.RefreshAutoConfiguration$RefreshScopeBeanDefinitionEnhancer, org.springframework.cloud.client.CommonsClientAutoConfiguration, org.springframework.cloud.client.ReactiveCommonsClientAutoConfiguration, org.springframework.cloud.client.discovery.composite.CompositeDiscoveryClientAutoConfiguration, org.springframework.cloud.client.discovery.composite.reactive.ReactiveCompositeDiscoveryClientAutoConfiguration, org.springframework.cloud.client.discovery.simple.SimpleDiscoveryClientAutoConfiguration, org.springframework.cloud.client.discovery.simple.reactive.SimpleReactiveDiscoveryClientAutoConfiguration, org.springframework.cloud.client.loadbalancer.LoadBalancerDefaultMappingsProviderAutoConfiguration, org.springframework.cloud.client.serviceregistry.AutoServiceRegistrationAutoConfiguration, org.springframework.cloud.client.serviceregistry.AutoServiceRegistrationConfiguration, org.springframework.cloud.client.serviceregistry.ServiceRegistryAutoConfiguration, org.springframework.cloud.commons.config.CommonsConfigAutoConfiguration, org.springframework.cloud.commons.util.UtilAutoConfiguration, org.springframework.cloud.configuration.CompatibilityVerifierAutoConfiguration, org.springframework.cloud.gateway.config.GatewayAutoConfiguration, org.springframework.cloud.gateway.config.GatewayAutoConfiguration$NettyConfiguration, org.springframework.cloud.gateway.config.GatewayClassPathWarningAutoConfiguration, org.springframework.cloud.gateway.config.GatewayNoLoadBalancerClientAutoConfiguration, org.springframework.cloud.gateway.discovery.GatewayDiscoveryClientAutoConfiguration, org.springframework.cloud.gateway.discovery.GatewayDiscoveryClientAutoConfiguration$ReactiveDiscoveryClientRouteDefinitionLocatorConfiguration, org.springframework.context.annotation.internalAutowiredAnnotationProcessor, org.springframework.context.annotation.internalCommonAnnotationProcessor, org.springframework.context.annotation.internalConfigurationAnnotationProcessor, org.springframework.context.event.internalEventListenerFactory, org.springframework.context.event.internalEventListenerProcessor, org.springframework.security.config.annotation.web.reactive.HttpSecurityConfiguration.httpSecurity, org.springframework.security.config.annotation.web.reactive.ServerHttpSecurityConfiguration, org.springframework.security.config.annotation.web.reactive.WebFluxSecurityConfiguration, org.springframework.security.config.annotation.web.reactive.WebFluxSecurityConfiguration.WebFilterChainFilter, parameterNamesModule, pathRoutePredicateFactory, prefixPathGatewayFilterFactory, preserveHostHeaderGatewayFilterFactory, propertiesRouteDefinitionLocator, propertySourcesPlaceholderConfigurer, queryRoutePredicateFactory, reactiveCompositeDiscoveryClient, reactiveCurrentSecurityContextArgumentResolver, reactiveWebServerFactoryCustomizer, reactorClientHttpConnectorFactory, reactorNettyRequestUpgradeStrategy, reactorNettyWebSocketClient, reactorResourceFactory, readBodyPredicateFactory, redirectToGatewayFilterFactory, refreshEventListener, refreshScope, refreshScopeLifecycle, remoteAddrRoutePredicateFactory, removeCachedBodyFilter, removeHopByHopHeadersFilter, removeJsonAttributesResponseBodyGatewayFilterFactory, removeRequestHeaderGatewayFilterFactory, removeRequestParameterGatewayFilterFactory, removeResponseHeaderGatewayFilterFactory, requestDataValueProcessor, requestHeaderSizeGatewayFilterFactory, requestHeaderToRequestUriGatewayFilterFactory, requestMappingHandlerAdapter, requestMappingHandlerMapping, requestSizeGatewayFilterFactory, resourceHandlerMapping, resourceUrlProvider, responseBodyResultHandler, responseEntityResultHandler, responseStatusExceptionHandler, retryGatewayFilterFactory, rewriteLocationResponseHeaderGatewayFilterFactory, rewritePathGatewayFilterFactory, rewriteRequestParameterGatewayFilterFactory, rewriteResponseHeaderGatewayFilterFactory, routeDefinitionLocator, routeDefinitionRouteLocator, routeLocatorBuilder, routePredicateHandlerMapping, routeRefreshListener, routeToRequestUrlFilter, routerFunctionMapping, routingFilter, saveSessionGatewayFilterFactory, secureHeadersGatewayFilterFactory, secureHeadersProperties, securityConfig, securityWebFilterChain, server-org.springframework.boot.autoconfigure.web.ServerProperties, serverCodecConfigurer, serverResponseResultHandler, setPathGatewayFilterFactory, setRequestHeaderGatewayFilterFactory, setRequestHostHeaderGatewayFilterFactory, setResponseHeaderGatewayFilterFactory, setStatusGatewayFilterFactory, simpleAsyncTaskExecutorBuilder, simpleAsyncTaskSchedulerBuilder, simpleDiscoveryClient, simpleDiscoveryProperties, simpleHandlerAdapter, simpleReactiveDiscoveryClient, simpleReactiveDiscoveryProperties, sleuthPresentVerifier, spring.cloud.compatibility-verifier-org.springframework.cloud.configuration.CompatibilityVerifierProperties, spring.cloud.discovery.client.health-indicator-org.springframework.cloud.client.discovery.health.DiscoveryClientHealthIndicatorProperties, spring.cloud.gateway.loadbalancer-org.springframework.cloud.gateway.config.GatewayLoadBalancerProperties, spring.cloud.refresh-org.springframework.cloud.autoconfigure.RefreshAutoConfiguration$RefreshProperties, spring.cloud.service-registry.auto-registration-org.springframework.cloud.client.serviceregistry.AutoServiceRegistrationProperties, spring.codec-org.springframework.boot.autoconfigure.codec.CodecProperties, spring.info-org.springframework.boot.autoconfigure.info.ProjectInfoProperties, spring.jackson-org.springframework.boot.autoconfigure.jackson.JacksonProperties, spring.lifecycle-org.springframework.boot.autoconfigure.context.LifecycleProperties, spring.netty-org.springframework.boot.autoconfigure.netty.NettyProperties, spring.reactor-org.springframework.boot.autoconfigure.reactor.ReactorProperties, spring.reactor.netty-org.springframework.boot.autoconfigure.reactor.netty.ReactorNettyProperties, spring.security-org.springframework.boot.autoconfigure.security.SecurityProperties, spring.security.oauth2.resourceserver-org.springframework.boot.autoconfigure.security.oauth2.resource.OAuth2ResourceServerProperties, spring.sql.init-org.springframework.boot.autoconfigure.sql.init.SqlInitializationProperties, spring.ssl-org.springframework.boot.autoconfigure.ssl.SslProperties, spring.task.execution-org.springframework.boot.autoconfigure.task.TaskExecutionProperties, spring.task.scheduling-org.springframework.boot.autoconfigure.task.TaskSchedulingProperties, spring.web-org.springframework.boot.autoconfigure.web.WebProperties, spring.webflux-org.springframework.boot.autoconfigure.web.reactive.WebFluxProperties, spring.webflux.multipart-org.springframework.boot.autoconfigure.web.reactive.ReactiveMultipartProperties, springBootVersionVerifier, sslBundleRegistry, sslPropertiesSslBundleRegistrar, standardJacksonObjectMapperBuilderCustomizer, stringToZonedDateTimeConverter, stripPrefixGatewayFilterFactory, taskExecutorBuilder, taskSchedulerBuilder, threadPoolTaskExecutorBuilder, threadPoolTaskSchedulerBuilder, transferEncodingNormalizationHeadersFilter, viewResolutionResultHandler, webClientBuilder, webClientHttpConnector, webClientHttpConnectorCustomizer, webClientSsl, webFluxAdapterRegistry, webFluxContentTypeResolver, webFluxConversionService, webFluxValidator, webFluxWebSocketHandlerAdapter, webHandler, webServerFactoryCustomizerBeanPostProcessor, webSessionIdResolver, webSessionManager, webSocketService, websocketRoutingFilter, weightCalculatorWebFilter, weightRoutePredicateFactory, welcomePageRouterFunctionMapping, xForwardedHeadersFilter, xForwardedRemoteAddrRoutePredicateFactory]
2024-11-08T17:16:55.203+09:00  INFO 23248 --- [gateway] [    Test worker] o.s.cloud.context.scope.GenericScope     : BeanFactory id=02a047f6-8de2-368e-9eb6-b76bc389399f
2024-11-08T17:16:55.203+09:00 DEBUG 23248 --- [gateway] [    Test worker] o.s.b.f.s.DefaultListableBeanFactory     : Creating shared instance of singleton bean 'propertySourcesPlaceholderConfigurer'
2024-11-08T17:16:55.208+09:00 DEBUG 23248 --- [gateway] [    Test worker] o.s.b.f.s.DefaultListableBeanFactory     : Creating shared instance of singleton bean 'org.springframework.boot.test.mock.mockito.MockitoPostProcessor'
2024-11-08T17:16:55.214+09:00 DEBUG 23248 --- [gateway] [    Test worker] o.s.b.f.s.DefaultListableBeanFactory     : Creating shared instance of singleton bean 'org.springframework.boot.sql.init.dependency.DatabaseInitializationDependencyConfigurer$DependsOnDatabaseInitializationPostProcessor'
2024-11-08T17:16:55.234+09:00 DEBUG 23248 --- [gateway] [    Test worker] o.s.b.f.s.DefaultListableBeanFactory     : Creating shared instance of singleton bean 'org.springframework.context.event.internalEventListenerProcessor'
2024-11-08T17:16:55.235+09:00 DEBUG 23248 --- [gateway] [    Test worker] o.s.b.f.s.DefaultListableBeanFactory     : Creating shared instance of singleton bean 'conversionServicePostProcessor'
2024-11-08T17:16:55.239+09:00 DEBUG 23248 --- [gateway] [    Test worker] o.s.b.f.s.DefaultListableBeanFactory     : Creating shared instance of singleton bean 'forceAutoProxyCreatorToUseClassProxying'
2024-11-08T17:16:55.240+09:00 DEBUG 23248 --- [gateway] [    Test worker] o.s.b.f.s.DefaultListableBeanFactory     : Creating shared instance of singleton bean 'org.springframework.context.event.internalEventListenerFactory'
2024-11-08T17:16:55.245+09:00 DEBUG 23248 --- [gateway] [    Test worker] o.s.b.f.s.DefaultListableBeanFactory     : Creating shared instance of singleton bean 'org.springframework.boot.test.mock.mockito.MockitoPostProcessor$SpyPostProcessor'
2024-11-08T17:16:55.246+09:00 DEBUG 23248 --- [gateway] [    Test worker] o.s.b.f.s.DefaultListableBeanFactory     : Creating shared instance of singleton bean 'org.springframework.context.annotation.internalAutowiredAnnotationProcessor'
2024-11-08T17:16:55.247+09:00 DEBUG 23248 --- [gateway] [    Test worker] o.s.b.f.s.DefaultListableBeanFactory     : Creating shared instance of singleton bean 'org.springframework.context.annotation.internalCommonAnnotationProcessor'
2024-11-08T17:16:55.251+09:00 DEBUG 23248 --- [gateway] [    Test worker] o.s.b.f.s.DefaultListableBeanFactory     : Creating shared instance of singleton bean 'org.springframework.boot.context.properties.ConfigurationPropertiesBindingPostProcessor'
2024-11-08T17:16:55.251+09:00 DEBUG 23248 --- [gateway] [    Test worker] o.s.b.f.s.DefaultListableBeanFactory     : Creating shared instance of singleton bean 'org.springframework.boot.context.internalConfigurationPropertiesBinder'
2024-11-08T17:16:55.253+09:00 DEBUG 23248 --- [gateway] [    Test worker] o.s.b.f.s.DefaultListableBeanFactory     : Creating shared instance of singleton bean 'methodValidationPostProcessor'
2024-11-08T17:16:55.257+09:00 DEBUG 23248 --- [gateway] [    Test worker] o.s.b.f.s.DefaultListableBeanFactory     : Autowiring by type from bean name 'methodValidationPostProcessor' via factory method to bean named 'environment'
2024-11-08T17:16:55.258+09:00 DEBUG 23248 --- [gateway] [    Test worker] o.s.b.f.s.DefaultListableBeanFactory     : Creating shared instance of singleton bean 'org.springframework.boot.context.properties.EnableConfigurationPropertiesRegistrar.methodValidationExcludeFilter'
2024-11-08T17:16:55.272+09:00 DEBUG 23248 --- [gateway] [    Test worker] o.s.b.f.s.DefaultListableBeanFactory     : Creating shared instance of singleton bean 'org.springframework.aop.config.internalAutoProxyCreator'
2024-11-08T17:16:55.277+09:00 DEBUG 23248 --- [gateway] [    Test worker] o.s.b.f.s.DefaultListableBeanFactory     : Creating shared instance of singleton bean 'webServerFactoryCustomizerBeanPostProcessor'
2024-11-08T17:16:55.278+09:00 DEBUG 23248 --- [gateway] [    Test worker] o.s.b.f.s.DefaultListableBeanFactory     : Creating shared instance of singleton bean 'configurationPropertiesBeans'
2024-11-08T17:16:55.282+09:00 DEBUG 23248 --- [gateway] [    Test worker] o.s.b.f.s.DefaultListableBeanFactory     : Creating shared instance of singleton bean 'gatewayApplication'
2024-11-08T17:16:55.283+09:00 DEBUG 23248 --- [gateway] [    Test worker] o.s.b.f.s.DefaultListableBeanFactory     : Creating shared instance of singleton bean 'authConfig'
2024-11-08T17:16:55.284+09:00 DEBUG 23248 --- [gateway] [    Test worker] o.s.b.f.s.DefaultListableBeanFactory     : Creating shared instance of singleton bean 'corsConfig'
2024-11-08T17:16:55.284+09:00 DEBUG 23248 --- [gateway] [    Test worker] o.s.b.f.s.DefaultListableBeanFactory     : Creating shared instance of singleton bean 'securityConfig'
2024-11-08T17:16:55.284+09:00 DEBUG 23248 --- [gateway] [    Test worker] o.s.b.f.s.DefaultListableBeanFactory     : Creating shared instance of singleton bean 'jwtAuthenticationFilter'
2024-11-08T17:16:55.286+09:00 DEBUG 23248 --- [gateway] [    Test worker] o.s.b.f.s.DefaultListableBeanFactory     : Creating shared instance of singleton bean 'jwtUtil'
2024-11-08T17:16:55.288+09:00 DEBUG 23248 --- [gateway] [    Test worker] ySourcesPropertyResolver$DefaultResolver : Found key 'JWT_SECRET_KEY' in PropertySource 'Config resource 'class path resource [application-key.properties]' via location 'classpath:application-key.properties'' with value of type String
2024-11-08T17:16:55.288+09:00 DEBUG 23248 --- [gateway] [    Test worker] o.s.c.e.PropertySourcesPropertyResolver  : Found key 'jwt.secret' in PropertySource 'environmentProperties' with value of type String
2024-11-08T17:16:55.289+09:00 DEBUG 23248 --- [gateway] [    Test worker] ySourcesPropertyResolver$DefaultResolver : Found key 'JWT_EXPIRATION' in PropertySource 'Config resource 'class path resource [application-key.properties]' via location 'classpath:application-key.properties'' with value of type String
2024-11-08T17:16:55.289+09:00 DEBUG 23248 --- [gateway] [    Test worker] o.s.c.e.PropertySourcesPropertyResolver  : Found key 'jwt.expiration' in PropertySource 'environmentProperties' with value of type String
2024-11-08T17:16:55.290+09:00 DEBUG 23248 --- [gateway] [    Test worker] o.s.b.f.s.DefaultListableBeanFactory     : Creating shared instance of singleton bean 'authenticationManager'
2024-11-08T17:16:55.291+09:00 DEBUG 23248 --- [gateway] [    Test worker] o.s.b.f.s.DefaultListableBeanFactory     : Autowiring by type from bean name 'jwtAuthenticationFilter' via constructor to bean named 'jwtUtil'
2024-11-08T17:16:55.291+09:00 DEBUG 23248 --- [gateway] [    Test worker] o.s.b.f.s.DefaultListableBeanFactory     : Autowiring by type from bean name 'jwtAuthenticationFilter' via constructor to bean named 'authenticationManager'
2024-11-08T17:16:55.293+09:00 DEBUG 23248 --- [gateway] [    Test worker] o.s.b.f.s.DefaultListableBeanFactory     : Creating shared instance of singleton bean 'corsWebFilter'
2024-11-08T17:16:55.300+09:00 DEBUG 23248 --- [gateway] [    Test worker] o.s.b.f.s.DefaultListableBeanFactory     : Creating shared instance of singleton bean 'org.springframework.security.config.annotation.web.reactive.ServerHttpSecurityConfiguration'
2024-11-08T17:16:55.364+09:00 DEBUG 23248 --- [gateway] [    Test worker] o.s.b.f.s.DefaultListableBeanFactory     : Creating shared instance of singleton bean 'webFluxAdapterRegistry'
2024-11-08T17:16:55.364+09:00 DEBUG 23248 --- [gateway] [    Test worker] o.s.b.f.s.DefaultListableBeanFactory     : Creating shared instance of singleton bean 'org.springframework.boot.autoconfigure.web.reactive.WebFluxAutoConfiguration$EnableWebFluxConfiguration'
2024-11-08T17:16:55.365+09:00 DEBUG 23248 --- [gateway] [    Test worker] o.s.b.f.s.DefaultListableBeanFactory     : Creating shared instance of singleton bean 'spring.webflux-org.springframework.boot.autoconfigure.web.reactive.WebFluxProperties'
2024-11-08T17:16:55.366+09:00 DEBUG 23248 --- [gateway] [    Test worker] o.s.b.f.s.DefaultListableBeanFactory     : Creating shared instance of singleton bean 'org.springframework.boot.context.properties.BoundConfigurationProperties'
2024-11-08T17:16:55.367+09:00 DEBUG 23248 --- [gateway] [    Test worker] o.s.b.f.s.DefaultListableBeanFactory     : Creating shared instance of singleton bean 'defaultsBindHandlerAdvisor'
2024-11-08T17:16:55.367+09:00 DEBUG 23248 --- [gateway] [    Test worker] o.s.b.f.s.DefaultListableBeanFactory     : Creating shared instance of singleton bean 'org.springframework.cloud.commons.config.CommonsConfigAutoConfiguration'
2024-11-08T17:16:55.368+09:00 DEBUG 23248 --- [gateway] [    Test worker] o.s.b.f.s.DefaultListableBeanFactory     : Creating shared instance of singleton bean 'loadBalancerClientsDefaultsMappingsProvider'
2024-11-08T17:16:55.368+09:00 DEBUG 23248 --- [gateway] [    Test worker] o.s.b.f.s.DefaultListableBeanFactory     : Creating shared instance of singleton bean 'org.springframework.cloud.client.loadbalancer.LoadBalancerDefaultMappingsProviderAutoConfiguration'
2024-11-08T17:16:55.369+09:00 DEBUG 23248 --- [gateway] [    Test worker] o.s.b.f.s.DefaultListableBeanFactory     : Autowiring by type from bean name 'defaultsBindHandlerAdvisor' via factory method to bean named 'loadBalancerClientsDefaultsMappingsProvider'
2024-11-08T17:16:55.374+09:00 DEBUG 23248 --- [gateway] [    Test worker] o.s.b.f.s.DefaultListableBeanFactory     : Creating shared instance of singleton bean 'spring.web-org.springframework.boot.autoconfigure.web.WebProperties'
2024-11-08T17:16:55.377+09:00 DEBUG 23248 --- [gateway] [    Test worker] o.s.b.f.s.DefaultListableBeanFactory     : Creating shared instance of singleton bean 'server-org.springframework.boot.autoconfigure.web.ServerProperties'
2024-11-08T17:16:55.385+09:00 DEBUG 23248 --- [gateway] [    Test worker] o.s.b.f.s.DefaultListableBeanFactory     : Autowiring by type from bean name 'org.springframework.boot.autoconfigure.web.reactive.WebFluxAutoConfiguration$EnableWebFluxConfiguration' via constructor to bean named 'spring.webflux-org.springframework.boot.autoconfigure.web.reactive.WebFluxProperties'
2024-11-08T17:16:55.385+09:00 DEBUG 23248 --- [gateway] [    Test worker] o.s.b.f.s.DefaultListableBeanFactory     : Autowiring by type from bean name 'org.springframework.boot.autoconfigure.web.reactive.WebFluxAutoConfiguration$EnableWebFluxConfiguration' via constructor to bean named 'spring.web-org.springframework.boot.autoconfigure.web.WebProperties'
2024-11-08T17:16:55.385+09:00 DEBUG 23248 --- [gateway] [    Test worker] o.s.b.f.s.DefaultListableBeanFactory     : Autowiring by type from bean name 'org.springframework.boot.autoconfigure.web.reactive.WebFluxAutoConfiguration$EnableWebFluxConfiguration' via constructor to bean named 'server-org.springframework.boot.autoconfigure.web.ServerProperties'
2024-11-08T17:16:55.387+09:00 DEBUG 23248 --- [gateway] [    Test worker] o.s.b.f.s.DefaultListableBeanFactory     : Creating shared instance of singleton bean 'authenticationPrincipalArgumentResolverConfigurer'
2024-11-08T17:16:55.388+09:00 DEBUG 23248 --- [gateway] [    Test worker] o.s.b.f.s.DefaultListableBeanFactory     : Creating shared instance of singleton bean 'org.springframework.boot.autoconfigure.web.reactive.WebFluxAutoConfiguration$WebFluxConfig'
2024-11-08T17:16:55.389+09:00 DEBUG 23248 --- [gateway] [    Test worker] o.s.b.f.s.DefaultListableBeanFactory     : Autowiring by type from bean name 'org.springframework.boot.autoconfigure.web.reactive.WebFluxAutoConfiguration$WebFluxConfig' via constructor to bean named 'environment'
2024-11-08T17:16:55.389+09:00 DEBUG 23248 --- [gateway] [    Test worker] o.s.b.f.s.DefaultListableBeanFactory     : Autowiring by type from bean name 'org.springframework.boot.autoconfigure.web.reactive.WebFluxAutoConfiguration$WebFluxConfig' via constructor to bean named 'spring.web-org.springframework.boot.autoconfigure.web.WebProperties'
2024-11-08T17:16:55.389+09:00 DEBUG 23248 --- [gateway] [    Test worker] o.s.b.f.s.DefaultListableBeanFactory     : Autowiring by type from bean name 'org.springframework.boot.autoconfigure.web.reactive.WebFluxAutoConfiguration$WebFluxConfig' via constructor to bean named 'spring.webflux-org.springframework.boot.autoconfigure.web.reactive.WebFluxProperties'
2024-11-08T17:16:55.389+09:00 DEBUG 23248 --- [gateway] [    Test worker] o.s.b.f.s.DefaultListableBeanFactory     : Autowiring by type from bean name 'org.springframework.boot.autoconfigure.web.reactive.WebFluxAutoConfiguration$WebFluxConfig' via constructor to bean named 'org.springframework.beans.factory.support.DefaultListableBeanFactory@592238c5'
2024-11-08T17:16:55.392+09:00 DEBUG 23248 --- [gateway] [    Test worker] o.s.b.f.s.DefaultListableBeanFactory     : Creating shared instance of singleton bean 'authenticationPrincipalArgumentResolver'
2024-11-08T17:16:55.393+09:00 DEBUG 23248 --- [gateway] [    Test worker] o.s.b.f.s.DefaultListableBeanFactory     : Creating shared instance of singleton bean 'reactiveCurrentSecurityContextArgumentResolver'
2024-11-08T17:16:55.394+09:00 DEBUG 23248 --- [gateway] [    Test worker] o.s.b.f.s.DefaultListableBeanFactory     : Creating shared instance of singleton bean 'org.springframework.security.config.annotation.web.reactive.WebFluxSecurityConfiguration'
2024-11-08T17:16:55.395+09:00 DEBUG 23248 --- [gateway] [    Test worker] o.s.b.f.s.DefaultListableBeanFactory     : Creating shared instance of singleton bean 'securityWebFilterChain'
2024-11-08T17:16:55.419+09:00 DEBUG 23248 --- [gateway] [    Test worker] o.s.b.f.s.DefaultListableBeanFactory     : Autowiring by type from bean name 'securityWebFilterChain' via factory method to bean named 'org.springframework.security.config.annotation.web.reactive.HttpSecurityConfiguration.httpSecurity'
2024-11-08T17:16:55.420+09:00 DEBUG 23248 --- [gateway] [    Test worker] o.s.b.f.s.DefaultListableBeanFactory     : Creating shared instance of singleton bean 'requestMappingHandlerMapping'
2024-11-08T17:16:55.422+09:00 DEBUG 23248 --- [gateway] [    Test worker] o.s.b.f.s.DefaultListableBeanFactory     : Creating shared instance of singleton bean 'webFluxContentTypeResolver'
2024-11-08T17:16:55.424+09:00 DEBUG 23248 --- [gateway] [    Test worker] o.s.b.f.s.DefaultListableBeanFactory     : Autowiring by type from bean name 'requestMappingHandlerMapping' via factory method to bean named 'webFluxContentTypeResolver'
2024-11-08T17:16:55.443+09:00 DEBUG 23248 --- [gateway] [    Test worker] o.s.b.f.s.DefaultListableBeanFactory     : Creating shared instance of singleton bean 'org.springframework.security.config.annotation.web.reactive.WebFluxSecurityConfiguration.WebFilterChainFilter'
2024-11-08T17:16:55.446+09:00 DEBUG 23248 --- [gateway] [    Test worker] o.s.b.f.s.DefaultListableBeanFactory     : Creating shared instance of singleton bean 'requestDataValueProcessor'
2024-11-08T17:16:55.447+09:00 DEBUG 23248 --- [gateway] [    Test worker] o.s.b.f.s.DefaultListableBeanFactory     : Creating shared instance of singleton bean 'org.springframework.boot.autoconfigure.AutoConfigurationPackages'
2024-11-08T17:16:55.447+09:00 DEBUG 23248 --- [gateway] [    Test worker] o.s.b.f.s.DefaultListableBeanFactory     : Creating shared instance of singleton bean 'org.springframework.boot.autoconfigure.context.PropertyPlaceholderAutoConfiguration'
2024-11-08T17:16:55.448+09:00 DEBUG 23248 --- [gateway] [    Test worker] o.s.b.f.s.DefaultListableBeanFactory     : Creating shared instance of singleton bean 'org.springframework.boot.autoconfigure.reactor.netty.ReactorNettyConfigurations$ReactorResourceFactoryConfiguration'
2024-11-08T17:16:55.448+09:00 DEBUG 23248 --- [gateway] [    Test worker] o.s.b.f.s.DefaultListableBeanFactory     : Creating shared instance of singleton bean 'reactorResourceFactory'
2024-11-08T17:16:55.448+09:00 DEBUG 23248 --- [gateway] [    Test worker] o.s.b.f.s.DefaultListableBeanFactory     : Creating shared instance of singleton bean 'spring.reactor.netty-org.springframework.boot.autoconfigure.reactor.netty.ReactorNettyProperties'
2024-11-08T17:16:55.449+09:00 DEBUG 23248 --- [gateway] [    Test worker] o.s.b.f.s.DefaultListableBeanFactory     : Autowiring by type from bean name 'reactorResourceFactory' via factory method to bean named 'spring.reactor.netty-org.springframework.boot.autoconfigure.reactor.netty.ReactorNettyProperties'
2024-11-08T17:16:55.452+09:00 DEBUG 23248 --- [gateway] [    Test worker] o.s.b.f.s.DefaultListableBeanFactory     : Creating shared instance of singleton bean 'org.springframework.boot.autoconfigure.web.reactive.ReactiveWebServerFactoryConfiguration$EmbeddedNetty'
2024-11-08T17:16:55.453+09:00 DEBUG 23248 --- [gateway] [    Test worker] o.s.b.f.s.DefaultListableBeanFactory     : Creating shared instance of singleton bean 'nettyReactiveWebServerFactory'
2024-11-08T17:16:55.453+09:00 DEBUG 23248 --- [gateway] [    Test worker] o.s.b.f.s.DefaultListableBeanFactory     : Autowiring by type from bean name 'nettyReactiveWebServerFactory' via factory method to bean named 'reactorResourceFactory'
2024-11-08T17:16:55.457+09:00 DEBUG 23248 --- [gateway] [    Test worker] o.s.b.f.s.DefaultListableBeanFactory     : Creating shared instance of singleton bean 'reactiveWebServerFactoryCustomizer'
2024-11-08T17:16:55.457+09:00 DEBUG 23248 --- [gateway] [    Test worker] o.s.b.f.s.DefaultListableBeanFactory     : Creating shared instance of singleton bean 'org.springframework.boot.autoconfigure.web.reactive.ReactiveWebServerFactoryAutoConfiguration'
2024-11-08T17:16:55.457+09:00 DEBUG 23248 --- [gateway] [    Test worker] o.s.b.f.s.DefaultListableBeanFactory     : Autowiring by type from bean name 'reactiveWebServerFactoryCustomizer' via factory method to bean named 'server-org.springframework.boot.autoconfigure.web.ServerProperties'
2024-11-08T17:16:55.458+09:00 DEBUG 23248 --- [gateway] [    Test worker] o.s.b.f.s.DefaultListableBeanFactory     : Creating shared instance of singleton bean 'sslBundleRegistry'
2024-11-08T17:16:55.458+09:00 DEBUG 23248 --- [gateway] [    Test worker] o.s.b.f.s.DefaultListableBeanFactory     : Creating shared instance of singleton bean 'org.springframework.boot.autoconfigure.ssl.SslAutoConfiguration'
2024-11-08T17:16:55.459+09:00 DEBUG 23248 --- [gateway] [    Test worker] o.s.b.f.s.DefaultListableBeanFactory     : Creating shared instance of singleton bean 'spring.ssl-org.springframework.boot.autoconfigure.ssl.SslProperties'
2024-11-08T17:16:55.460+09:00 DEBUG 23248 --- [gateway] [    Test worker] o.s.b.f.s.DefaultListableBeanFactory     : Autowiring by type from bean name 'org.springframework.boot.autoconfigure.ssl.SslAutoConfiguration' via constructor to bean named 'org.springframework.boot.web.reactive.context.GenericReactiveWebApplicationContext@4af46df3'
2024-11-08T17:16:55.460+09:00 DEBUG 23248 --- [gateway] [    Test worker] o.s.b.f.s.DefaultListableBeanFactory     : Autowiring by type from bean name 'org.springframework.boot.autoconfigure.ssl.SslAutoConfiguration' via constructor to bean named 'spring.ssl-org.springframework.boot.autoconfigure.ssl.SslProperties'
2024-11-08T17:16:55.462+09:00 DEBUG 23248 --- [gateway] [    Test worker] o.s.b.f.s.DefaultListableBeanFactory     : Creating shared instance of singleton bean 'sslPropertiesSslBundleRegistrar'
2024-11-08T17:16:55.462+09:00 DEBUG 23248 --- [gateway] [    Test worker] o.s.b.f.s.DefaultListableBeanFactory     : Creating shared instance of singleton bean 'fileWatcher'
2024-11-08T17:16:55.463+09:00 DEBUG 23248 --- [gateway] [    Test worker] o.s.b.f.s.DefaultListableBeanFactory     : Autowiring by type from bean name 'sslPropertiesSslBundleRegistrar' via factory method to bean named 'fileWatcher'
2024-11-08T17:16:55.467+09:00 DEBUG 23248 --- [gateway] [    Test worker] o.s.b.f.s.DefaultListableBeanFactory     : Creating shared instance of singleton bean 'nettyWebServerFactoryCustomizer'
2024-11-08T17:16:55.467+09:00 DEBUG 23248 --- [gateway] [    Test worker] o.s.b.f.s.DefaultListableBeanFactory     : Creating shared instance of singleton bean 'org.springframework.boot.autoconfigure.web.embedded.EmbeddedWebServerFactoryCustomizerAutoConfiguration$NettyWebServerFactoryCustomizerConfiguration'
2024-11-08T17:16:55.467+09:00 DEBUG 23248 --- [gateway] [    Test worker] o.s.b.f.s.DefaultListableBeanFactory     : Autowiring by type from bean name 'nettyWebServerFactoryCustomizer' via factory method to bean named 'environment'
2024-11-08T17:16:55.467+09:00 DEBUG 23248 --- [gateway] [    Test worker] o.s.b.f.s.DefaultListableBeanFactory     : Autowiring by type from bean name 'nettyWebServerFactoryCustomizer' via factory method to bean named 'server-org.springframework.boot.autoconfigure.web.ServerProperties'
2024-11-08T17:16:55.476+09:00 DEBUG 23248 --- [gateway] [    Test worker] o.s.b.f.s.DefaultListableBeanFactory     : Creating shared instance of singleton bean 'org.springframework.boot.autoconfigure.jackson.JacksonAutoConfiguration$Jackson2ObjectMapperBuilderCustomizerConfiguration'
2024-11-08T17:16:55.477+09:00 DEBUG 23248 --- [gateway] [    Test worker] o.s.b.f.s.DefaultListableBeanFactory     : Creating shared instance of singleton bean 'standardJacksonObjectMapperBuilderCustomizer'
2024-11-08T17:16:55.477+09:00 DEBUG 23248 --- [gateway] [    Test worker] o.s.b.f.s.DefaultListableBeanFactory     : Creating shared instance of singleton bean 'spring.jackson-org.springframework.boot.autoconfigure.jackson.JacksonProperties'
2024-11-08T17:16:55.479+09:00 DEBUG 23248 --- [gateway] [    Test worker] o.s.b.f.s.DefaultListableBeanFactory     : Autowiring by type from bean name 'standardJacksonObjectMapperBuilderCustomizer' via factory method to bean named 'spring.jackson-org.springframework.boot.autoconfigure.jackson.JacksonProperties'
2024-11-08T17:16:55.480+09:00 DEBUG 23248 --- [gateway] [    Test worker] o.s.b.f.s.DefaultListableBeanFactory     : Creating shared instance of singleton bean 'parameterNamesModule'
2024-11-08T17:16:55.480+09:00 DEBUG 23248 --- [gateway] [    Test worker] o.s.b.f.s.DefaultListableBeanFactory     : Creating shared instance of singleton bean 'org.springframework.boot.autoconfigure.jackson.JacksonAutoConfiguration$ParameterNamesModuleConfiguration'
2024-11-08T17:16:55.482+09:00 DEBUG 23248 --- [gateway] [    Test worker] o.s.b.f.s.DefaultListableBeanFactory     : Creating shared instance of singleton bean 'jsonMixinModule'
2024-11-08T17:16:55.483+09:00 DEBUG 23248 --- [gateway] [    Test worker] o.s.b.f.s.DefaultListableBeanFactory     : Creating shared instance of singleton bean 'org.springframework.boot.autoconfigure.jackson.JacksonAutoConfiguration$JacksonMixinConfiguration'
2024-11-08T17:16:55.483+09:00 DEBUG 23248 --- [gateway] [    Test worker] o.s.b.f.s.DefaultListableBeanFactory     : Creating shared instance of singleton bean 'jsonMixinModuleEntries'
2024-11-08T17:16:55.483+09:00 DEBUG 23248 --- [gateway] [    Test worker] o.s.b.f.s.DefaultListableBeanFactory     : Autowiring by type from bean name 'jsonMixinModuleEntries' via factory method to bean named 'org.springframework.boot.web.reactive.context.GenericReactiveWebApplicationContext@4af46df3'
2024-11-08T17:16:55.484+09:00 DEBUG 23248 --- [gateway] [    Test worker] o.s.b.a.AutoConfigurationPackages        : @EnableAutoConfiguration was declared on a class in the package 'newbie.gateway.gateway'. Automatic @Repository and @Entity scanning is enabled.
2024-11-08T17:16:55.488+09:00 DEBUG 23248 --- [gateway] [    Test worker] o.s.b.f.s.DefaultListableBeanFactory     : Autowiring by type from bean name 'jsonMixinModule' via factory method to bean named 'org.springframework.boot.web.reactive.context.GenericReactiveWebApplicationContext@4af46df3'
2024-11-08T17:16:55.489+09:00 DEBUG 23248 --- [gateway] [    Test worker] o.s.b.f.s.DefaultListableBeanFactory     : Autowiring by type from bean name 'jsonMixinModule' via factory method to bean named 'jsonMixinModuleEntries'
2024-11-08T17:16:55.490+09:00 DEBUG 23248 --- [gateway] [    Test worker] o.s.b.f.s.DefaultListableBeanFactory     : Creating shared instance of singleton bean 'jsonComponentModule'
2024-11-08T17:16:55.490+09:00 DEBUG 23248 --- [gateway] [    Test worker] o.s.b.f.s.DefaultListableBeanFactory     : Creating shared instance of singleton bean 'org.springframework.boot.autoconfigure.jackson.JacksonAutoConfiguration'
2024-11-08T17:16:55.494+09:00 DEBUG 23248 --- [gateway] [    Test worker] o.s.b.f.s.DefaultListableBeanFactory     : Creating shared instance of singleton bean 'org.springframework.boot.autoconfigure.jackson.JacksonAutoConfiguration$JacksonObjectMapperBuilderConfiguration'
2024-11-08T17:16:55.495+09:00 DEBUG 23248 --- [gateway] [    Test worker] o.s.b.f.s.DefaultListableBeanFactory     : Creating shared instance of singleton bean 'org.springframework.boot.autoconfigure.jackson.JacksonAutoConfiguration$JacksonObjectMapperConfiguration'
2024-11-08T17:16:55.495+09:00 DEBUG 23248 --- [gateway] [    Test worker] o.s.b.f.s.DefaultListableBeanFactory     : Creating shared instance of singleton bean 'jacksonObjectMapper'
2024-11-08T17:16:55.496+09:00 DEBUG 23248 --- [gateway] [    Test worker] o.s.b.f.s.DefaultListableBeanFactory     : Autowiring by type from bean name 'jacksonObjectMapperBuilder' via factory method to bean named 'org.springframework.boot.web.reactive.context.GenericReactiveWebApplicationContext@4af46df3'
2024-11-08T17:16:55.496+09:00 DEBUG 23248 --- [gateway] [    Test worker] o.s.b.f.s.DefaultListableBeanFactory     : Autowiring by type from bean name 'jacksonObjectMapperBuilder' via factory method to bean named 'standardJacksonObjectMapperBuilderCustomizer'
2024-11-08T17:16:55.499+09:00 DEBUG 23248 --- [gateway] [    Test worker] o.s.b.f.s.DefaultListableBeanFactory     : Autowiring by type from bean name 'jacksonObjectMapper' via factory method to bean named 'jacksonObjectMapperBuilder'
2024-11-08T17:16:55.506+09:00 DEBUG 23248 --- [gateway] [    Test worker] o.s.b.f.s.DefaultListableBeanFactory     : Creating shared instance of singleton bean 'org.springframework.boot.autoconfigure.http.codec.CodecsAutoConfiguration$DefaultCodecsConfiguration'
2024-11-08T17:16:55.507+09:00 DEBUG 23248 --- [gateway] [    Test worker] o.s.b.f.s.DefaultListableBeanFactory     : Creating shared instance of singleton bean 'defaultCodecCustomizer'
2024-11-08T17:16:55.508+09:00 DEBUG 23248 --- [gateway] [    Test worker] o.s.b.f.s.DefaultListableBeanFactory     : Creating shared instance of singleton bean 'spring.codec-org.springframework.boot.autoconfigure.codec.CodecProperties'
2024-11-08T17:16:55.509+09:00 DEBUG 23248 --- [gateway] [    Test worker] o.s.b.f.s.DefaultListableBeanFactory     : Autowiring by type from bean name 'defaultCodecCustomizer' via factory method to bean named 'spring.codec-org.springframework.boot.autoconfigure.codec.CodecProperties'
2024-11-08T17:16:55.509+09:00 DEBUG 23248 --- [gateway] [    Test worker] o.s.b.f.s.DefaultListableBeanFactory     : Creating shared instance of singleton bean 'org.springframework.boot.autoconfigure.http.codec.CodecsAutoConfiguration$JacksonCodecConfiguration'
2024-11-08T17:16:55.509+09:00 DEBUG 23248 --- [gateway] [    Test worker] o.s.b.f.s.DefaultListableBeanFactory     : Creating shared instance of singleton bean 'jacksonCodecCustomizer'
2024-11-08T17:16:55.510+09:00 DEBUG 23248 --- [gateway] [    Test worker] o.s.b.f.s.DefaultListableBeanFactory     : Autowiring by type from bean name 'jacksonCodecCustomizer' via factory method to bean named 'jacksonObjectMapper'
2024-11-08T17:16:55.512+09:00 DEBUG 23248 --- [gateway] [    Test worker] o.s.b.f.s.DefaultListableBeanFactory     : Creating shared instance of singleton bean 'org.springframework.boot.autoconfigure.http.codec.CodecsAutoConfiguration'
2024-11-08T17:16:55.512+09:00 DEBUG 23248 --- [gateway] [    Test worker] o.s.b.f.s.DefaultListableBeanFactory     : Creating shared instance of singleton bean 'org.springframework.boot.autoconfigure.validation.ValidationAutoConfiguration'
2024-11-08T17:16:55.513+09:00 DEBUG 23248 --- [gateway] [    Test worker] o.s.b.f.s.DefaultListableBeanFactory     : Creating shared instance of singleton bean 'defaultValidator'
2024-11-08T17:16:55.513+09:00 DEBUG 23248 --- [gateway] [    Test worker] o.s.b.f.s.DefaultListableBeanFactory     : Autowiring by type from bean name 'defaultValidator' via factory method to bean named 'org.springframework.boot.web.reactive.context.GenericReactiveWebApplicationContext@4af46df3'
2024-11-08T17:16:55.523+09:00 DEBUG 23248 --- [gateway] [    Test worker] o.s.b.f.s.DefaultListableBeanFactory     : Creating shared instance of singleton bean 'org.springframework.boot.autoconfigure.web.reactive.ReactiveMultipartAutoConfiguration'
2024-11-08T17:16:55.523+09:00 DEBUG 23248 --- [gateway] [    Test worker] o.s.b.f.s.DefaultListableBeanFactory     : Creating shared instance of singleton bean 'defaultPartHttpMessageReaderCustomizer'
2024-11-08T17:16:55.524+09:00 DEBUG 23248 --- [gateway] [    Test worker] o.s.b.f.s.DefaultListableBeanFactory     : Creating shared instance of singleton bean 'spring.webflux.multipart-org.springframework.boot.autoconfigure.web.reactive.ReactiveMultipartProperties'
2024-11-08T17:16:55.525+09:00 DEBUG 23248 --- [gateway] [    Test worker] o.s.b.f.s.DefaultListableBeanFactory     : Autowiring by type from bean name 'defaultPartHttpMessageReaderCustomizer' via factory method to bean named 'spring.webflux.multipart-org.springframework.boot.autoconfigure.web.reactive.ReactiveMultipartProperties'
2024-11-08T17:16:55.526+09:00 DEBUG 23248 --- [gateway] [    Test worker] o.s.b.f.s.DefaultListableBeanFactory     : Creating shared instance of singleton bean 'org.springframework.boot.autoconfigure.web.reactive.WebSessionIdResolverAutoConfiguration'
2024-11-08T17:16:55.526+09:00 DEBUG 23248 --- [gateway] [    Test worker] o.s.b.f.s.DefaultListableBeanFactory     : Autowiring by type from bean name 'org.springframework.boot.autoconfigure.web.reactive.WebSessionIdResolverAutoConfiguration' via constructor to bean named 'server-org.springframework.boot.autoconfigure.web.ServerProperties'
2024-11-08T17:16:55.526+09:00 DEBUG 23248 --- [gateway] [    Test worker] o.s.b.f.s.DefaultListableBeanFactory     : Autowiring by type from bean name 'org.springframework.boot.autoconfigure.web.reactive.WebSessionIdResolverAutoConfiguration' via constructor to bean named 'spring.webflux-org.springframework.boot.autoconfigure.web.reactive.WebFluxProperties'
2024-11-08T17:16:55.527+09:00 DEBUG 23248 --- [gateway] [    Test worker] o.s.b.f.s.DefaultListableBeanFactory     : Creating shared instance of singleton bean 'webSessionIdResolver'
2024-11-08T17:16:55.528+09:00 DEBUG 23248 --- [gateway] [    Test worker] o.s.b.f.s.DefaultListableBeanFactory     : Creating shared instance of singleton bean 'org.springframework.boot.autoconfigure.web.reactive.error.ErrorWebFluxAutoConfiguration'
2024-11-08T17:16:55.528+09:00 DEBUG 23248 --- [gateway] [    Test worker] o.s.b.f.s.DefaultListableBeanFactory     : Autowiring by type from bean name 'org.springframework.boot.autoconfigure.web.reactive.error.ErrorWebFluxAutoConfiguration' via constructor to bean named 'server-org.springframework.boot.autoconfigure.web.ServerProperties'
2024-11-08T17:16:55.528+09:00 DEBUG 23248 --- [gateway] [    Test worker] o.s.b.f.s.DefaultListableBeanFactory     : Creating shared instance of singleton bean 'errorWebExceptionHandler'
2024-11-08T17:16:55.529+09:00 DEBUG 23248 --- [gateway] [    Test worker] o.s.b.f.s.DefaultListableBeanFactory     : Creating shared instance of singleton bean 'errorAttributes'
2024-11-08T17:16:55.530+09:00 DEBUG 23248 --- [gateway] [    Test worker] o.s.b.f.s.DefaultListableBeanFactory     : Creating shared instance of singleton bean 'serverCodecConfigurer'
2024-11-08T17:16:55.589+09:00 DEBUG 23248 --- [gateway] [    Test worker] o.s.b.f.s.DefaultListableBeanFactory     : Autowiring by type from bean name 'errorWebExceptionHandler' via factory method to bean named 'errorAttributes'
2024-11-08T17:16:55.589+09:00 DEBUG 23248 --- [gateway] [    Test worker] o.s.b.f.s.DefaultListableBeanFactory     : Autowiring by type from bean name 'errorWebExceptionHandler' via factory method to bean named 'spring.web-org.springframework.boot.autoconfigure.web.WebProperties'
2024-11-08T17:16:55.589+09:00 DEBUG 23248 --- [gateway] [    Test worker] o.s.b.f.s.DefaultListableBeanFactory     : Autowiring by type from bean name 'errorWebExceptionHandler' via factory method to bean named 'serverCodecConfigurer'
2024-11-08T17:16:55.589+09:00 DEBUG 23248 --- [gateway] [    Test worker] o.s.b.f.s.DefaultListableBeanFactory     : Autowiring by type from bean name 'errorWebExceptionHandler' via factory method to bean named 'org.springframework.boot.web.reactive.context.GenericReactiveWebApplicationContext@4af46df3'
2024-11-08T17:16:55.597+09:00 DEBUG 23248 --- [gateway] [    Test worker] o.s.b.f.s.DefaultListableBeanFactory     : Creating shared instance of singleton bean 'org.springframework.cloud.gateway.config.GatewayClassPathWarningAutoConfiguration'
2024-11-08T17:16:55.597+09:00 DEBUG 23248 --- [gateway] [    Test worker] o.s.b.f.s.DefaultListableBeanFactory     : Creating shared instance of singleton bean 'org.springframework.cloud.client.discovery.composite.CompositeDiscoveryClientAutoConfiguration'
2024-11-08T17:16:55.598+09:00 DEBUG 23248 --- [gateway] [    Test worker] o.s.b.f.s.DefaultListableBeanFactory     : Creating shared instance of singleton bean 'compositeDiscoveryClient'
2024-11-08T17:16:55.598+09:00 DEBUG 23248 --- [gateway] [    Test worker] o.s.b.f.s.DefaultListableBeanFactory     : Creating shared instance of singleton bean 'simpleDiscoveryClient'
2024-11-08T17:16:55.598+09:00 DEBUG 23248 --- [gateway] [    Test worker] o.s.b.f.s.DefaultListableBeanFactory     : Creating shared instance of singleton bean 'org.springframework.cloud.client.discovery.simple.SimpleDiscoveryClientAutoConfiguration'
2024-11-08T17:16:55.600+09:00 DEBUG 23248 --- [gateway] [    Test worker] o.s.b.f.s.DefaultListableBeanFactory     : Creating shared instance of singleton bean 'inetUtils'
2024-11-08T17:16:55.600+09:00 DEBUG 23248 --- [gateway] [    Test worker] o.s.b.f.s.DefaultListableBeanFactory     : Creating shared instance of singleton bean 'org.springframework.cloud.commons.util.UtilAutoConfiguration'
2024-11-08T17:16:55.601+09:00 DEBUG 23248 --- [gateway] [    Test worker] o.s.b.f.s.DefaultListableBeanFactory     : Creating shared instance of singleton bean 'inetUtilsProperties'
2024-11-08T17:16:55.603+09:00 DEBUG 23248 --- [gateway] [    Test worker] o.s.b.f.s.DefaultListableBeanFactory     : Autowiring by type from bean name 'inetUtils' via factory method to bean named 'inetUtilsProperties'
2024-11-08T17:16:55.603+09:00 DEBUG 23248 --- [gateway] [    Test worker] o.s.b.f.s.DefaultListableBeanFactory     : Creating shared instance of singleton bean 'simpleDiscoveryProperties'
2024-11-08T17:16:55.604+09:00 DEBUG 23248 --- [gateway] [    Test worker] o.s.c.e.PropertySourcesPropertyResolver  : Found key 'spring.application.name' in PropertySource 'environmentProperties' with value of type String
2024-11-08T17:16:55.731+09:00 DEBUG 23248 --- [gateway] [    Test worker] o.s.b.f.s.DefaultListableBeanFactory     : Autowiring by type from bean name 'simpleDiscoveryClient' via factory method to bean named 'simpleDiscoveryProperties'
2024-11-08T17:16:55.732+09:00 DEBUG 23248 --- [gateway] [    Test worker] o.s.b.f.s.DefaultListableBeanFactory     : Autowiring by type from bean name 'compositeDiscoveryClient' via factory method to bean named 'simpleDiscoveryClient'
2024-11-08T17:16:55.734+09:00 DEBUG 23248 --- [gateway] [    Test worker] o.s.b.f.s.DefaultListableBeanFactory     : Creating shared instance of singleton bean 'org.springframework.cloud.gateway.discovery.GatewayDiscoveryClientAutoConfiguration$ReactiveDiscoveryClientRouteDefinitionLocatorConfiguration'
2024-11-08T17:16:55.734+09:00 DEBUG 23248 --- [gateway] [    Test worker] o.s.b.f.s.DefaultListableBeanFactory     : Creating shared instance of singleton bean 'org.springframework.cloud.gateway.discovery.GatewayDiscoveryClientAutoConfiguration'
2024-11-08T17:16:55.735+09:00 DEBUG 23248 --- [gateway] [    Test worker] o.s.b.f.s.DefaultListableBeanFactory     : Creating shared instance of singleton bean 'discoveryLocatorProperties'
2024-11-08T17:16:55.737+09:00 DEBUG 23248 --- [gateway] [    Test worker] o.s.b.f.s.DefaultListableBeanFactory     : Creating shared instance of singleton bean 'org.springframework.cloud.gateway.config.GatewayAutoConfiguration$NettyConfiguration'
2024-11-08T17:16:55.737+09:00 DEBUG 23248 --- [gateway] [    Test worker] o.s.b.f.s.DefaultListableBeanFactory     : Creating shared instance of singleton bean 'httpClientSslConfigurer'
2024-11-08T17:16:55.738+09:00 DEBUG 23248 --- [gateway] [    Test worker] o.s.b.f.s.DefaultListableBeanFactory     : Creating shared instance of singleton bean 'httpClientProperties'
2024-11-08T17:16:55.786+09:00 DEBUG 23248 --- [gateway] [    Test worker] o.s.b.f.s.DefaultListableBeanFactory     : Autowiring by type from bean name 'httpClientSslConfigurer' via factory method to bean named 'server-org.springframework.boot.autoconfigure.web.ServerProperties'
2024-11-08T17:16:55.786+09:00 DEBUG 23248 --- [gateway] [    Test worker] o.s.b.f.s.DefaultListableBeanFactory     : Autowiring by type from bean name 'httpClientSslConfigurer' via factory method to bean named 'httpClientProperties'
2024-11-08T17:16:55.789+09:00 DEBUG 23248 --- [gateway] [    Test worker] o.s.b.f.s.DefaultListableBeanFactory     : Creating shared instance of singleton bean 'gatewayHttpClientFactory'
2024-11-08T17:16:55.790+09:00 DEBUG 23248 --- [gateway] [    Test worker] o.s.b.f.s.DefaultListableBeanFactory     : Autowiring by type from bean name 'gatewayHttpClientFactory' via factory method to bean named 'httpClientProperties'
2024-11-08T17:16:55.790+09:00 DEBUG 23248 --- [gateway] [    Test worker] o.s.b.f.s.DefaultListableBeanFactory     : Autowiring by type from bean name 'gatewayHttpClientFactory' via factory method to bean named 'server-org.springframework.boot.autoconfigure.web.ServerProperties'
2024-11-08T17:16:55.790+09:00 DEBUG 23248 --- [gateway] [    Test worker] o.s.b.f.s.DefaultListableBeanFactory     : Autowiring by type from bean name 'gatewayHttpClientFactory' via factory method to bean named 'httpClientSslConfigurer'
2024-11-08T17:16:55.883+09:00 DEBUG 23248 --- [gateway] [    Test worker] o.s.b.f.s.DefaultListableBeanFactory     : Creating shared instance of singleton bean 'routingFilter'
2024-11-08T17:16:55.884+09:00 DEBUG 23248 --- [gateway] [    Test worker] o.s.b.f.s.DefaultListableBeanFactory     : Autowiring by type from bean name 'routingFilter' via factory method to bean named 'gatewayHttpClientFactory'
2024-11-08T17:16:55.884+09:00 DEBUG 23248 --- [gateway] [    Test worker] o.s.b.f.s.DefaultListableBeanFactory     : Autowiring by type from bean name 'routingFilter' via factory method to bean named 'httpClientProperties'
2024-11-08T17:16:55.886+09:00 DEBUG 23248 --- [gateway] [    Test worker] o.s.b.f.s.DefaultListableBeanFactory     : Creating shared instance of singleton bean 'nettyWriteResponseFilter'
2024-11-08T17:16:55.886+09:00 DEBUG 23248 --- [gateway] [    Test worker] o.s.b.f.s.DefaultListableBeanFactory     : Creating shared instance of singleton bean 'gatewayProperties'
2024-11-08T17:16:55.886+09:00 DEBUG 23248 --- [gateway] [    Test worker] o.s.b.f.s.DefaultListableBeanFactory     : Creating shared instance of singleton bean 'org.springframework.cloud.gateway.config.GatewayAutoConfiguration'
2024-11-08T17:16:55.960+09:00 DEBUG 23248 --- [gateway] [    Test worker] o.s.c.gateway.config.GatewayProperties   : Routes supplied from Gateway Properties: [RouteDefinition{id='auth-service', predicates=[PredicateDefinition{name='Path', args={_genkey_0=/api/v1/login/**}}], filters=[], uri=http://localhost:8081, order=0, metadata={}}, RouteDefinition{id='members-service', predicates=[PredicateDefinition{name='Path', args={_genkey_0=/api/v1/members/**}}], filters=[], uri=http://localhost:8081, order=0, metadata={}}, RouteDefinition{id='teams-service', predicates=[PredicateDefinition{name='Path', args={_genkey_0=/api/v1/teams/**}}], filters=[], uri=http://localhost:8082, order=0, metadata={}}, RouteDefinition{id='team-stats-service', predicates=[PredicateDefinition{name='Path', args={_genkey_0=/api/v1/team/stats/**}}], filters=[], uri=http://localhost:8082, order=0, metadata={}}, RouteDefinition{id='stats-service', predicates=[PredicateDefinition{name='Path', args={_genkey_0=/api/v1/stats/**}}], filters=[], uri=http://localhost:8082, order=0, metadata={}}, RouteDefinition{id='songs-service', predicates=[PredicateDefinition{name='Path', args={_genkey_0=/api/v1/songs/**}}], filters=[], uri=http://localhost:8082, order=0, metadata={}}, RouteDefinition{id='records-service', predicates=[PredicateDefinition{name='Path', args={_genkey_0=/api/v1/records/**}}], filters=[], uri=http://localhost:8082, order=0, metadata={}}, RouteDefinition{id='ranks-service', predicates=[PredicateDefinition{name='Path', args={_genkey_0=/api/v1/ranks/**}}], filters=[], uri=http://localhost:8082, order=0, metadata={}}, RouteDefinition{id='players-service', predicates=[PredicateDefinition{name='Path', args={_genkey_0=/api/v1/players/**}}], filters=[], uri=http://localhost:8082, order=0, metadata={}}, RouteDefinition{id='lineup-service', predicates=[PredicateDefinition{name='Path', args={_genkey_0=/api/v1/lineup/**}}], filters=[], uri=http://localhost:8082, order=0, metadata={}}, RouteDefinition{id='highlights-service', predicates=[PredicateDefinition{name='Path', args={_genkey_0=/api/v1/highlights/**}}], filters=[], uri=http://localhost:8082, order=0, metadata={}}, RouteDefinition{id='games-service', predicates=[PredicateDefinition{name='Path', args={_genkey_0=/api/v1/games/**}}], filters=[], uri=http://localhost:8082, order=0, metadata={}}, RouteDefinition{id='cards-service', predicates=[PredicateDefinition{name='Path', args={_genkey_0=/api/v1/cards/**}}], filters=[], uri=http://localhost:8083, order=0, metadata={}}, RouteDefinition{id='purchase-service', predicates=[PredicateDefinition{name='Path', args={_genkey_0=/api/v1/purchase/**}}], filters=[], uri=http://localhost:8083, order=0, metadata={}}, RouteDefinition{id='recommend-service', predicates=[PredicateDefinition{name='Path', args={_genkey_0=/api/v1/recommend/**}}], filters=[], uri=http://localhost:8084, order=0, metadata={}}, RouteDefinition{id='check-mileage-service', predicates=[PredicateDefinition{name='Path', args={_genkey_0=/api/v1/check-mileage/**}}], filters=[], uri=http://localhost:8085, order=0, metadata={}}, RouteDefinition{id='ticket-service', predicates=[PredicateDefinition{name='Path', args={_genkey_0=/api/v1/ticket/**}}], filters=[], uri=http://localhost:8086, order=0, metadata={}}]
2024-11-08T17:16:55.965+09:00 DEBUG 23248 --- [gateway] [    Test worker] o.s.b.f.s.DefaultListableBeanFactory     : Autowiring by type from bean name 'nettyWriteResponseFilter' via factory method to bean named 'gatewayProperties'
2024-11-08T17:16:55.966+09:00 DEBUG 23248 --- [gateway] [    Test worker] o.s.b.f.s.DefaultListableBeanFactory     : Creating shared instance of singleton bean 'reactorNettyWebSocketClient'
2024-11-08T17:16:55.966+09:00 DEBUG 23248 --- [gateway] [    Test worker] o.s.b.f.s.DefaultListableBeanFactory     : Autowiring by type from bean name 'reactorNettyWebSocketClient' via factory method to bean named 'httpClientProperties'
2024-11-08T17:16:55.966+09:00 DEBUG 23248 --- [gateway] [    Test worker] o.s.b.f.s.DefaultListableBeanFactory     : Autowiring by type from bean name 'reactorNettyWebSocketClient' via factory method to bean named 'gatewayHttpClientFactory'
2024-11-08T17:16:55.968+09:00 DEBUG 23248 --- [gateway] [    Test worker] o.s.b.f.s.DefaultListableBeanFactory     : Creating shared instance of singleton bean 'reactorNettyRequestUpgradeStrategy'
2024-11-08T17:16:55.969+09:00 DEBUG 23248 --- [gateway] [    Test worker] o.s.b.f.s.DefaultListableBeanFactory     : Autowiring by type from bean name 'reactorNettyRequestUpgradeStrategy' via factory method to bean named 'httpClientProperties'
2024-11-08T17:16:55.971+09:00 DEBUG 23248 --- [gateway] [    Test worker] o.s.b.f.s.DefaultListableBeanFactory     : Creating shared instance of singleton bean 'stringToZonedDateTimeConverter'
2024-11-08T17:16:55.972+09:00 DEBUG 23248 --- [gateway] [    Test worker] o.s.b.f.s.DefaultListableBeanFactory     : Creating shared instance of singleton bean 'deprecatedKeyValueConverter'
2024-11-08T17:16:55.973+09:00 DEBUG 23248 --- [gateway] [    Test worker] o.s.b.f.s.DefaultListableBeanFactory     : Creating shared instance of singleton bean 'keyValueConverter'
2024-11-08T17:16:55.973+09:00 DEBUG 23248 --- [gateway] [    Test worker] o.s.b.f.s.DefaultListableBeanFactory     : Creating shared instance of singleton bean 'routeLocatorBuilder'
2024-11-08T17:16:55.973+09:00 DEBUG 23248 --- [gateway] [    Test worker] o.s.b.f.s.DefaultListableBeanFactory     : Autowiring by type from bean name 'routeLocatorBuilder' via factory method to bean named 'org.springframework.boot.web.reactive.context.GenericReactiveWebApplicationContext@4af46df3'
2024-11-08T17:16:55.974+09:00 DEBUG 23248 --- [gateway] [    Test worker] o.s.b.f.s.DefaultListableBeanFactory     : Creating shared instance of singleton bean 'propertiesRouteDefinitionLocator'
2024-11-08T17:16:55.974+09:00 DEBUG 23248 --- [gateway] [    Test worker] o.s.b.f.s.DefaultListableBeanFactory     : Autowiring by type from bean name 'propertiesRouteDefinitionLocator' via factory method to bean named 'gatewayProperties'
2024-11-08T17:16:55.975+09:00 DEBUG 23248 --- [gateway] [    Test worker] o.s.b.f.s.DefaultListableBeanFactory     : Creating shared instance of singleton bean 'inMemoryRouteDefinitionRepository'
2024-11-08T17:16:55.975+09:00 DEBUG 23248 --- [gateway] [    Test worker] o.s.b.f.s.DefaultListableBeanFactory     : Creating shared instance of singleton bean 'routeDefinitionLocator'
2024-11-08T17:16:55.976+09:00 DEBUG 23248 --- [gateway] [    Test worker] o.s.b.f.s.DefaultListableBeanFactory     : Autowiring by type from bean name 'routeDefinitionLocator' via factory method to bean named 'propertiesRouteDefinitionLocator'
2024-11-08T17:16:55.976+09:00 DEBUG 23248 --- [gateway] [    Test worker] o.s.b.f.s.DefaultListableBeanFactory     : Autowiring by type from bean name 'routeDefinitionLocator' via factory method to bean named 'inMemoryRouteDefinitionRepository'
2024-11-08T17:16:55.978+09:00 DEBUG 23248 --- [gateway] [    Test worker] o.s.b.f.s.DefaultListableBeanFactory     : Creating shared instance of singleton bean 'gatewayConfigurationService'
2024-11-08T17:16:55.978+09:00 DEBUG 23248 --- [gateway] [    Test worker] o.s.b.f.s.DefaultListableBeanFactory     : Autowiring by type from bean name 'gatewayConfigurationService' via factory method to bean named 'org.springframework.beans.factory.support.DefaultListableBeanFactory@592238c5'
2024-11-08T17:16:55.979+09:00 DEBUG 23248 --- [gateway] [    Test worker] o.s.b.f.s.DefaultListableBeanFactory     : Creating shared instance of singleton bean 'routeDefinitionRouteLocator'
2024-11-08T17:16:55.980+09:00 DEBUG 23248 --- [gateway] [    Test worker] o.s.b.f.s.DefaultListableBeanFactory     : Creating shared instance of singleton bean 'addRequestHeaderGatewayFilterFactory'
2024-11-08T17:16:55.981+09:00 DEBUG 23248 --- [gateway] [    Test worker] o.s.b.f.s.DefaultListableBeanFactory     : Creating shared instance of singleton bean 'addRequestHeadersIfNotPresentGatewayFilterFactory'
2024-11-08T17:16:55.982+09:00 DEBUG 23248 --- [gateway] [    Test worker] o.s.b.f.s.DefaultListableBeanFactory     : Creating shared instance of singleton bean 'mapRequestHeaderGatewayFilterFactory'
2024-11-08T17:16:55.983+09:00 DEBUG 23248 --- [gateway] [    Test worker] o.s.b.f.s.DefaultListableBeanFactory     : Creating shared instance of singleton bean 'addRequestParameterGatewayFilterFactory'
2024-11-08T17:16:55.984+09:00 DEBUG 23248 --- [gateway] [    Test worker] o.s.b.f.s.DefaultListableBeanFactory     : Creating shared instance of singleton bean 'addResponseHeaderGatewayFilterFactory'
2024-11-08T17:16:55.984+09:00 DEBUG 23248 --- [gateway] [    Test worker] o.s.b.f.s.DefaultListableBeanFactory     : Creating shared instance of singleton bean 'modifyRequestBodyGatewayFilterFactory'
2024-11-08T17:16:55.984+09:00 DEBUG 23248 --- [gateway] [    Test worker] o.s.b.f.s.DefaultListableBeanFactory     : Autowiring by type from bean name 'modifyRequestBodyGatewayFilterFactory' via factory method to bean named 'serverCodecConfigurer'
2024-11-08T17:16:55.986+09:00 DEBUG 23248 --- [gateway] [    Test worker] o.s.b.f.s.DefaultListableBeanFactory     : Creating shared instance of singleton bean 'dedupeResponseHeaderGatewayFilterFactory'
2024-11-08T17:16:55.987+09:00 DEBUG 23248 --- [gateway] [    Test worker] o.s.b.f.s.DefaultListableBeanFactory     : Creating shared instance of singleton bean 'modifyResponseBodyGatewayFilterFactory'
2024-11-08T17:16:55.987+09:00 DEBUG 23248 --- [gateway] [    Test worker] o.s.b.f.s.DefaultListableBeanFactory     : Creating shared instance of singleton bean 'gzipMessageBodyResolver'
2024-11-08T17:16:55.988+09:00 DEBUG 23248 --- [gateway] [    Test worker] o.s.b.f.s.DefaultListableBeanFactory     : Autowiring by type from bean name 'modifyResponseBodyGatewayFilterFactory' via factory method to bean named 'serverCodecConfigurer'
2024-11-08T17:16:55.988+09:00 DEBUG 23248 --- [gateway] [    Test worker] o.s.b.f.s.DefaultListableBeanFactory     : Autowiring by type from bean name 'modifyResponseBodyGatewayFilterFactory' via factory method to bean named 'gzipMessageBodyResolver'
2024-11-08T17:16:55.989+09:00 DEBUG 23248 --- [gateway] [    Test worker] o.s.b.f.s.DefaultListableBeanFactory     : Creating shared instance of singleton bean 'cacheRequestBodyGatewayFilterFactory'
2024-11-08T17:16:55.989+09:00 DEBUG 23248 --- [gateway] [    Test worker] o.s.b.f.s.DefaultListableBeanFactory     : Autowiring by type from bean name 'cacheRequestBodyGatewayFilterFactory' via factory method to bean named 'serverCodecConfigurer'
2024-11-08T17:16:55.990+09:00 DEBUG 23248 --- [gateway] [    Test worker] o.s.b.f.s.DefaultListableBeanFactory     : Creating shared instance of singleton bean 'prefixPathGatewayFilterFactory'
2024-11-08T17:16:55.991+09:00 DEBUG 23248 --- [gateway] [    Test worker] o.s.b.f.s.DefaultListableBeanFactory     : Creating shared instance of singleton bean 'preserveHostHeaderGatewayFilterFactory'
2024-11-08T17:16:55.991+09:00 DEBUG 23248 --- [gateway] [    Test worker] o.s.b.f.s.DefaultListableBeanFactory     : Creating shared instance of singleton bean 'redirectToGatewayFilterFactory'
2024-11-08T17:16:55.992+09:00 DEBUG 23248 --- [gateway] [    Test worker] o.s.b.f.s.DefaultListableBeanFactory     : Creating shared instance of singleton bean 'removeJsonAttributesResponseBodyGatewayFilterFactory'
2024-11-08T17:16:55.992+09:00 DEBUG 23248 --- [gateway] [    Test worker] o.s.b.f.s.DefaultListableBeanFactory     : Autowiring by type from bean name 'removeJsonAttributesResponseBodyGatewayFilterFactory' via factory method to bean named 'serverCodecConfigurer'
2024-11-08T17:16:55.992+09:00 DEBUG 23248 --- [gateway] [    Test worker] o.s.b.f.s.DefaultListableBeanFactory     : Autowiring by type from bean name 'removeJsonAttributesResponseBodyGatewayFilterFactory' via factory method to bean named 'gzipMessageBodyResolver'
2024-11-08T17:16:55.994+09:00 DEBUG 23248 --- [gateway] [    Test worker] o.s.b.f.s.DefaultListableBeanFactory     : Creating shared instance of singleton bean 'removeRequestHeaderGatewayFilterFactory'
2024-11-08T17:16:55.994+09:00 DEBUG 23248 --- [gateway] [    Test worker] o.s.b.f.s.DefaultListableBeanFactory     : Creating shared instance of singleton bean 'removeRequestParameterGatewayFilterFactory'
2024-11-08T17:16:55.995+09:00 DEBUG 23248 --- [gateway] [    Test worker] o.s.b.f.s.DefaultListableBeanFactory     : Creating shared instance of singleton bean 'removeResponseHeaderGatewayFilterFactory'
2024-11-08T17:16:55.996+09:00 DEBUG 23248 --- [gateway] [    Test worker] o.s.b.f.s.DefaultListableBeanFactory     : Creating shared instance of singleton bean 'rewritePathGatewayFilterFactory'
2024-11-08T17:16:55.996+09:00 DEBUG 23248 --- [gateway] [    Test worker] o.s.b.f.s.DefaultListableBeanFactory     : Creating shared instance of singleton bean 'retryGatewayFilterFactory'
2024-11-08T17:16:56.001+09:00 DEBUG 23248 --- [gateway] [    Test worker] o.s.b.f.s.DefaultListableBeanFactory     : Creating shared instance of singleton bean 'setPathGatewayFilterFactory'
2024-11-08T17:16:56.002+09:00 DEBUG 23248 --- [gateway] [    Test worker] o.s.b.f.s.DefaultListableBeanFactory     : Creating shared instance of singleton bean 'secureHeadersGatewayFilterFactory'
2024-11-08T17:16:56.002+09:00 DEBUG 23248 --- [gateway] [    Test worker] o.s.b.f.s.DefaultListableBeanFactory     : Creating shared instance of singleton bean 'secureHeadersProperties'
2024-11-08T17:16:56.003+09:00 DEBUG 23248 --- [gateway] [    Test worker] o.s.b.f.s.DefaultListableBeanFactory     : Autowiring by type from bean name 'secureHeadersGatewayFilterFactory' via factory method to bean named 'secureHeadersProperties'
2024-11-08T17:16:56.003+09:00 DEBUG 23248 --- [gateway] [    Test worker] o.s.b.f.s.DefaultListableBeanFactory     : Creating shared instance of singleton bean 'setRequestHeaderGatewayFilterFactory'
2024-11-08T17:16:56.003+09:00 DEBUG 23248 --- [gateway] [    Test worker] o.s.b.f.s.DefaultListableBeanFactory     : Creating shared instance of singleton bean 'setRequestHostHeaderGatewayFilterFactory'
2024-11-08T17:16:56.003+09:00 DEBUG 23248 --- [gateway] [    Test worker] o.s.b.f.s.DefaultListableBeanFactory     : Creating shared instance of singleton bean 'setResponseHeaderGatewayFilterFactory'
2024-11-08T17:16:56.003+09:00 DEBUG 23248 --- [gateway] [    Test worker] o.s.b.f.s.DefaultListableBeanFactory     : Creating shared instance of singleton bean 'rewriteResponseHeaderGatewayFilterFactory'
2024-11-08T17:16:56.003+09:00 DEBUG 23248 --- [gateway] [    Test worker] o.s.b.f.s.DefaultListableBeanFactory     : Creating shared instance of singleton bean 'rewriteLocationResponseHeaderGatewayFilterFactory'
2024-11-08T17:16:56.008+09:00 DEBUG 23248 --- [gateway] [    Test worker] o.s.b.f.s.DefaultListableBeanFactory     : Creating shared instance of singleton bean 'setStatusGatewayFilterFactory'
2024-11-08T17:16:56.008+09:00 DEBUG 23248 --- [gateway] [    Test worker] o.s.b.f.s.DefaultListableBeanFactory     : Creating shared instance of singleton bean 'saveSessionGatewayFilterFactory'
2024-11-08T17:16:56.008+09:00 DEBUG 23248 --- [gateway] [    Test worker] o.s.b.f.s.DefaultListableBeanFactory     : Creating shared instance of singleton bean 'stripPrefixGatewayFilterFactory'
2024-11-08T17:16:56.008+09:00 DEBUG 23248 --- [gateway] [    Test worker] o.s.b.f.s.DefaultListableBeanFactory     : Creating shared instance of singleton bean 'requestHeaderToRequestUriGatewayFilterFactory'
2024-11-08T17:16:56.013+09:00 DEBUG 23248 --- [gateway] [    Test worker] o.s.b.f.s.DefaultListableBeanFactory     : Creating shared instance of singleton bean 'requestSizeGatewayFilterFactory'
2024-11-08T17:16:56.014+09:00 DEBUG 23248 --- [gateway] [    Test worker] o.s.b.f.s.DefaultListableBeanFactory     : Creating shared instance of singleton bean 'requestHeaderSizeGatewayFilterFactory'
2024-11-08T17:16:56.015+09:00 DEBUG 23248 --- [gateway] [    Test worker] o.s.b.f.s.DefaultListableBeanFactory     : Creating shared instance of singleton bean 'rewriteRequestParameterGatewayFilterFactory'
2024-11-08T17:16:56.017+09:00 DEBUG 23248 --- [gateway] [    Test worker] o.s.b.f.s.DefaultListableBeanFactory     : Creating shared instance of singleton bean 'afterRoutePredicateFactory'
2024-11-08T17:16:56.019+09:00 DEBUG 23248 --- [gateway] [    Test worker] o.s.b.f.s.DefaultListableBeanFactory     : Creating shared instance of singleton bean 'beforeRoutePredicateFactory'
2024-11-08T17:16:56.019+09:00 DEBUG 23248 --- [gateway] [    Test worker] o.s.b.f.s.DefaultListableBeanFactory     : Creating shared instance of singleton bean 'betweenRoutePredicateFactory'
2024-11-08T17:16:56.020+09:00 DEBUG 23248 --- [gateway] [    Test worker] o.s.b.f.s.DefaultListableBeanFactory     : Creating shared instance of singleton bean 'cookieRoutePredicateFactory'
2024-11-08T17:16:56.021+09:00 DEBUG 23248 --- [gateway] [    Test worker] o.s.b.f.s.DefaultListableBeanFactory     : Creating shared instance of singleton bean 'headerRoutePredicateFactory'
2024-11-08T17:16:56.021+09:00 DEBUG 23248 --- [gateway] [    Test worker] o.s.b.f.s.DefaultListableBeanFactory     : Creating shared instance of singleton bean 'hostRoutePredicateFactory'
2024-11-08T17:16:56.021+09:00 DEBUG 23248 --- [gateway] [    Test worker] o.s.b.f.s.DefaultListableBeanFactory     : Autowiring by type from bean name 'hostRoutePredicateFactory' via factory method to bean named 'environment'
2024-11-08T17:16:56.022+09:00 DEBUG 23248 --- [gateway] [    Test worker] o.s.b.f.s.DefaultListableBeanFactory     : Creating shared instance of singleton bean 'methodRoutePredicateFactory'
2024-11-08T17:16:56.023+09:00 DEBUG 23248 --- [gateway] [    Test worker] o.s.b.f.s.DefaultListableBeanFactory     : Creating shared instance of singleton bean 'pathRoutePredicateFactory'
2024-11-08T17:16:56.024+09:00 DEBUG 23248 --- [gateway] [    Test worker] o.s.b.f.s.DefaultListableBeanFactory     : Creating shared instance of singleton bean 'queryRoutePredicateFactory'
2024-11-08T17:16:56.024+09:00 DEBUG 23248 --- [gateway] [    Test worker] o.s.b.f.s.DefaultListableBeanFactory     : Creating shared instance of singleton bean 'readBodyPredicateFactory'
2024-11-08T17:16:56.025+09:00 DEBUG 23248 --- [gateway] [    Test worker] o.s.b.f.s.DefaultListableBeanFactory     : Autowiring by type from bean name 'readBodyPredicateFactory' via factory method to bean named 'serverCodecConfigurer'
2024-11-08T17:16:56.026+09:00 DEBUG 23248 --- [gateway] [    Test worker] o.s.b.f.s.DefaultListableBeanFactory     : Creating shared instance of singleton bean 'remoteAddrRoutePredicateFactory'
2024-11-08T17:16:56.026+09:00 DEBUG 23248 --- [gateway] [    Test worker] o.s.b.f.s.DefaultListableBeanFactory     : Creating shared instance of singleton bean 'xForwardedRemoteAddrRoutePredicateFactory'
2024-11-08T17:16:56.027+09:00 DEBUG 23248 --- [gateway] [    Test worker] o.s.b.f.s.DefaultListableBeanFactory     : Creating shared instance of singleton bean 'weightCalculatorWebFilter'
2024-11-08T17:16:56.028+09:00 DEBUG 23248 --- [gateway] [    Test worker] o.s.b.f.s.DefaultListableBeanFactory     : Autowiring by type from bean name 'weightCalculatorWebFilter' via factory method to bean named 'gatewayConfigurationService'
2024-11-08T17:16:56.029+09:00 DEBUG 23248 --- [gateway] [    Test worker] o.s.b.f.s.DefaultListableBeanFactory     : Creating shared instance of singleton bean 'weightRoutePredicateFactory'
2024-11-08T17:16:56.030+09:00 DEBUG 23248 --- [gateway] [    Test worker] o.s.b.f.s.DefaultListableBeanFactory     : Creating shared instance of singleton bean 'cloudFoundryRouteServiceRoutePredicateFactory'
2024-11-08T17:16:56.030+09:00 DEBUG 23248 --- [gateway] [    Test worker] o.s.b.f.s.DefaultListableBeanFactory     : Autowiring by type from bean name 'routeDefinitionRouteLocator' via factory method to bean named 'gatewayProperties'
2024-11-08T17:16:56.030+09:00 DEBUG 23248 --- [gateway] [    Test worker] o.s.b.f.s.DefaultListableBeanFactory     : Autowiring by type from bean name 'routeDefinitionRouteLocator' via factory method to bean named 'addRequestHeaderGatewayFilterFactory'
2024-11-08T17:16:56.030+09:00 DEBUG 23248 --- [gateway] [    Test worker] o.s.b.f.s.DefaultListableBeanFactory     : Autowiring by type from bean name 'routeDefinitionRouteLocator' via factory method to bean named 'addRequestHeadersIfNotPresentGatewayFilterFactory'
2024-11-08T17:16:56.030+09:00 DEBUG 23248 --- [gateway] [    Test worker] o.s.b.f.s.DefaultListableBeanFactory     : Autowiring by type from bean name 'routeDefinitionRouteLocator' via factory method to bean named 'mapRequestHeaderGatewayFilterFactory'
2024-11-08T17:16:56.030+09:00 DEBUG 23248 --- [gateway] [    Test worker] o.s.b.f.s.DefaultListableBeanFactory     : Autowiring by type from bean name 'routeDefinitionRouteLocator' via factory method to bean named 'addRequestParameterGatewayFilterFactory'
2024-11-08T17:16:56.030+09:00 DEBUG 23248 --- [gateway] [    Test worker] o.s.b.f.s.DefaultListableBeanFactory     : Autowiring by type from bean name 'routeDefinitionRouteLocator' via factory method to bean named 'addResponseHeaderGatewayFilterFactory'
2024-11-08T17:16:56.031+09:00 DEBUG 23248 --- [gateway] [    Test worker] o.s.b.f.s.DefaultListableBeanFactory     : Autowiring by type from bean name 'routeDefinitionRouteLocator' via factory method to bean named 'modifyRequestBodyGatewayFilterFactory'
2024-11-08T17:16:56.031+09:00 DEBUG 23248 --- [gateway] [    Test worker] o.s.b.f.s.DefaultListableBeanFactory     : Autowiring by type from bean name 'routeDefinitionRouteLocator' via factory method to bean named 'dedupeResponseHeaderGatewayFilterFactory'
2024-11-08T17:16:56.031+09:00 DEBUG 23248 --- [gateway] [    Test worker] o.s.b.f.s.DefaultListableBeanFactory     : Autowiring by type from bean name 'routeDefinitionRouteLocator' via factory method to bean named 'modifyResponseBodyGatewayFilterFactory'
2024-11-08T17:16:56.031+09:00 DEBUG 23248 --- [gateway] [    Test worker] o.s.b.f.s.DefaultListableBeanFactory     : Autowiring by type from bean name 'routeDefinitionRouteLocator' via factory method to bean named 'cacheRequestBodyGatewayFilterFactory'
2024-11-08T17:16:56.031+09:00 DEBUG 23248 --- [gateway] [    Test worker] o.s.b.f.s.DefaultListableBeanFactory     : Autowiring by type from bean name 'routeDefinitionRouteLocator' via factory method to bean named 'prefixPathGatewayFilterFactory'
2024-11-08T17:16:56.031+09:00 DEBUG 23248 --- [gateway] [    Test worker] o.s.b.f.s.DefaultListableBeanFactory     : Autowiring by type from bean name 'routeDefinitionRouteLocator' via factory method to bean named 'preserveHostHeaderGatewayFilterFactory'
2024-11-08T17:16:56.031+09:00 DEBUG 23248 --- [gateway] [    Test worker] o.s.b.f.s.DefaultListableBeanFactory     : Autowiring by type from bean name 'routeDefinitionRouteLocator' via factory method to bean named 'redirectToGatewayFilterFactory'
2024-11-08T17:16:56.031+09:00 DEBUG 23248 --- [gateway] [    Test worker] o.s.b.f.s.DefaultListableBeanFactory     : Autowiring by type from bean name 'routeDefinitionRouteLocator' via factory method to bean named 'removeJsonAttributesResponseBodyGatewayFilterFactory'
2024-11-08T17:16:56.031+09:00 DEBUG 23248 --- [gateway] [    Test worker] o.s.b.f.s.DefaultListableBeanFactory     : Autowiring by type from bean name 'routeDefinitionRouteLocator' via factory method to bean named 'removeRequestHeaderGatewayFilterFactory'
2024-11-08T17:16:56.031+09:00 DEBUG 23248 --- [gateway] [    Test worker] o.s.b.f.s.DefaultListableBeanFactory     : Autowiring by type from bean name 'routeDefinitionRouteLocator' via factory method to bean named 'removeRequestParameterGatewayFilterFactory'
2024-11-08T17:16:56.031+09:00 DEBUG 23248 --- [gateway] [    Test worker] o.s.b.f.s.DefaultListableBeanFactory     : Autowiring by type from bean name 'routeDefinitionRouteLocator' via factory method to bean named 'removeResponseHeaderGatewayFilterFactory'
2024-11-08T17:16:56.031+09:00 DEBUG 23248 --- [gateway] [    Test worker] o.s.b.f.s.DefaultListableBeanFactory     : Autowiring by type from bean name 'routeDefinitionRouteLocator' via factory method to bean named 'rewritePathGatewayFilterFactory'
2024-11-08T17:16:56.031+09:00 DEBUG 23248 --- [gateway] [    Test worker] o.s.b.f.s.DefaultListableBeanFactory     : Autowiring by type from bean name 'routeDefinitionRouteLocator' via factory method to bean named 'retryGatewayFilterFactory'
2024-11-08T17:16:56.031+09:00 DEBUG 23248 --- [gateway] [    Test worker] o.s.b.f.s.DefaultListableBeanFactory     : Autowiring by type from bean name 'routeDefinitionRouteLocator' via factory method to bean named 'setPathGatewayFilterFactory'
2024-11-08T17:16:56.031+09:00 DEBUG 23248 --- [gateway] [    Test worker] o.s.b.f.s.DefaultListableBeanFactory     : Autowiring by type from bean name 'routeDefinitionRouteLocator' via factory method to bean named 'secureHeadersGatewayFilterFactory'
2024-11-08T17:16:56.031+09:00 DEBUG 23248 --- [gateway] [    Test worker] o.s.b.f.s.DefaultListableBeanFactory     : Autowiring by type from bean name 'routeDefinitionRouteLocator' via factory method to bean named 'setRequestHeaderGatewayFilterFactory'
2024-11-08T17:16:56.031+09:00 DEBUG 23248 --- [gateway] [    Test worker] o.s.b.f.s.DefaultListableBeanFactory     : Autowiring by type from bean name 'routeDefinitionRouteLocator' via factory method to bean named 'setRequestHostHeaderGatewayFilterFactory'
2024-11-08T17:16:56.031+09:00 DEBUG 23248 --- [gateway] [    Test worker] o.s.b.f.s.DefaultListableBeanFactory     : Autowiring by type from bean name 'routeDefinitionRouteLocator' via factory method to bean named 'setResponseHeaderGatewayFilterFactory'
2024-11-08T17:16:56.031+09:00 DEBUG 23248 --- [gateway] [    Test worker] o.s.b.f.s.DefaultListableBeanFactory     : Autowiring by type from bean name 'routeDefinitionRouteLocator' via factory method to bean named 'rewriteResponseHeaderGatewayFilterFactory'
2024-11-08T17:16:56.031+09:00 DEBUG 23248 --- [gateway] [    Test worker] o.s.b.f.s.DefaultListableBeanFactory     : Autowiring by type from bean name 'routeDefinitionRouteLocator' via factory method to bean named 'rewriteLocationResponseHeaderGatewayFilterFactory'
2024-11-08T17:16:56.031+09:00 DEBUG 23248 --- [gateway] [    Test worker] o.s.b.f.s.DefaultListableBeanFactory     : Autowiring by type from bean name 'routeDefinitionRouteLocator' via factory method to bean named 'setStatusGatewayFilterFactory'
2024-11-08T17:16:56.031+09:00 DEBUG 23248 --- [gateway] [    Test worker] o.s.b.f.s.DefaultListableBeanFactory     : Autowiring by type from bean name 'routeDefinitionRouteLocator' via factory method to bean named 'saveSessionGatewayFilterFactory'
2024-11-08T17:16:56.031+09:00 DEBUG 23248 --- [gateway] [    Test worker] o.s.b.f.s.DefaultListableBeanFactory     : Autowiring by type from bean name 'routeDefinitionRouteLocator' via factory method to bean named 'stripPrefixGatewayFilterFactory'
2024-11-08T17:16:56.031+09:00 DEBUG 23248 --- [gateway] [    Test worker] o.s.b.f.s.DefaultListableBeanFactory     : Autowiring by type from bean name 'routeDefinitionRouteLocator' via factory method to bean named 'requestHeaderToRequestUriGatewayFilterFactory'
2024-11-08T17:16:56.031+09:00 DEBUG 23248 --- [gateway] [    Test worker] o.s.b.f.s.DefaultListableBeanFactory     : Autowiring by type from bean name 'routeDefinitionRouteLocator' via factory method to bean named 'requestSizeGatewayFilterFactory'
2024-11-08T17:16:56.031+09:00 DEBUG 23248 --- [gateway] [    Test worker] o.s.b.f.s.DefaultListableBeanFactory     : Autowiring by type from bean name 'routeDefinitionRouteLocator' via factory method to bean named 'requestHeaderSizeGatewayFilterFactory'
2024-11-08T17:16:56.031+09:00 DEBUG 23248 --- [gateway] [    Test worker] o.s.b.f.s.DefaultListableBeanFactory     : Autowiring by type from bean name 'routeDefinitionRouteLocator' via factory method to bean named 'rewriteRequestParameterGatewayFilterFactory'
2024-11-08T17:16:56.031+09:00 DEBUG 23248 --- [gateway] [    Test worker] o.s.b.f.s.DefaultListableBeanFactory     : Autowiring by type from bean name 'routeDefinitionRouteLocator' via factory method to bean named 'afterRoutePredicateFactory'
2024-11-08T17:16:56.031+09:00 DEBUG 23248 --- [gateway] [    Test worker] o.s.b.f.s.DefaultListableBeanFactory     : Autowiring by type from bean name 'routeDefinitionRouteLocator' via factory method to bean named 'beforeRoutePredicateFactory'
2024-11-08T17:16:56.031+09:00 DEBUG 23248 --- [gateway] [    Test worker] o.s.b.f.s.DefaultListableBeanFactory     : Autowiring by type from bean name 'routeDefinitionRouteLocator' via factory method to bean named 'betweenRoutePredicateFactory'
2024-11-08T17:16:56.031+09:00 DEBUG 23248 --- [gateway] [    Test worker] o.s.b.f.s.DefaultListableBeanFactory     : Autowiring by type from bean name 'routeDefinitionRouteLocator' via factory method to bean named 'cookieRoutePredicateFactory'
2024-11-08T17:16:56.031+09:00 DEBUG 23248 --- [gateway] [    Test worker] o.s.b.f.s.DefaultListableBeanFactory     : Autowiring by type from bean name 'routeDefinitionRouteLocator' via factory method to bean named 'headerRoutePredicateFactory'
2024-11-08T17:16:56.031+09:00 DEBUG 23248 --- [gateway] [    Test worker] o.s.b.f.s.DefaultListableBeanFactory     : Autowiring by type from bean name 'routeDefinitionRouteLocator' via factory method to bean named 'hostRoutePredicateFactory'
2024-11-08T17:16:56.031+09:00 DEBUG 23248 --- [gateway] [    Test worker] o.s.b.f.s.DefaultListableBeanFactory     : Autowiring by type from bean name 'routeDefinitionRouteLocator' via factory method to bean named 'methodRoutePredicateFactory'
2024-11-08T17:16:56.031+09:00 DEBUG 23248 --- [gateway] [    Test worker] o.s.b.f.s.DefaultListableBeanFactory     : Autowiring by type from bean name 'routeDefinitionRouteLocator' via factory method to bean named 'pathRoutePredicateFactory'
2024-11-08T17:16:56.031+09:00 DEBUG 23248 --- [gateway] [    Test worker] o.s.b.f.s.DefaultListableBeanFactory     : Autowiring by type from bean name 'routeDefinitionRouteLocator' via factory method to bean named 'queryRoutePredicateFactory'
2024-11-08T17:16:56.031+09:00 DEBUG 23248 --- [gateway] [    Test worker] o.s.b.f.s.DefaultListableBeanFactory     : Autowiring by type from bean name 'routeDefinitionRouteLocator' via factory method to bean named 'readBodyPredicateFactory'
2024-11-08T17:16:56.031+09:00 DEBUG 23248 --- [gateway] [    Test worker] o.s.b.f.s.DefaultListableBeanFactory     : Autowiring by type from bean name 'routeDefinitionRouteLocator' via factory method to bean named 'remoteAddrRoutePredicateFactory'
2024-11-08T17:16:56.031+09:00 DEBUG 23248 --- [gateway] [    Test worker] o.s.b.f.s.DefaultListableBeanFactory     : Autowiring by type from bean name 'routeDefinitionRouteLocator' via factory method to bean named 'xForwardedRemoteAddrRoutePredicateFactory'
2024-11-08T17:16:56.031+09:00 DEBUG 23248 --- [gateway] [    Test worker] o.s.b.f.s.DefaultListableBeanFactory     : Autowiring by type from bean name 'routeDefinitionRouteLocator' via factory method to bean named 'weightRoutePredicateFactory'
2024-11-08T17:16:56.031+09:00 DEBUG 23248 --- [gateway] [    Test worker] o.s.b.f.s.DefaultListableBeanFactory     : Autowiring by type from bean name 'routeDefinitionRouteLocator' via factory method to bean named 'cloudFoundryRouteServiceRoutePredicateFactory'
2024-11-08T17:16:56.031+09:00 DEBUG 23248 --- [gateway] [    Test worker] o.s.b.f.s.DefaultListableBeanFactory     : Autowiring by type from bean name 'routeDefinitionRouteLocator' via factory method to bean named 'routeDefinitionLocator'
2024-11-08T17:16:56.031+09:00 DEBUG 23248 --- [gateway] [    Test worker] o.s.b.f.s.DefaultListableBeanFactory     : Autowiring by type from bean name 'routeDefinitionRouteLocator' via factory method to bean named 'gatewayConfigurationService'
2024-11-08T17:16:56.033+09:00  INFO 23248 --- [gateway] [    Test worker] o.s.c.g.r.RouteDefinitionRouteLocator    : Loaded RoutePredicateFactory [After]
2024-11-08T17:16:56.033+09:00  INFO 23248 --- [gateway] [    Test worker] o.s.c.g.r.RouteDefinitionRouteLocator    : Loaded RoutePredicateFactory [Before]
2024-11-08T17:16:56.033+09:00  INFO 23248 --- [gateway] [    Test worker] o.s.c.g.r.RouteDefinitionRouteLocator    : Loaded RoutePredicateFactory [Between]
2024-11-08T17:16:56.033+09:00  INFO 23248 --- [gateway] [    Test worker] o.s.c.g.r.RouteDefinitionRouteLocator    : Loaded RoutePredicateFactory [Cookie]
2024-11-08T17:16:56.033+09:00  INFO 23248 --- [gateway] [    Test worker] o.s.c.g.r.RouteDefinitionRouteLocator    : Loaded RoutePredicateFactory [Header]
2024-11-08T17:16:56.033+09:00  INFO 23248 --- [gateway] [    Test worker] o.s.c.g.r.RouteDefinitionRouteLocator    : Loaded RoutePredicateFactory [Host]
2024-11-08T17:16:56.033+09:00  INFO 23248 --- [gateway] [    Test worker] o.s.c.g.r.RouteDefinitionRouteLocator    : Loaded RoutePredicateFactory [Method]
2024-11-08T17:16:56.033+09:00  INFO 23248 --- [gateway] [    Test worker] o.s.c.g.r.RouteDefinitionRouteLocator    : Loaded RoutePredicateFactory [Path]
2024-11-08T17:16:56.033+09:00  INFO 23248 --- [gateway] [    Test worker] o.s.c.g.r.RouteDefinitionRouteLocator    : Loaded RoutePredicateFactory [Query]
2024-11-08T17:16:56.033+09:00  INFO 23248 --- [gateway] [    Test worker] o.s.c.g.r.RouteDefinitionRouteLocator    : Loaded RoutePredicateFactory [ReadBody]
2024-11-08T17:16:56.033+09:00  INFO 23248 --- [gateway] [    Test worker] o.s.c.g.r.RouteDefinitionRouteLocator    : Loaded RoutePredicateFactory [RemoteAddr]
2024-11-08T17:16:56.033+09:00  INFO 23248 --- [gateway] [    Test worker] o.s.c.g.r.RouteDefinitionRouteLocator    : Loaded RoutePredicateFactory [XForwardedRemoteAddr]
2024-11-08T17:16:56.033+09:00  INFO 23248 --- [gateway] [    Test worker] o.s.c.g.r.RouteDefinitionRouteLocator    : Loaded RoutePredicateFactory [Weight]
2024-11-08T17:16:56.033+09:00  INFO 23248 --- [gateway] [    Test worker] o.s.c.g.r.RouteDefinitionRouteLocator    : Loaded RoutePredicateFactory [CloudFoundryRouteService]
2024-11-08T17:16:56.034+09:00 DEBUG 23248 --- [gateway] [    Test worker] o.s.b.f.s.DefaultListableBeanFactory     : Creating shared instance of singleton bean 'cachedCompositeRouteLocator'
2024-11-08T17:16:56.034+09:00 DEBUG 23248 --- [gateway] [    Test worker] o.s.b.f.s.DefaultListableBeanFactory     : Autowiring by type from bean name 'cachedCompositeRouteLocator' via factory method to bean named 'routeDefinitionRouteLocator'
2024-11-08T17:16:56.038+09:00 DEBUG 23248 --- [gateway] [    Test worker] o.s.b.f.s.DefaultListableBeanFactory     : Creating shared instance of singleton bean 'routeRefreshListener'
2024-11-08T17:16:56.038+09:00 DEBUG 23248 --- [gateway] [    Test worker] o.s.b.f.s.DefaultListableBeanFactory     : Autowiring by type from bean name 'routeRefreshListener' via factory method to bean named 'org.springframework.boot.web.reactive.context.GenericReactiveWebApplicationContext@4af46df3'
2024-11-08T17:16:56.039+09:00 DEBUG 23248 --- [gateway] [    Test worker] o.s.b.f.s.DefaultListableBeanFactory     : Creating shared instance of singleton bean 'filteringWebHandler'
2024-11-08T17:16:56.039+09:00 DEBUG 23248 --- [gateway] [    Test worker] o.s.b.f.s.DefaultListableBeanFactory     : Creating shared instance of singleton bean 'adaptCachedBodyGlobalFilter'
2024-11-08T17:16:56.040+09:00 DEBUG 23248 --- [gateway] [    Test worker] o.s.b.f.s.DefaultListableBeanFactory     : Creating shared instance of singleton bean 'removeCachedBodyFilter'
2024-11-08T17:16:56.040+09:00 DEBUG 23248 --- [gateway] [    Test worker] o.s.b.f.s.DefaultListableBeanFactory     : Creating shared instance of singleton bean 'routeToRequestUrlFilter'
2024-11-08T17:16:56.040+09:00 DEBUG 23248 --- [gateway] [    Test worker] o.s.b.f.s.DefaultListableBeanFactory     : Creating shared instance of singleton bean 'forwardRoutingFilter'
2024-11-08T17:16:56.041+09:00 DEBUG 23248 --- [gateway] [    Test worker] o.s.b.f.s.DefaultListableBeanFactory     : Creating shared instance of singleton bean 'forwardPathFilter'
2024-11-08T17:16:56.041+09:00 DEBUG 23248 --- [gateway] [    Test worker] o.s.b.f.s.DefaultListableBeanFactory     : Creating shared instance of singleton bean 'websocketRoutingFilter'
2024-11-08T17:16:56.041+09:00 DEBUG 23248 --- [gateway] [    Test worker] o.s.b.f.s.DefaultListableBeanFactory     : Creating shared instance of singleton bean 'webSocketService'
2024-11-08T17:16:56.041+09:00 DEBUG 23248 --- [gateway] [    Test worker] o.s.b.f.s.DefaultListableBeanFactory     : Autowiring by type from bean name 'webSocketService' via factory method to bean named 'reactorNettyRequestUpgradeStrategy'
2024-11-08T17:16:56.044+09:00 DEBUG 23248 --- [gateway] [    Test worker] o.s.b.f.s.DefaultListableBeanFactory     : Autowiring by type from bean name 'websocketRoutingFilter' via factory method to bean named 'reactorNettyWebSocketClient'
2024-11-08T17:16:56.044+09:00 DEBUG 23248 --- [gateway] [    Test worker] o.s.b.f.s.DefaultListableBeanFactory     : Autowiring by type from bean name 'websocketRoutingFilter' via factory method to bean named 'webSocketService'
2024-11-08T17:16:56.044+09:00 DEBUG 23248 --- [gateway] [    Test worker] o.s.b.f.s.DefaultListableBeanFactory     : Creating shared instance of singleton bean 'noLoadBalancerClientFilter'
2024-11-08T17:16:56.044+09:00 DEBUG 23248 --- [gateway] [    Test worker] o.s.b.f.s.DefaultListableBeanFactory     : Creating shared instance of singleton bean 'org.springframework.cloud.gateway.config.GatewayNoLoadBalancerClientAutoConfiguration'
2024-11-08T17:16:56.045+09:00 DEBUG 23248 --- [gateway] [    Test worker] o.s.b.f.s.DefaultListableBeanFactory     : Creating shared instance of singleton bean 'spring.cloud.gateway.loadbalancer-org.springframework.cloud.gateway.config.GatewayLoadBalancerProperties'
2024-11-08T17:16:56.045+09:00 DEBUG 23248 --- [gateway] [    Test worker] o.s.b.f.s.DefaultListableBeanFactory     : Autowiring by type from bean name 'noLoadBalancerClientFilter' via factory method to bean named 'spring.cloud.gateway.loadbalancer-org.springframework.cloud.gateway.config.GatewayLoadBalancerProperties'
2024-11-08T17:16:56.046+09:00 DEBUG 23248 --- [gateway] [    Test worker] o.s.b.f.s.DefaultListableBeanFactory     : Autowiring by type from bean name 'filteringWebHandler' via factory method to bean named 'routingFilter'
2024-11-08T17:16:56.046+09:00 DEBUG 23248 --- [gateway] [    Test worker] o.s.b.f.s.DefaultListableBeanFactory     : Autowiring by type from bean name 'filteringWebHandler' via factory method to bean named 'nettyWriteResponseFilter'
2024-11-08T17:16:56.046+09:00 DEBUG 23248 --- [gateway] [    Test worker] o.s.b.f.s.DefaultListableBeanFactory     : Autowiring by type from bean name 'filteringWebHandler' via factory method to bean named 'adaptCachedBodyGlobalFilter'
2024-11-08T17:16:56.046+09:00 DEBUG 23248 --- [gateway] [    Test worker] o.s.b.f.s.DefaultListableBeanFactory     : Autowiring by type from bean name 'filteringWebHandler' via factory method to bean named 'removeCachedBodyFilter'
2024-11-08T17:16:56.046+09:00 DEBUG 23248 --- [gateway] [    Test worker] o.s.b.f.s.DefaultListableBeanFactory     : Autowiring by type from bean name 'filteringWebHandler' via factory method to bean named 'routeToRequestUrlFilter'
2024-11-08T17:16:56.046+09:00 DEBUG 23248 --- [gateway] [    Test worker] o.s.b.f.s.DefaultListableBeanFactory     : Autowiring by type from bean name 'filteringWebHandler' via factory method to bean named 'forwardRoutingFilter'
2024-11-08T17:16:56.046+09:00 DEBUG 23248 --- [gateway] [    Test worker] o.s.b.f.s.DefaultListableBeanFactory     : Autowiring by type from bean name 'filteringWebHandler' via factory method to bean named 'forwardPathFilter'
2024-11-08T17:16:56.046+09:00 DEBUG 23248 --- [gateway] [    Test worker] o.s.b.f.s.DefaultListableBeanFactory     : Autowiring by type from bean name 'filteringWebHandler' via factory method to bean named 'websocketRoutingFilter'
2024-11-08T17:16:56.046+09:00 DEBUG 23248 --- [gateway] [    Test worker] o.s.b.f.s.DefaultListableBeanFactory     : Autowiring by type from bean name 'filteringWebHandler' via factory method to bean named 'noLoadBalancerClientFilter'
2024-11-08T17:16:56.047+09:00 DEBUG 23248 --- [gateway] [    Test worker] o.s.b.f.s.DefaultListableBeanFactory     : Creating shared instance of singleton bean 'globalCorsProperties'
2024-11-08T17:16:56.048+09:00 DEBUG 23248 --- [gateway] [    Test worker] o.s.b.f.s.DefaultListableBeanFactory     : Creating shared instance of singleton bean 'corsGatewayFilterApplicationListener'
2024-11-08T17:16:56.048+09:00 DEBUG 23248 --- [gateway] [    Test worker] o.s.b.f.s.DefaultListableBeanFactory     : Creating shared instance of singleton bean 'routePredicateHandlerMapping'
2024-11-08T17:16:56.049+09:00 DEBUG 23248 --- [gateway] [    Test worker] o.s.b.f.s.DefaultListableBeanFactory     : Autowiring by type from bean name 'routePredicateHandlerMapping' via factory method to bean named 'filteringWebHandler'
2024-11-08T17:16:56.049+09:00 DEBUG 23248 --- [gateway] [    Test worker] o.s.b.f.s.DefaultListableBeanFactory     : Autowiring by type from bean name 'routePredicateHandlerMapping' via factory method to bean named 'cachedCompositeRouteLocator'
2024-11-08T17:16:56.049+09:00 DEBUG 23248 --- [gateway] [    Test worker] o.s.b.f.s.DefaultListableBeanFactory     : Autowiring by type from bean name 'routePredicateHandlerMapping' via factory method to bean named 'globalCorsProperties'
2024-11-08T17:16:56.049+09:00 DEBUG 23248 --- [gateway] [    Test worker] o.s.b.f.s.DefaultListableBeanFactory     : Autowiring by type from bean name 'routePredicateHandlerMapping' via factory method to bean named 'environment'
2024-11-08T17:16:56.050+09:00 DEBUG 23248 --- [gateway] [    Test worker] o.s.b.f.s.DefaultListableBeanFactory     : Autowiring by type from bean name 'corsGatewayFilterApplicationListener' via factory method to bean named 'globalCorsProperties'
2024-11-08T17:16:56.050+09:00 DEBUG 23248 --- [gateway] [    Test worker] o.s.b.f.s.DefaultListableBeanFactory     : Autowiring by type from bean name 'corsGatewayFilterApplicationListener' via factory method to bean named 'routePredicateHandlerMapping'
2024-11-08T17:16:56.050+09:00 DEBUG 23248 --- [gateway] [    Test worker] o.s.b.f.s.DefaultListableBeanFactory     : Autowiring by type from bean name 'corsGatewayFilterApplicationListener' via factory method to bean named 'cachedCompositeRouteLocator'
2024-11-08T17:16:56.050+09:00 DEBUG 23248 --- [gateway] [    Test worker] o.s.b.f.s.DefaultListableBeanFactory     : Creating shared instance of singleton bean 'forwardedHeadersFilter'
2024-11-08T17:16:56.051+09:00 DEBUG 23248 --- [gateway] [    Test worker] o.s.b.f.s.DefaultListableBeanFactory     : Creating shared instance of singleton bean 'removeHopByHopHeadersFilter'
2024-11-08T17:16:56.052+09:00 DEBUG 23248 --- [gateway] [    Test worker] o.s.b.f.s.DefaultListableBeanFactory     : Creating shared instance of singleton bean 'xForwardedHeadersFilter'
2024-11-08T17:16:56.056+09:00 DEBUG 23248 --- [gateway] [    Test worker] o.s.b.f.s.DefaultListableBeanFactory     : Creating shared instance of singleton bean 'gRPCRequestHeadersFilter'
2024-11-08T17:16:56.057+09:00 DEBUG 23248 --- [gateway] [    Test worker] o.s.b.f.s.DefaultListableBeanFactory     : Creating shared instance of singleton bean 'gRPCResponseHeadersFilter'
2024-11-08T17:16:56.057+09:00 DEBUG 23248 --- [gateway] [    Test worker] o.s.b.f.s.DefaultListableBeanFactory     : Creating shared instance of singleton bean 'transferEncodingNormalizationHeadersFilter'
2024-11-08T17:16:56.057+09:00 DEBUG 23248 --- [gateway] [    Test worker] o.s.b.f.s.DefaultListableBeanFactory     : Creating shared instance of singleton bean 'configurableHintsRegistrationProcessor'
2024-11-08T17:16:56.061+09:00 DEBUG 23248 --- [gateway] [    Test worker] o.s.b.f.s.DefaultListableBeanFactory     : Creating shared instance of singleton bean 'webFluxConversionService'
2024-11-08T17:16:56.064+09:00 DEBUG 23248 --- [gateway] [    Test worker] o.s.b.f.s.DefaultListableBeanFactory     : Creating shared instance of singleton bean 'webFluxValidator'
2024-11-08T17:16:56.065+09:00 DEBUG 23248 --- [gateway] [    Test worker] o.s.b.f.s.DefaultListableBeanFactory     : Creating shared instance of singleton bean 'localeContextResolver'
2024-11-08T17:16:56.067+09:00 DEBUG 23248 --- [gateway] [    Test worker] o.s.b.f.s.DefaultListableBeanFactory     : Creating shared instance of singleton bean 'webSessionManager'
2024-11-08T17:16:56.069+09:00 DEBUG 23248 --- [gateway] [    Test worker] o.s.b.f.s.DefaultListableBeanFactory     : Creating shared instance of singleton bean 'webHandler'
2024-11-08T17:16:56.070+09:00 DEBUG 23248 --- [gateway] [    Test worker] o.s.b.f.s.DefaultListableBeanFactory     : Creating shared instance of singleton bean 'routerFunctionMapping'
2024-11-08T17:16:56.070+09:00 DEBUG 23248 --- [gateway] [    Test worker] o.s.b.f.s.DefaultListableBeanFactory     : Autowiring by type from bean name 'routerFunctionMapping' via factory method to bean named 'serverCodecConfigurer'
2024-11-08T17:16:56.073+09:00 DEBUG 23248 --- [gateway] [    Test worker] o.s.b.f.s.DefaultListableBeanFactory     : Creating shared instance of singleton bean 'resourceHandlerMapping'
2024-11-08T17:16:56.074+09:00 DEBUG 23248 --- [gateway] [    Test worker] o.s.b.f.s.DefaultListableBeanFactory     : Creating shared instance of singleton bean 'resourceUrlProvider'
2024-11-08T17:16:56.076+09:00 DEBUG 23248 --- [gateway] [    Test worker] o.s.b.f.s.DefaultListableBeanFactory     : Autowiring by type from bean name 'resourceHandlerMapping' via factory method to bean named 'resourceUrlProvider'
2024-11-08T17:16:56.081+09:00 DEBUG 23248 --- [gateway] [    Test worker] o.s.w.r.handler.SimpleUrlHandlerMapping  : Patterns [/webjars/**, /**] in 'resourceHandlerMapping'
2024-11-08T17:16:56.081+09:00 DEBUG 23248 --- [gateway] [    Test worker] o.s.b.f.s.DefaultListableBeanFactory     : Creating shared instance of singleton bean 'welcomePageRouterFunctionMapping'
2024-11-08T17:16:56.081+09:00 DEBUG 23248 --- [gateway] [    Test worker] o.s.b.f.s.DefaultListableBeanFactory     : Creating shared instance of singleton bean 'org.springframework.boot.autoconfigure.web.reactive.WebFluxAutoConfiguration$WelcomePageConfiguration'
2024-11-08T17:16:56.082+09:00 DEBUG 23248 --- [gateway] [    Test worker] o.s.b.f.s.DefaultListableBeanFactory     : Autowiring by type from bean name 'welcomePageRouterFunctionMapping' via factory method to bean named 'org.springframework.boot.web.reactive.context.GenericReactiveWebApplicationContext@4af46df3'
2024-11-08T17:16:56.082+09:00 DEBUG 23248 --- [gateway] [    Test worker] o.s.b.f.s.DefaultListableBeanFactory     : Autowiring by type from bean name 'welcomePageRouterFunctionMapping' via factory method to bean named 'spring.webflux-org.springframework.boot.autoconfigure.web.reactive.WebFluxProperties'
2024-11-08T17:16:56.082+09:00 DEBUG 23248 --- [gateway] [    Test worker] o.s.b.f.s.DefaultListableBeanFactory     : Autowiring by type from bean name 'welcomePageRouterFunctionMapping' via factory method to bean named 'spring.web-org.springframework.boot.autoconfigure.web.WebProperties'
2024-11-08T17:16:56.085+09:00 DEBUG 23248 --- [gateway] [    Test worker] o.s.b.f.s.DefaultListableBeanFactory     : Creating shared instance of singleton bean 'requestMappingHandlerAdapter'
2024-11-08T17:16:56.086+09:00 DEBUG 23248 --- [gateway] [    Test worker] o.s.b.f.s.DefaultListableBeanFactory     : Autowiring by type from bean name 'requestMappingHandlerAdapter' via factory method to bean named 'webFluxAdapterRegistry'
2024-11-08T17:16:56.086+09:00 DEBUG 23248 --- [gateway] [    Test worker] o.s.b.f.s.DefaultListableBeanFactory     : Autowiring by type from bean name 'requestMappingHandlerAdapter' via factory method to bean named 'serverCodecConfigurer'
2024-11-08T17:16:56.086+09:00 DEBUG 23248 --- [gateway] [    Test worker] o.s.b.f.s.DefaultListableBeanFactory     : Autowiring by type from bean name 'requestMappingHandlerAdapter' via factory method to bean named 'webFluxConversionService'
2024-11-08T17:16:56.086+09:00 DEBUG 23248 --- [gateway] [    Test worker] o.s.b.f.s.DefaultListableBeanFactory     : Autowiring by type from bean name 'requestMappingHandlerAdapter' via factory method to bean named 'webFluxValidator'
2024-11-08T17:16:56.103+09:00 DEBUG 23248 --- [gateway] [    Test worker] o.s.w.r.r.m.a.ControllerMethodResolver   : ControllerAdvice beans: none
2024-11-08T17:16:56.103+09:00 DEBUG 23248 --- [gateway] [    Test worker] o.s.b.f.s.DefaultListableBeanFactory     : Creating shared instance of singleton bean 'handlerFunctionAdapter'
2024-11-08T17:16:56.103+09:00 DEBUG 23248 --- [gateway] [    Test worker] o.s.b.f.s.DefaultListableBeanFactory     : Creating shared instance of singleton bean 'simpleHandlerAdapter'
2024-11-08T17:16:56.103+09:00 DEBUG 23248 --- [gateway] [    Test worker] o.s.b.f.s.DefaultListableBeanFactory     : Creating shared instance of singleton bean 'webFluxWebSocketHandlerAdapter'
2024-11-08T17:16:56.103+09:00 DEBUG 23248 --- [gateway] [    Test worker] o.s.b.f.s.DefaultListableBeanFactory     : Creating shared instance of singleton bean 'responseEntityResultHandler'
2024-11-08T17:16:56.108+09:00 DEBUG 23248 --- [gateway] [    Test worker] o.s.b.f.s.DefaultListableBeanFactory     : Autowiring by type from bean name 'responseEntityResultHandler' via factory method to bean named 'webFluxAdapterRegistry'
2024-11-08T17:16:56.108+09:00 DEBUG 23248 --- [gateway] [    Test worker] o.s.b.f.s.DefaultListableBeanFactory     : Autowiring by type from bean name 'responseEntityResultHandler' via factory method to bean named 'serverCodecConfigurer'
2024-11-08T17:16:56.108+09:00 DEBUG 23248 --- [gateway] [    Test worker] o.s.b.f.s.DefaultListableBeanFactory     : Autowiring by type from bean name 'responseEntityResultHandler' via factory method to bean named 'webFluxContentTypeResolver'
2024-11-08T17:16:56.110+09:00 DEBUG 23248 --- [gateway] [    Test worker] o.s.b.f.s.DefaultListableBeanFactory     : Creating shared instance of singleton bean 'responseBodyResultHandler'
2024-11-08T17:16:56.110+09:00 DEBUG 23248 --- [gateway] [    Test worker] o.s.b.f.s.DefaultListableBeanFactory     : Autowiring by type from bean name 'responseBodyResultHandler' via factory method to bean named 'webFluxAdapterRegistry'
2024-11-08T17:16:56.110+09:00 DEBUG 23248 --- [gateway] [    Test worker] o.s.b.f.s.DefaultListableBeanFactory     : Autowiring by type from bean name 'responseBodyResultHandler' via factory method to bean named 'serverCodecConfigurer'
2024-11-08T17:16:56.110+09:00 DEBUG 23248 --- [gateway] [    Test worker] o.s.b.f.s.DefaultListableBeanFactory     : Autowiring by type from bean name 'responseBodyResultHandler' via factory method to bean named 'webFluxContentTypeResolver'
2024-11-08T17:16:56.111+09:00 DEBUG 23248 --- [gateway] [    Test worker] o.s.b.f.s.DefaultListableBeanFactory     : Creating shared instance of singleton bean 'viewResolutionResultHandler'
2024-11-08T17:16:56.111+09:00 DEBUG 23248 --- [gateway] [    Test worker] o.s.b.f.s.DefaultListableBeanFactory     : Autowiring by type from bean name 'viewResolutionResultHandler' via factory method to bean named 'webFluxAdapterRegistry'
2024-11-08T17:16:56.111+09:00 DEBUG 23248 --- [gateway] [    Test worker] o.s.b.f.s.DefaultListableBeanFactory     : Autowiring by type from bean name 'viewResolutionResultHandler' via factory method to bean named 'webFluxContentTypeResolver'
2024-11-08T17:16:56.113+09:00 DEBUG 23248 --- [gateway] [    Test worker] o.s.b.f.s.DefaultListableBeanFactory     : Creating shared instance of singleton bean 'serverResponseResultHandler'
2024-11-08T17:16:56.114+09:00 DEBUG 23248 --- [gateway] [    Test worker] o.s.b.f.s.DefaultListableBeanFactory     : Autowiring by type from bean name 'serverResponseResultHandler' via factory method to bean named 'serverCodecConfigurer'
2024-11-08T17:16:56.114+09:00 DEBUG 23248 --- [gateway] [    Test worker] o.s.b.f.s.DefaultListableBeanFactory     : Creating shared instance of singleton bean 'responseStatusExceptionHandler'
2024-11-08T17:16:56.116+09:00 DEBUG 23248 --- [gateway] [    Test worker] o.s.b.f.s.DefaultListableBeanFactory     : Creating shared instance of singleton bean 'org.springframework.boot.autoconfigure.web.reactive.WebFluxAutoConfiguration'
2024-11-08T17:16:56.117+09:00 DEBUG 23248 --- [gateway] [    Test worker] o.s.b.f.s.DefaultListableBeanFactory     : Creating shared instance of singleton bean 'org.springframework.boot.autoconfigure.web.reactive.HttpHandlerAutoConfiguration$AnnotationConfig'
2024-11-08T17:16:56.117+09:00 DEBUG 23248 --- [gateway] [    Test worker] o.s.b.f.s.DefaultListableBeanFactory     : Autowiring by type from bean name 'org.springframework.boot.autoconfigure.web.reactive.HttpHandlerAutoConfiguration$AnnotationConfig' via constructor to bean named 'org.springframework.boot.web.reactive.context.GenericReactiveWebApplicationContext@4af46df3'
2024-11-08T17:16:56.117+09:00 DEBUG 23248 --- [gateway] [    Test worker] o.s.b.f.s.DefaultListableBeanFactory     : Creating shared instance of singleton bean 'httpHandler'
2024-11-08T17:16:56.127+09:00 DEBUG 23248 --- [gateway] [    Test worker] o.s.w.s.adapter.HttpWebHandlerAdapter    : enableLoggingRequestDetails='false': form data and headers will be masked to prevent unsafe logging of potentially sensitive data
2024-11-08T17:16:56.128+09:00 DEBUG 23248 --- [gateway] [    Test worker] o.s.b.f.s.DefaultListableBeanFactory     : Creating shared instance of singleton bean 'org.springframework.boot.autoconfigure.web.reactive.HttpHandlerAutoConfiguration'
2024-11-08T17:16:56.128+09:00 DEBUG 23248 --- [gateway] [    Test worker] o.s.b.f.s.DefaultListableBeanFactory     : Creating shared instance of singleton bean 'org.springframework.boot.autoconfigure.aop.AopAutoConfiguration$ClassProxyingConfiguration'
2024-11-08T17:16:56.128+09:00 DEBUG 23248 --- [gateway] [    Test worker] o.s.b.f.s.DefaultListableBeanFactory     : Creating shared instance of singleton bean 'org.springframework.boot.autoconfigure.aop.AopAutoConfiguration'
2024-11-08T17:16:56.128+09:00 DEBUG 23248 --- [gateway] [    Test worker] o.s.b.f.s.DefaultListableBeanFactory     : Creating shared instance of singleton bean 'org.springframework.boot.autoconfigure.availability.ApplicationAvailabilityAutoConfiguration'
2024-11-08T17:16:56.129+09:00 DEBUG 23248 --- [gateway] [    Test worker] o.s.b.f.s.DefaultListableBeanFactory     : Creating shared instance of singleton bean 'applicationAvailability'
2024-11-08T17:16:56.130+09:00 DEBUG 23248 --- [gateway] [    Test worker] o.s.b.f.s.DefaultListableBeanFactory     : Creating shared instance of singleton bean 'org.springframework.cloud.autoconfigure.RefreshAutoConfiguration'
2024-11-08T17:16:56.130+09:00 DEBUG 23248 --- [gateway] [    Test worker] o.s.b.f.s.DefaultListableBeanFactory     : Creating shared instance of singleton bean 'loggingRebinder'
2024-11-08T17:16:56.131+09:00 DEBUG 23248 --- [gateway] [    Test worker] o.s.b.f.s.DefaultListableBeanFactory     : Creating shared instance of singleton bean 'configDataContextRefresher'
2024-11-08T17:16:56.132+09:00 DEBUG 23248 --- [gateway] [    Test worker] o.s.b.f.s.DefaultListableBeanFactory     : Creating shared instance of singleton bean 'spring.cloud.refresh-org.springframework.cloud.autoconfigure.RefreshAutoConfiguration$RefreshProperties'
2024-11-08T17:16:56.133+09:00 DEBUG 23248 --- [gateway] [    Test worker] o.s.b.f.s.DefaultListableBeanFactory     : Autowiring by type from bean name 'configDataContextRefresher' via factory method to bean named 'org.springframework.boot.web.reactive.context.GenericReactiveWebApplicationContext@4af46df3'
2024-11-08T17:16:56.133+09:00 DEBUG 23248 --- [gateway] [    Test worker] o.s.b.f.s.DefaultListableBeanFactory     : Autowiring by type from bean name 'configDataContextRefresher' via factory method to bean named 'refreshScope'
2024-11-08T17:16:56.133+09:00 DEBUG 23248 --- [gateway] [    Test worker] o.s.b.f.s.DefaultListableBeanFactory     : Autowiring by type from bean name 'configDataContextRefresher' via factory method to bean named 'spring.cloud.refresh-org.springframework.cloud.autoconfigure.RefreshAutoConfiguration$RefreshProperties'
2024-11-08T17:16:56.134+09:00 DEBUG 23248 --- [gateway] [    Test worker] o.s.b.f.s.DefaultListableBeanFactory     : Creating shared instance of singleton bean 'refreshScopeLifecycle'
2024-11-08T17:16:56.134+09:00 DEBUG 23248 --- [gateway] [    Test worker] o.s.b.f.s.DefaultListableBeanFactory     : Autowiring by type from bean name 'refreshScopeLifecycle' via factory method to bean named 'configDataContextRefresher'
2024-11-08T17:16:56.135+09:00 DEBUG 23248 --- [gateway] [    Test worker] o.s.b.f.s.DefaultListableBeanFactory     : Creating shared instance of singleton bean 'refreshEventListener'
2024-11-08T17:16:56.135+09:00 DEBUG 23248 --- [gateway] [    Test worker] o.s.b.f.s.DefaultListableBeanFactory     : Autowiring by type from bean name 'refreshEventListener' via factory method to bean named 'configDataContextRefresher'
2024-11-08T17:16:56.136+09:00 DEBUG 23248 --- [gateway] [    Test worker] o.s.b.f.s.DefaultListableBeanFactory     : Creating shared instance of singleton bean 'org.springframework.boot.autoconfigure.context.ConfigurationPropertiesAutoConfiguration'
2024-11-08T17:16:56.136+09:00 DEBUG 23248 --- [gateway] [    Test worker] o.s.b.f.s.DefaultListableBeanFactory     : Creating shared instance of singleton bean 'org.springframework.boot.autoconfigure.context.LifecycleAutoConfiguration'
2024-11-08T17:16:56.136+09:00 DEBUG 23248 --- [gateway] [    Test worker] o.s.b.f.s.DefaultListableBeanFactory     : Creating shared instance of singleton bean 'lifecycleProcessor'
2024-11-08T17:16:56.136+09:00 DEBUG 23248 --- [gateway] [    Test worker] o.s.b.f.s.DefaultListableBeanFactory     : Creating shared instance of singleton bean 'spring.lifecycle-org.springframework.boot.autoconfigure.context.LifecycleProperties'
2024-11-08T17:16:56.137+09:00 DEBUG 23248 --- [gateway] [    Test worker] o.s.b.f.s.DefaultListableBeanFactory     : Autowiring by type from bean name 'lifecycleProcessor' via factory method to bean named 'spring.lifecycle-org.springframework.boot.autoconfigure.context.LifecycleProperties'
2024-11-08T17:16:56.139+09:00 DEBUG 23248 --- [gateway] [    Test worker] o.s.b.f.s.DefaultListableBeanFactory     : Creating shared instance of singleton bean 'org.springframework.boot.autoconfigure.info.ProjectInfoAutoConfiguration'
2024-11-08T17:16:56.140+09:00 DEBUG 23248 --- [gateway] [    Test worker] o.s.b.f.s.DefaultListableBeanFactory     : Creating shared instance of singleton bean 'spring.info-org.springframework.boot.autoconfigure.info.ProjectInfoProperties'
2024-11-08T17:16:56.141+09:00 DEBUG 23248 --- [gateway] [    Test worker] o.s.b.f.s.DefaultListableBeanFactory     : Autowiring by type from bean name 'org.springframework.boot.autoconfigure.info.ProjectInfoAutoConfiguration' via constructor to bean named 'spring.info-org.springframework.boot.autoconfigure.info.ProjectInfoProperties'
2024-11-08T17:16:56.141+09:00 DEBUG 23248 --- [gateway] [    Test worker] o.s.b.f.s.DefaultListableBeanFactory     : Creating shared instance of singleton bean 'org.springframework.boot.autoconfigure.netty.NettyAutoConfiguration'
2024-11-08T17:16:56.142+09:00 DEBUG 23248 --- [gateway] [    Test worker] o.s.b.f.s.DefaultListableBeanFactory     : Creating shared instance of singleton bean 'spring.netty-org.springframework.boot.autoconfigure.netty.NettyProperties'
2024-11-08T17:16:56.142+09:00 DEBUG 23248 --- [gateway] [    Test worker] o.s.b.f.s.DefaultListableBeanFactory     : Autowiring by type from bean name 'org.springframework.boot.autoconfigure.netty.NettyAutoConfiguration' via constructor to bean named 'spring.netty-org.springframework.boot.autoconfigure.netty.NettyProperties'
2024-11-08T17:16:56.142+09:00 DEBUG 23248 --- [gateway] [    Test worker] o.s.b.f.s.DefaultListableBeanFactory     : Creating shared instance of singleton bean 'org.springframework.boot.autoconfigure.reactor.ReactorAutoConfiguration'
2024-11-08T17:16:56.143+09:00 DEBUG 23248 --- [gateway] [    Test worker] o.s.b.f.s.DefaultListableBeanFactory     : Creating shared instance of singleton bean 'spring.reactor-org.springframework.boot.autoconfigure.reactor.ReactorProperties'
2024-11-08T17:16:56.143+09:00 DEBUG 23248 --- [gateway] [    Test worker] o.s.b.f.s.DefaultListableBeanFactory     : Autowiring by type from bean name 'org.springframework.boot.autoconfigure.reactor.ReactorAutoConfiguration' via constructor to bean named 'spring.reactor-org.springframework.boot.autoconfigure.reactor.ReactorProperties'
2024-11-08T17:16:56.144+09:00 DEBUG 23248 --- [gateway] [    Test worker] o.s.b.f.s.DefaultListableBeanFactory     : Creating shared instance of singleton bean 'org.springframework.boot.autoconfigure.security.oauth2.resource.reactive.ReactiveOAuth2ResourceServerAutoConfiguration'
2024-11-08T17:16:56.144+09:00 DEBUG 23248 --- [gateway] [    Test worker] o.s.b.f.s.DefaultListableBeanFactory     : Creating shared instance of singleton bean 'spring.security.oauth2.resourceserver-org.springframework.boot.autoconfigure.security.oauth2.resource.OAuth2ResourceServerProperties'
2024-11-08T17:16:56.145+09:00 DEBUG 23248 --- [gateway] [    Test worker] o.s.b.f.s.DefaultListableBeanFactory     : Creating shared instance of singleton bean 'org.springframework.boot.autoconfigure.security.reactive.ReactiveSecurityAutoConfiguration$SpringBootWebFluxSecurityConfiguration'
2024-11-08T17:16:56.145+09:00 DEBUG 23248 --- [gateway] [    Test worker] o.s.b.f.s.DefaultListableBeanFactory     : Creating shared instance of singleton bean 'org.springframework.boot.autoconfigure.security.reactive.ReactiveSecurityAutoConfiguration'
2024-11-08T17:16:56.146+09:00 DEBUG 23248 --- [gateway] [    Test worker] o.s.b.f.s.DefaultListableBeanFactory     : Autowiring by type from bean name 'org.springframework.boot.autoconfigure.security.reactive.ReactiveSecurityAutoConfiguration$SpringBootWebFluxSecurityConfiguration' via constructor to bean named 'org.springframework.boot.autoconfigure.security.reactive.ReactiveSecurityAutoConfiguration'
2024-11-08T17:16:56.146+09:00 DEBUG 23248 --- [gateway] [    Test worker] o.s.b.f.s.DefaultListableBeanFactory     : Creating shared instance of singleton bean 'spring.security-org.springframework.boot.autoconfigure.security.SecurityProperties'
2024-11-08T17:16:56.147+09:00 DEBUG 23248 --- [gateway] [    Test worker] o.s.b.f.s.DefaultListableBeanFactory     : Creating shared instance of singleton bean 'org.springframework.boot.autoconfigure.security.servlet.SecurityAutoConfiguration'
2024-11-08T17:16:56.147+09:00 DEBUG 23248 --- [gateway] [    Test worker] o.s.b.f.s.DefaultListableBeanFactory     : Creating shared instance of singleton bean 'authenticationEventPublisher'
2024-11-08T17:16:56.147+09:00 DEBUG 23248 --- [gateway] [    Test worker] o.s.b.f.s.DefaultListableBeanFactory     : Autowiring by type from bean name 'authenticationEventPublisher' via factory method to bean named 'org.springframework.boot.web.reactive.context.GenericReactiveWebApplicationContext@4af46df3'
2024-11-08T17:16:56.151+09:00 DEBUG 23248 --- [gateway] [    Test worker] o.s.b.f.s.DefaultListableBeanFactory     : Creating shared instance of singleton bean 'org.springframework.boot.autoconfigure.sql.init.SqlInitializationAutoConfiguration'
2024-11-08T17:16:56.151+09:00 DEBUG 23248 --- [gateway] [    Test worker] o.s.b.f.s.DefaultListableBeanFactory     : Creating shared instance of singleton bean 'spring.sql.init-org.springframework.boot.autoconfigure.sql.init.SqlInitializationProperties'
2024-11-08T17:16:56.152+09:00 DEBUG 23248 --- [gateway] [    Test worker] o.s.b.f.s.DefaultListableBeanFactory     : Creating shared instance of singleton bean 'org.springframework.boot.autoconfigure.task.TaskExecutorConfigurations$ThreadPoolTaskExecutorBuilderConfiguration'
2024-11-08T17:16:56.153+09:00 DEBUG 23248 --- [gateway] [    Test worker] o.s.b.f.s.DefaultListableBeanFactory     : Creating shared instance of singleton bean 'threadPoolTaskExecutorBuilder'
2024-11-08T17:16:56.154+09:00 DEBUG 23248 --- [gateway] [    Test worker] o.s.b.f.s.DefaultListableBeanFactory     : Creating shared instance of singleton bean 'spring.task.execution-org.springframework.boot.autoconfigure.task.TaskExecutionProperties'
2024-11-08T17:16:56.155+09:00 DEBUG 23248 --- [gateway] [    Test worker] o.s.b.f.s.DefaultListableBeanFactory     : Autowiring by type from bean name 'threadPoolTaskExecutorBuilder' via factory method to bean named 'spring.task.execution-org.springframework.boot.autoconfigure.task.TaskExecutionProperties'
2024-11-08T17:16:56.157+09:00 DEBUG 23248 --- [gateway] [    Test worker] o.s.b.f.s.DefaultListableBeanFactory     : Creating shared instance of singleton bean 'org.springframework.boot.autoconfigure.task.TaskExecutorConfigurations$TaskExecutorBuilderConfiguration'
2024-11-08T17:16:56.158+09:00 DEBUG 23248 --- [gateway] [    Test worker] o.s.b.f.s.DefaultListableBeanFactory     : Creating shared instance of singleton bean 'taskExecutorBuilder'
2024-11-08T17:16:56.158+09:00 DEBUG 23248 --- [gateway] [    Test worker] o.s.b.f.s.DefaultListableBeanFactory     : Autowiring by type from bean name 'taskExecutorBuilder' via factory method to bean named 'spring.task.execution-org.springframework.boot.autoconfigure.task.TaskExecutionProperties'
2024-11-08T17:16:56.159+09:00 DEBUG 23248 --- [gateway] [    Test worker] o.s.b.f.s.DefaultListableBeanFactory     : Creating shared instance of singleton bean 'org.springframework.boot.autoconfigure.task.TaskExecutorConfigurations$SimpleAsyncTaskExecutorBuilderConfiguration'
2024-11-08T17:16:56.159+09:00 DEBUG 23248 --- [gateway] [    Test worker] o.s.b.f.s.DefaultListableBeanFactory     : Autowiring by type from bean name 'org.springframework.boot.autoconfigure.task.TaskExecutorConfigurations$SimpleAsyncTaskExecutorBuilderConfiguration' via constructor to bean named 'spring.task.execution-org.springframework.boot.autoconfigure.task.TaskExecutionProperties'
2024-11-08T17:16:56.159+09:00 DEBUG 23248 --- [gateway] [    Test worker] o.s.b.f.s.DefaultListableBeanFactory     : Creating shared instance of singleton bean 'simpleAsyncTaskExecutorBuilder'
2024-11-08T17:16:56.161+09:00 DEBUG 23248 --- [gateway] [    Test worker] o.s.b.f.s.DefaultListableBeanFactory     : Creating shared instance of singleton bean 'org.springframework.boot.autoconfigure.task.TaskExecutorConfigurations$TaskExecutorConfiguration'
2024-11-08T17:16:56.161+09:00 DEBUG 23248 --- [gateway] [    Test worker] o.s.b.f.s.DefaultListableBeanFactory     : Creating shared instance of singleton bean 'org.springframework.boot.autoconfigure.task.TaskExecutionAutoConfiguration'
2024-11-08T17:16:56.161+09:00 DEBUG 23248 --- [gateway] [    Test worker] o.s.b.f.s.DefaultListableBeanFactory     : Creating shared instance of singleton bean 'org.springframework.boot.autoconfigure.task.TaskSchedulingConfigurations$ThreadPoolTaskSchedulerBuilderConfiguration'
2024-11-08T17:16:56.161+09:00 DEBUG 23248 --- [gateway] [    Test worker] o.s.b.f.s.DefaultListableBeanFactory     : Creating shared instance of singleton bean 'threadPoolTaskSchedulerBuilder'
2024-11-08T17:16:56.162+09:00 DEBUG 23248 --- [gateway] [    Test worker] o.s.b.f.s.DefaultListableBeanFactory     : Creating shared instance of singleton bean 'spring.task.scheduling-org.springframework.boot.autoconfigure.task.TaskSchedulingProperties'
2024-11-08T17:16:56.163+09:00 DEBUG 23248 --- [gateway] [    Test worker] o.s.b.f.s.DefaultListableBeanFactory     : Autowiring by type from bean name 'threadPoolTaskSchedulerBuilder' via factory method to bean named 'spring.task.scheduling-org.springframework.boot.autoconfigure.task.TaskSchedulingProperties'
2024-11-08T17:16:56.165+09:00 DEBUG 23248 --- [gateway] [    Test worker] o.s.b.f.s.DefaultListableBeanFactory     : Creating shared instance of singleton bean 'org.springframework.boot.autoconfigure.task.TaskSchedulingConfigurations$TaskSchedulerBuilderConfiguration'
2024-11-08T17:16:56.165+09:00 DEBUG 23248 --- [gateway] [    Test worker] o.s.b.f.s.DefaultListableBeanFactory     : Creating shared instance of singleton bean 'taskSchedulerBuilder'
2024-11-08T17:16:56.165+09:00 DEBUG 23248 --- [gateway] [    Test worker] o.s.b.f.s.DefaultListableBeanFactory     : Autowiring by type from bean name 'taskSchedulerBuilder' via factory method to bean named 'spring.task.scheduling-org.springframework.boot.autoconfigure.task.TaskSchedulingProperties'
2024-11-08T17:16:56.166+09:00 DEBUG 23248 --- [gateway] [    Test worker] o.s.b.f.s.DefaultListableBeanFactory     : Creating shared instance of singleton bean 'org.springframework.boot.autoconfigure.task.TaskSchedulingConfigurations$SimpleAsyncTaskSchedulerBuilderConfiguration'
2024-11-08T17:16:56.166+09:00 DEBUG 23248 --- [gateway] [    Test worker] o.s.b.f.s.DefaultListableBeanFactory     : Autowiring by type from bean name 'org.springframework.boot.autoconfigure.task.TaskSchedulingConfigurations$SimpleAsyncTaskSchedulerBuilderConfiguration' via constructor to bean named 'spring.task.scheduling-org.springframework.boot.autoconfigure.task.TaskSchedulingProperties'
2024-11-08T17:16:56.167+09:00 DEBUG 23248 --- [gateway] [    Test worker] o.s.b.f.s.DefaultListableBeanFactory     : Creating shared instance of singleton bean 'simpleAsyncTaskSchedulerBuilder'
2024-11-08T17:16:56.169+09:00 DEBUG 23248 --- [gateway] [    Test worker] o.s.b.f.s.DefaultListableBeanFactory     : Creating shared instance of singleton bean 'org.springframework.boot.autoconfigure.task.TaskSchedulingAutoConfiguration'
2024-11-08T17:16:56.169+09:00 DEBUG 23248 --- [gateway] [    Test worker] o.s.b.f.s.DefaultListableBeanFactory     : Creating shared instance of singleton bean 'org.springframework.boot.autoconfigure.web.embedded.EmbeddedWebServerFactoryCustomizerAutoConfiguration'
2024-11-08T17:16:56.169+09:00 DEBUG 23248 --- [gateway] [    Test worker] o.s.b.f.s.DefaultListableBeanFactory     : Creating shared instance of singleton bean 'org.springframework.boot.autoconfigure.web.reactive.function.client.ClientHttpConnectorFactoryConfiguration$ReactorNetty'
2024-11-08T17:16:56.170+09:00 DEBUG 23248 --- [gateway] [    Test worker] o.s.b.f.s.DefaultListableBeanFactory     : Creating shared instance of singleton bean 'reactorClientHttpConnectorFactory'
2024-11-08T17:16:56.170+09:00 DEBUG 23248 --- [gateway] [    Test worker] o.s.b.f.s.DefaultListableBeanFactory     : Autowiring by type from bean name 'reactorClientHttpConnectorFactory' via factory method to bean named 'reactorResourceFactory'
2024-11-08T17:16:56.172+09:00 DEBUG 23248 --- [gateway] [    Test worker] o.s.b.f.s.DefaultListableBeanFactory     : Creating shared instance of singleton bean 'org.springframework.boot.autoconfigure.web.reactive.function.client.ClientHttpConnectorAutoConfiguration'
2024-11-08T17:16:56.172+09:00 DEBUG 23248 --- [gateway] [    Test worker] o.s.b.f.s.DefaultListableBeanFactory     : Creating shared instance of singleton bean 'org.springframework.boot.autoconfigure.web.reactive.function.client.WebClientAutoConfiguration$WebClientCodecsConfiguration'
2024-11-08T17:16:56.172+09:00 DEBUG 23248 --- [gateway] [    Test worker] o.s.b.f.s.DefaultListableBeanFactory     : Creating shared instance of singleton bean 'exchangeStrategiesCustomizer'
2024-11-08T17:16:56.173+09:00 DEBUG 23248 --- [gateway] [    Test worker] o.s.b.f.s.DefaultListableBeanFactory     : Creating shared instance of singleton bean 'org.springframework.boot.autoconfigure.web.reactive.function.client.WebClientAutoConfiguration'
2024-11-08T17:16:56.173+09:00 DEBUG 23248 --- [gateway] [    Test worker] o.s.b.f.s.DefaultListableBeanFactory     : Creating shared instance of singleton bean 'webClientSsl'
2024-11-08T17:16:56.174+09:00 DEBUG 23248 --- [gateway] [    Test worker] o.s.b.f.s.DefaultListableBeanFactory     : Autowiring by type from bean name 'webClientSsl' via factory method to bean named 'reactorClientHttpConnectorFactory'
2024-11-08T17:16:56.174+09:00 DEBUG 23248 --- [gateway] [    Test worker] o.s.b.f.s.DefaultListableBeanFactory     : Autowiring by type from bean name 'webClientSsl' via factory method to bean named 'sslBundleRegistry'
2024-11-08T17:16:56.174+09:00 DEBUG 23248 --- [gateway] [    Test worker] o.s.b.f.s.DefaultListableBeanFactory     : Creating shared instance of singleton bean 'org.springframework.cloud.autoconfigure.ConfigurationPropertiesRebinderAutoConfiguration'
2024-11-08T17:16:56.174+09:00 DEBUG 23248 --- [gateway] [    Test worker] o.s.b.f.s.DefaultListableBeanFactory     : Creating shared instance of singleton bean 'configurationPropertiesRebinder'
2024-11-08T17:16:56.175+09:00 DEBUG 23248 --- [gateway] [    Test worker] o.s.b.f.s.DefaultListableBeanFactory     : Autowiring by type from bean name 'configurationPropertiesRebinder' via factory method to bean named 'configurationPropertiesBeans'
2024-11-08T17:16:56.177+09:00 DEBUG 23248 --- [gateway] [    Test worker] o.s.b.f.s.DefaultListableBeanFactory     : Creating shared instance of singleton bean 'org.springframework.cloud.autoconfigure.LifecycleMvcEndpointAutoConfiguration'
2024-11-08T17:16:56.177+09:00 DEBUG 23248 --- [gateway] [    Test worker] o.s.b.f.s.DefaultListableBeanFactory     : Creating shared instance of singleton bean 'environmentManager'
2024-11-08T17:16:56.178+09:00 DEBUG 23248 --- [gateway] [    Test worker] o.s.b.f.s.DefaultListableBeanFactory     : Autowiring by type from bean name 'environmentManager' via factory method to bean named 'environment'
2024-11-08T17:16:56.178+09:00 DEBUG 23248 --- [gateway] [    Test worker] o.s.b.f.s.DefaultListableBeanFactory     : Creating shared instance of singleton bean 'org.springframework.cloud.client.CommonsClientAutoConfiguration'
2024-11-08T17:16:56.178+09:00 DEBUG 23248 --- [gateway] [    Test worker] o.s.b.f.s.DefaultListableBeanFactory     : Creating shared instance of singleton bean 'org.springframework.cloud.client.discovery.composite.reactive.ReactiveCompositeDiscoveryClientAutoConfiguration'
2024-11-08T17:16:56.178+09:00 DEBUG 23248 --- [gateway] [    Test worker] o.s.b.f.s.DefaultListableBeanFactory     : Creating shared instance of singleton bean 'reactiveCompositeDiscoveryClient'
2024-11-08T17:16:56.178+09:00 DEBUG 23248 --- [gateway] [    Test worker] o.s.b.f.s.DefaultListableBeanFactory     : Creating shared instance of singleton bean 'simpleReactiveDiscoveryClient'
2024-11-08T17:16:56.178+09:00 DEBUG 23248 --- [gateway] [    Test worker] o.s.b.f.s.DefaultListableBeanFactory     : Creating shared instance of singleton bean 'org.springframework.cloud.client.discovery.simple.reactive.SimpleReactiveDiscoveryClientAutoConfiguration'
2024-11-08T17:16:56.178+09:00 DEBUG 23248 --- [gateway] [    Test worker] o.s.c.e.PropertySourcesPropertyResolver  : Found key 'spring.application.name' in PropertySource 'environmentProperties' with value of type String
2024-11-08T17:16:56.178+09:00 DEBUG 23248 --- [gateway] [    Test worker] o.s.b.f.s.DefaultListableBeanFactory     : Creating shared instance of singleton bean 'simpleReactiveDiscoveryProperties'
2024-11-08T17:16:56.299+09:00 DEBUG 23248 --- [gateway] [    Test worker] o.s.b.f.s.DefaultListableBeanFactory     : Autowiring by type from bean name 'simpleReactiveDiscoveryClient' via factory method to bean named 'simpleReactiveDiscoveryProperties'
2024-11-08T17:16:56.300+09:00 DEBUG 23248 --- [gateway] [    Test worker] o.s.b.f.s.DefaultListableBeanFactory     : Autowiring by type from bean name 'reactiveCompositeDiscoveryClient' via factory method to bean named 'simpleReactiveDiscoveryClient'
2024-11-08T17:16:56.300+09:00 DEBUG 23248 --- [gateway] [    Test worker] o.s.b.f.s.DefaultListableBeanFactory     : Creating shared instance of singleton bean 'spring.cloud.discovery.client.health-indicator-org.springframework.cloud.client.discovery.health.DiscoveryClientHealthIndicatorProperties'
2024-11-08T17:16:56.302+09:00 DEBUG 23248 --- [gateway] [    Test worker] o.s.b.f.s.DefaultListableBeanFactory     : Creating shared instance of singleton bean 'org.springframework.cloud.client.ReactiveCommonsClientAutoConfiguration'
2024-11-08T17:16:56.302+09:00 DEBUG 23248 --- [gateway] [    Test worker] o.s.b.f.s.DefaultListableBeanFactory     : Creating shared instance of singleton bean 'org.springframework.cloud.client.serviceregistry.AutoServiceRegistrationConfiguration'
2024-11-08T17:16:56.302+09:00 DEBUG 23248 --- [gateway] [    Test worker] o.s.b.f.s.DefaultListableBeanFactory     : Creating shared instance of singleton bean 'spring.cloud.service-registry.auto-registration-org.springframework.cloud.client.serviceregistry.AutoServiceRegistrationProperties'
2024-11-08T17:16:56.303+09:00 DEBUG 23248 --- [gateway] [    Test worker] o.s.b.f.s.DefaultListableBeanFactory     : Creating shared instance of singleton bean 'org.springframework.cloud.client.serviceregistry.AutoServiceRegistrationAutoConfiguration'
2024-11-08T17:16:56.303+09:00 DEBUG 23248 --- [gateway] [    Test worker] o.s.b.f.s.DefaultListableBeanFactory     : Creating shared instance of singleton bean 'org.springframework.cloud.client.serviceregistry.ServiceRegistryAutoConfiguration'
2024-11-08T17:16:56.303+09:00 DEBUG 23248 --- [gateway] [    Test worker] o.s.b.f.s.DefaultListableBeanFactory     : Creating shared instance of singleton bean 'org.springframework.cloud.configuration.CompatibilityVerifierAutoConfiguration'
2024-11-08T17:16:56.303+09:00 DEBUG 23248 --- [gateway] [    Test worker] o.s.b.f.s.DefaultListableBeanFactory     : Creating shared instance of singleton bean 'compositeCompatibilityVerifier'
2024-11-08T17:16:56.303+09:00 DEBUG 23248 --- [gateway] [    Test worker] o.s.b.f.s.DefaultListableBeanFactory     : Creating shared instance of singleton bean 'springBootVersionVerifier'
2024-11-08T17:16:56.303+09:00 DEBUG 23248 --- [gateway] [    Test worker] o.s.b.f.s.DefaultListableBeanFactory     : Creating shared instance of singleton bean 'spring.cloud.compatibility-verifier-org.springframework.cloud.configuration.CompatibilityVerifierProperties'
2024-11-08T17:16:56.303+09:00 DEBUG 23248 --- [gateway] [    Test worker] o.s.b.f.s.DefaultListableBeanFactory     : Autowiring by type from bean name 'springBootVersionVerifier' via factory method to bean named 'spring.cloud.compatibility-verifier-org.springframework.cloud.configuration.CompatibilityVerifierProperties'
2024-11-08T17:16:56.303+09:00 DEBUG 23248 --- [gateway] [    Test worker] o.s.b.f.s.DefaultListableBeanFactory     : Creating shared instance of singleton bean 'sleuthPresentVerifier'
2024-11-08T17:16:56.303+09:00 DEBUG 23248 --- [gateway] [    Test worker] o.s.b.f.s.DefaultListableBeanFactory     : Autowiring by type from bean name 'compositeCompatibilityVerifier' via factory method to bean named 'springBootVersionVerifier'
2024-11-08T17:16:56.303+09:00 DEBUG 23248 --- [gateway] [    Test worker] o.s.b.f.s.DefaultListableBeanFactory     : Autowiring by type from bean name 'compositeCompatibilityVerifier' via factory method to bean named 'sleuthPresentVerifier'
2024-11-08T17:16:56.303+09:00 DEBUG 23248 --- [gateway] [    Test worker] o.s.c.c.SpringBootVersionVerifier        : Version found in Boot manifest [3.3.5]
2024-11-08T17:16:56.303+09:00 DEBUG 23248 --- [gateway] [    Test worker] o.s.c.c.SpringBootVersionVerifier        : Version found in Boot manifest [3.3.5]
2024-11-08T17:16:56.303+09:00 DEBUG 23248 --- [gateway] [    Test worker] o.s.c.c.CompositeCompatibilityVerifier   : All conditions are passing
2024-11-08T17:16:56.308+09:00 DEBUG 23248 --- [gateway] [    Test worker] o.s.b.f.s.DefaultListableBeanFactory     : Creating shared instance of singleton bean 'applicationTaskExecutor'
2024-11-08T17:16:56.308+09:00 DEBUG 23248 --- [gateway] [    Test worker] o.s.b.f.s.DefaultListableBeanFactory     : Autowiring by type from bean name 'applicationTaskExecutor' via factory method to bean named 'taskExecutorBuilder'
2024-11-08T17:16:56.318+09:00 DEBUG 23248 --- [gateway] [    Test worker] o.s.s.concurrent.ThreadPoolTaskExecutor  : Initializing ExecutorService 'applicationTaskExecutor'
2024-11-08T17:16:56.320+09:00 DEBUG 23248 --- [gateway] [    Test worker] o.s.c.support.DefaultLifecycleProcessor  : Starting beans in phase -2147483647
2024-11-08T17:16:56.320+09:00 DEBUG 23248 --- [gateway] [    Test worker] o.s.c.support.DefaultLifecycleProcessor  : Successfully started bean 'springBootLoggingLifecycle'
2024-11-08T17:16:56.320+09:00 DEBUG 23248 --- [gateway] [    Test worker] o.s.c.support.DefaultLifecycleProcessor  : Starting beans in phase 0
2024-11-08T17:16:56.321+09:00 DEBUG 23248 --- [gateway] [    Test worker] o.s.c.support.DefaultLifecycleProcessor  : Successfully started bean 'reactorResourceFactory'
2024-11-08T17:16:56.321+09:00 DEBUG 23248 --- [gateway] [    Test worker] o.s.c.support.DefaultLifecycleProcessor  : Starting beans in phase 2147483647
2024-11-08T17:16:56.334+09:00 DEBUG 23248 --- [gateway] [    Test worker] .s.b.a.l.ConditionEvaluationReportLogger : 


============================
CONDITIONS EVALUATION REPORT
============================


Positive matches:
-----------------

   AopAutoConfiguration matched:
      - @ConditionalOnProperty (spring.aop.auto=true) matched (OnPropertyCondition)

   AopAutoConfiguration.ClassProxyingConfiguration matched:
      - @ConditionalOnMissingClass did not find unwanted class 'org.aspectj.weaver.Advice' (OnClassCondition)
      - @ConditionalOnProperty (spring.aop.proxy-target-class=true) matched (OnPropertyCondition)

   ApplicationAvailabilityAutoConfiguration#applicationAvailability matched:
      - @ConditionalOnMissingBean (types: org.springframework.boot.availability.ApplicationAvailability; SearchStrategy: all) did not find any beans (OnBeanCondition)

   AutoServiceRegistrationAutoConfiguration matched:
      - @ConditionalOnProperty (spring.cloud.service-registry.auto-registration.enabled) matched (OnPropertyCondition)

   AutoServiceRegistrationConfiguration matched:
      - @ConditionalOnProperty (spring.cloud.service-registry.auto-registration.enabled) matched (OnPropertyCondition)

   ClientHttpConnectorAutoConfiguration matched:
      - @ConditionalOnClass found required class 'org.springframework.web.reactive.function.client.WebClient' (OnClassCondition)

   ClientHttpConnectorAutoConfiguration#webClientHttpConnector matched:
      - @ConditionalOnMissingBean (types: org.springframework.http.client.reactive.ClientHttpConnector; SearchStrategy: all) did not find any beans (OnBeanCondition)

   ClientHttpConnectorAutoConfiguration#webClientHttpConnectorCustomizer matched:
      - @ConditionalOnBean (types: org.springframework.http.client.reactive.ClientHttpConnector; SearchStrategy: all) found bean 'webClientHttpConnector' (OnBeanCondition)

   ClientHttpConnectorFactoryConfiguration.ReactorNetty matched:
      - @ConditionalOnClass found required class 'reactor.netty.http.client.HttpClient' (OnClassCondition)
      - @ConditionalOnMissingBean (types: org.springframework.boot.autoconfigure.web.reactive.function.client.ClientHttpConnectorFactory; SearchStrategy: all) did not find any beans (OnBeanCondition)

   CodecsAutoConfiguration matched:
      - @ConditionalOnClass found required classes 'org.springframework.http.codec.CodecConfigurer', 'org.springframework.web.reactive.function.client.WebClient' (OnClassCondition)

   CodecsAutoConfiguration.JacksonCodecConfiguration matched:
      - @ConditionalOnClass found required class 'com.fasterxml.jackson.databind.ObjectMapper' (OnClassCondition)

   CodecsAutoConfiguration.JacksonCodecConfiguration#jacksonCodecCustomizer matched:
      - @ConditionalOnBean (types: com.fasterxml.jackson.databind.ObjectMapper; SearchStrategy: all) found bean 'jacksonObjectMapper' (OnBeanCondition)

   CompatibilityVerifierAutoConfiguration matched:
      - @ConditionalOnProperty (spring.cloud.compatibility-verifier.enabled) matched (OnPropertyCondition)

   ConfigurationPropertiesRebinderAutoConfiguration matched:
      - @ConditionalOnBean (types: org.springframework.boot.context.properties.ConfigurationPropertiesBindingPostProcessor; SearchStrategy: all) found bean 'org.springframework.boot.context.properties.ConfigurationPropertiesBindingPostProcessor' (OnBeanCondition)

   ConfigurationPropertiesRebinderAutoConfiguration#configurationPropertiesBeans matched:
      - @ConditionalOnMissingBean (types: org.springframework.cloud.context.properties.ConfigurationPropertiesBeans; SearchStrategy: current) did not find any beans (OnBeanCondition)

   ConfigurationPropertiesRebinderAutoConfiguration#configurationPropertiesRebinder matched:
      - @ConditionalOnMissingBean (types: org.springframework.cloud.context.properties.ConfigurationPropertiesRebinder; SearchStrategy: current) did not find any beans (OnBeanCondition)

   EmbeddedWebServerFactoryCustomizerAutoConfiguration matched:
      - @ConditionalOnWebApplication (required) found ConfigurableReactiveWebEnvironment (OnWebApplicationCondition)
      - @ConditionalOnWarDeployment the application is not deployed as a WAR file. (OnWarDeploymentCondition)

   EmbeddedWebServerFactoryCustomizerAutoConfiguration.NettyWebServerFactoryCustomizerConfiguration matched:
      - @ConditionalOnClass found required class 'reactor.netty.http.server.HttpServer' (OnClassCondition)

   ErrorWebFluxAutoConfiguration matched:
      - @ConditionalOnClass found required class 'org.springframework.web.reactive.config.WebFluxConfigurer' (OnClassCondition)
      - found ConfigurableReactiveWebEnvironment (OnWebApplicationCondition)

   ErrorWebFluxAutoConfiguration#errorAttributes matched:
      - @ConditionalOnMissingBean (types: org.springframework.boot.web.reactive.error.ErrorAttributes; SearchStrategy: current) did not find any beans (OnBeanCondition)

   ErrorWebFluxAutoConfiguration#errorWebExceptionHandler matched:
      - @ConditionalOnMissingBean (types: org.springframework.boot.web.reactive.error.ErrorWebExceptionHandler; SearchStrategy: current) did not find any beans (OnBeanCondition)

   GatewayAutoConfiguration matched:
      - @ConditionalOnClass found required class 'org.springframework.web.reactive.DispatcherHandler' (OnClassCondition)
      - @ConditionalOnProperty (spring.cloud.gateway.enabled) matched (OnPropertyCondition)

   GatewayAutoConfiguration#adaptCachedBodyGlobalFilter matched:
      - matched (OnEnabledGlobalFilter)

   GatewayAutoConfiguration#addRequestHeaderGatewayFilterFactory matched:
      - matched (OnEnabledFilter)

   GatewayAutoConfiguration#addRequestHeadersIfNotPresentGatewayFilterFactory matched:
      - matched (OnEnabledFilter)

   GatewayAutoConfiguration#addRequestParameterGatewayFilterFactory matched:
      - matched (OnEnabledFilter)

   GatewayAutoConfiguration#addResponseHeaderGatewayFilterFactory matched:
      - matched (OnEnabledFilter)

   GatewayAutoConfiguration#afterRoutePredicateFactory matched:
      - matched (OnEnabledPredicate)

   GatewayAutoConfiguration#beforeRoutePredicateFactory matched:
      - matched (OnEnabledPredicate)

   GatewayAutoConfiguration#betweenRoutePredicateFactory matched:
      - matched (OnEnabledPredicate)

   GatewayAutoConfiguration#cacheRequestBodyGatewayFilterFactory matched:
      - matched (OnEnabledFilter)

   GatewayAutoConfiguration#cachedCompositeRouteLocator matched:
      - @ConditionalOnMissingBean (names: cachedCompositeRouteLocator; SearchStrategy: all) did not find any beans (OnBeanCondition)

   GatewayAutoConfiguration#cloudFoundryRouteServiceRoutePredicateFactory matched:
      - matched (OnEnabledPredicate)

   GatewayAutoConfiguration#cookieRoutePredicateFactory matched:
      - matched (OnEnabledPredicate)

   GatewayAutoConfiguration#corsGatewayFilterApplicationListener matched:
      - @ConditionalOnProperty (spring.cloud.gateway.globalcors.enabled) matched (OnPropertyCondition)

   GatewayAutoConfiguration#dedupeResponseHeaderGatewayFilterFactory matched:
      - matched (OnEnabledFilter)

   GatewayAutoConfiguration#filteringWebHandler matched:
      - @ConditionalOnMissingBean (types: org.springframework.cloud.gateway.handler.FilteringWebHandler; SearchStrategy: all) did not find any beans (OnBeanCondition)

   GatewayAutoConfiguration#forwardPathFilter matched:
      - matched (OnEnabledGlobalFilter)

   GatewayAutoConfiguration#forwardRoutingFilter matched:
      - matched (OnEnabledGlobalFilter)

   GatewayAutoConfiguration#forwardedHeadersFilter matched:
      - @ConditionalOnProperty (spring.cloud.gateway.forwarded.enabled) matched (OnPropertyCondition)

   GatewayAutoConfiguration#gRPCRequestHeadersFilter matched:
      - @ConditionalOnProperty (server.http2.enabled) matched (OnPropertyCondition)

   GatewayAutoConfiguration#gRPCResponseHeadersFilter matched:
      - @ConditionalOnProperty (server.http2.enabled) matched (OnPropertyCondition)

   GatewayAutoConfiguration#headerRoutePredicateFactory matched:
      - matched (OnEnabledPredicate)

   GatewayAutoConfiguration#hostRoutePredicateFactory matched:
      - matched (OnEnabledPredicate)

   GatewayAutoConfiguration#inMemoryRouteDefinitionRepository matched:
      - @ConditionalOnMissingBean (types: org.springframework.cloud.gateway.route.RouteDefinitionRepository; SearchStrategy: all) did not find any beans (OnBeanCondition)

   GatewayAutoConfiguration#mapRequestHeaderGatewayFilterFactory matched:
      - matched (OnEnabledFilter)

   GatewayAutoConfiguration#methodRoutePredicateFactory matched:
      - matched (OnEnabledPredicate)

   GatewayAutoConfiguration#modifyRequestBodyGatewayFilterFactory matched:
      - matched (OnEnabledFilter)

   GatewayAutoConfiguration#modifyResponseBodyGatewayFilterFactory matched:
      - matched (OnEnabledFilter)

   GatewayAutoConfiguration#pathRoutePredicateFactory matched:
      - matched (OnEnabledPredicate)

   GatewayAutoConfiguration#prefixPathGatewayFilterFactory matched:
      - matched (OnEnabledFilter)

   GatewayAutoConfiguration#preserveHostHeaderGatewayFilterFactory matched:
      - matched (OnEnabledFilter)

   GatewayAutoConfiguration#propertiesRouteDefinitionLocator matched:
      - @ConditionalOnMissingBean (types: org.springframework.cloud.gateway.config.PropertiesRouteDefinitionLocator; SearchStrategy: all) did not find any beans (OnBeanCondition)

   GatewayAutoConfiguration#queryRoutePredicateFactory matched:
      - matched (OnEnabledPredicate)

   GatewayAutoConfiguration#readBodyPredicateFactory matched:
      - matched (OnEnabledPredicate)

   GatewayAutoConfiguration#redirectToGatewayFilterFactory matched:
      - matched (OnEnabledFilter)

   GatewayAutoConfiguration#remoteAddrRoutePredicateFactory matched:
      - matched (OnEnabledPredicate)

   GatewayAutoConfiguration#removeCachedBodyFilter matched:
      - matched (OnEnabledGlobalFilter)

   GatewayAutoConfiguration#removeJsonAttributesResponseBodyGatewayFilterFactory matched:
      - matched (OnEnabledFilter)

   GatewayAutoConfiguration#removeRequestHeaderGatewayFilterFactory matched:
      - matched (OnEnabledFilter)

   GatewayAutoConfiguration#removeRequestParameterGatewayFilterFactory matched:
      - matched (OnEnabledFilter)

   GatewayAutoConfiguration#removeResponseHeaderGatewayFilterFactory matched:
      - matched (OnEnabledFilter)

   GatewayAutoConfiguration#requestHeaderSizeGatewayFilterFactory matched:
      - matched (OnEnabledFilter)

   GatewayAutoConfiguration#requestHeaderToRequestUriGatewayFilterFactory matched:
      - matched (OnEnabledFilter)

   GatewayAutoConfiguration#requestSizeGatewayFilterFactory matched:
      - matched (OnEnabledFilter)

   GatewayAutoConfiguration#retryGatewayFilterFactory matched:
      - matched (OnEnabledFilter)

   GatewayAutoConfiguration#rewriteLocationResponseHeaderGatewayFilterFactory matched:
      - matched (OnEnabledFilter)

   GatewayAutoConfiguration#rewritePathGatewayFilterFactory matched:
      - matched (OnEnabledFilter)

   GatewayAutoConfiguration#rewriteRequestParameterGatewayFilterFactory matched:
      - matched (OnEnabledFilter)

   GatewayAutoConfiguration#rewriteResponseHeaderGatewayFilterFactory matched:
      - matched (OnEnabledFilter)

   GatewayAutoConfiguration#routePredicateHandlerMapping matched:
      - @ConditionalOnMissingBean (types: org.springframework.cloud.gateway.handler.RoutePredicateHandlerMapping; SearchStrategy: all) did not find any beans (OnBeanCondition)

   GatewayAutoConfiguration#routeRefreshListener matched:
      - @ConditionalOnClass found required class 'org.springframework.cloud.client.discovery.event.HeartbeatMonitor' (OnClassCondition)
      - @ConditionalOnProperty (spring.cloud.gateway..route-refresh-listener.enabled) matched (OnPropertyCondition)

   GatewayAutoConfiguration#routeToRequestUrlFilter matched:
      - matched (OnEnabledGlobalFilter)

   GatewayAutoConfiguration#saveSessionGatewayFilterFactory matched:
      - matched (OnEnabledFilter)

   GatewayAutoConfiguration#secureHeadersGatewayFilterFactory matched:
      - matched (OnEnabledFilter)

   GatewayAutoConfiguration#setPathGatewayFilterFactory matched:
      - matched (OnEnabledFilter)

   GatewayAutoConfiguration#setRequestHeaderGatewayFilterFactory matched:
      - matched (OnEnabledFilter)

   GatewayAutoConfiguration#setRequestHostHeaderGatewayFilterFactory matched:
      - matched (OnEnabledFilter)

   GatewayAutoConfiguration#setResponseHeaderGatewayFilterFactory matched:
      - matched (OnEnabledFilter)

   GatewayAutoConfiguration#setStatusGatewayFilterFactory matched:
      - matched (OnEnabledFilter)

   GatewayAutoConfiguration#stripPrefixGatewayFilterFactory matched:
      - matched (OnEnabledFilter)

   GatewayAutoConfiguration#webSocketService matched:
      - matched (OnEnabledGlobalFilter)

   GatewayAutoConfiguration#websocketRoutingFilter matched:
      - matched (OnEnabledGlobalFilter)

   GatewayAutoConfiguration#weightCalculatorWebFilter matched:
      - matched (OnEnabledPredicate)

   GatewayAutoConfiguration#weightRoutePredicateFactory matched:
      - matched (OnEnabledPredicate)

   GatewayAutoConfiguration#xForwardedHeadersFilter matched:
      - @ConditionalOnProperty (spring.cloud.gateway.x-forwarded.enabled) matched (OnPropertyCondition)

   GatewayAutoConfiguration#xForwardedRemoteAddrRoutePredicateFactory matched:
      - matched (OnEnabledPredicate)

   GatewayAutoConfiguration.NettyConfiguration matched:
      - @ConditionalOnClass found required class 'reactor.netty.http.client.HttpClient' (OnClassCondition)

   GatewayAutoConfiguration.NettyConfiguration#gatewayHttpClientFactory matched:
      - @ConditionalOnMissingBean (types: reactor.netty.http.client.HttpClient,org.springframework.cloud.gateway.config.HttpClientFactory; SearchStrategy: all) did not find any beans (OnBeanCondition)

   GatewayAutoConfiguration.NettyConfiguration#nettyWriteResponseFilter matched:
      - matched (OnEnabledGlobalFilter)

   GatewayAutoConfiguration.NettyConfiguration#reactorNettyRequestUpgradeStrategy matched:
      - matched (OnEnabledGlobalFilter)

   GatewayAutoConfiguration.NettyConfiguration#reactorNettyWebSocketClient matched:
      - matched (OnEnabledGlobalFilter)

   GatewayAutoConfiguration.NettyConfiguration#routingFilter matched:
      - matched (OnEnabledGlobalFilter)

   GatewayClassPathWarningAutoConfiguration matched:
      - @ConditionalOnProperty (spring.cloud.gateway.enabled) matched (OnPropertyCondition)

   GatewayDiscoveryClientAutoConfiguration matched:
      - @ConditionalOnClass found required classes 'org.springframework.web.reactive.DispatcherHandler', 'org.springframework.cloud.client.discovery.composite.CompositeDiscoveryClientAutoConfiguration' (OnClassCondition)
      - @ConditionalOnProperty (spring.cloud.gateway.enabled) matched (OnPropertyCondition)

   GatewayDiscoveryClientAutoConfiguration.ReactiveDiscoveryClientRouteDefinitionLocatorConfiguration matched:
      - @ConditionalOnProperty (spring.cloud.discovery.reactive.enabled) matched (OnPropertyCondition)

   GatewayNoLoadBalancerClientAutoConfiguration matched:
      - @ConditionalOnMissingClass did not find unwanted class 'org.springframework.cloud.loadbalancer.core.ReactorLoadBalancer' (OnClassCondition)
      - @ConditionalOnMissingBean (types: org.springframework.cloud.client.loadbalancer.reactive.ReactiveLoadBalancer; SearchStrategy: all) did not find any beans (OnBeanCondition)

   GatewayNoLoadBalancerClientAutoConfiguration#noLoadBalancerClientFilter matched:
      - @ConditionalOnMissingBean (types: org.springframework.cloud.gateway.filter.ReactiveLoadBalancerClientFilter; SearchStrategy: all) did not find any beans (OnBeanCondition)

   GenericCacheConfiguration matched:
      - Cache org.springframework.boot.autoconfigure.cache.GenericCacheConfiguration automatic cache type (CacheCondition)

   HttpHandlerAutoConfiguration matched:
      - @ConditionalOnClass found required classes 'org.springframework.web.reactive.DispatcherHandler', 'org.springframework.http.server.reactive.HttpHandler' (OnClassCondition)
      - found ConfigurableReactiveWebEnvironment (OnWebApplicationCondition)
      - @ConditionalOnMissingBean (types: org.springframework.http.server.reactive.HttpHandler; SearchStrategy: all) did not find any beans (OnBeanCondition)

   JacksonAutoConfiguration matched:
      - @ConditionalOnClass found required class 'com.fasterxml.jackson.databind.ObjectMapper' (OnClassCondition)

   JacksonAutoConfiguration.Jackson2ObjectMapperBuilderCustomizerConfiguration matched:
      - @ConditionalOnClass found required class 'org.springframework.http.converter.json.Jackson2ObjectMapperBuilder' (OnClassCondition)

   JacksonAutoConfiguration.JacksonObjectMapperBuilderConfiguration matched:
      - @ConditionalOnClass found required class 'org.springframework.http.converter.json.Jackson2ObjectMapperBuilder' (OnClassCondition)

   JacksonAutoConfiguration.JacksonObjectMapperBuilderConfiguration#jacksonObjectMapperBuilder matched:
      - @ConditionalOnMissingBean (types: org.springframework.http.converter.json.Jackson2ObjectMapperBuilder; SearchStrategy: all) did not find any beans (OnBeanCondition)

   JacksonAutoConfiguration.JacksonObjectMapperConfiguration matched:
      - @ConditionalOnClass found required class 'org.springframework.http.converter.json.Jackson2ObjectMapperBuilder' (OnClassCondition)

   JacksonAutoConfiguration.JacksonObjectMapperConfiguration#jacksonObjectMapper matched:
      - @ConditionalOnMissingBean (types: com.fasterxml.jackson.databind.ObjectMapper; SearchStrategy: all) did not find any beans (OnBeanCondition)

   JacksonAutoConfiguration.ParameterNamesModuleConfiguration matched:
      - @ConditionalOnClass found required class 'com.fasterxml.jackson.module.paramnames.ParameterNamesModule' (OnClassCondition)

   JacksonAutoConfiguration.ParameterNamesModuleConfiguration#parameterNamesModule matched:
      - @ConditionalOnMissingBean (types: com.fasterxml.jackson.module.paramnames.ParameterNamesModule; SearchStrategy: all) did not find any beans (OnBeanCondition)

   LifecycleAutoConfiguration#defaultLifecycleProcessor matched:
      - @ConditionalOnMissingBean (names: lifecycleProcessor; SearchStrategy: current) did not find any beans (OnBeanCondition)

   LifecycleMvcEndpointAutoConfiguration#environmentManager matched:
      - @ConditionalOnMissingBean (types: org.springframework.cloud.context.environment.EnvironmentManager; SearchStrategy: all) did not find any beans (OnBeanCondition)

   NettyAutoConfiguration matched:
      - @ConditionalOnClass found required class 'io.netty.util.NettyRuntime' (OnClassCondition)

   NoOpCacheConfiguration matched:
      - Cache org.springframework.boot.autoconfigure.cache.NoOpCacheConfiguration automatic cache type (CacheCondition)

   PropertyPlaceholderAutoConfiguration#propertySourcesPlaceholderConfigurer matched:
      - @ConditionalOnMissingBean (types: org.springframework.context.support.PropertySourcesPlaceholderConfigurer; SearchStrategy: current) did not find any beans (OnBeanCondition)

   ReactiveCompositeDiscoveryClientAutoConfiguration matched:
      - @ConditionalOnClass found required class 'org.springframework.web.reactive.function.client.WebClient' (OnClassCondition)
      - @ConditionalOnProperty (spring.cloud.discovery.enabled) matched; @ConditionalOnProperty (spring.cloud.discovery.reactive.enabled) matched (OnPropertyCondition)

   ReactiveMultipartAutoConfiguration matched:
      - @ConditionalOnClass found required classes 'org.springframework.http.codec.multipart.DefaultPartHttpMessageReader', 'org.springframework.web.reactive.config.WebFluxConfigurer' (OnClassCondition)
      - found ConfigurableReactiveWebEnvironment (OnWebApplicationCondition)

   ReactiveOAuth2ResourceServerAutoConfiguration matched:
      - @ConditionalOnClass found required class 'org.springframework.security.config.annotation.web.reactive.EnableWebFluxSecurity' (OnClassCondition)
      - found ConfigurableReactiveWebEnvironment (OnWebApplicationCondition)

   ReactiveSecurityAutoConfiguration matched:
      - @ConditionalOnClass found required classes 'reactor.core.publisher.Flux', 'org.springframework.security.config.annotation.web.reactive.EnableWebFluxSecurity', 'org.springframework.security.web.server.WebFilterChainProxy', 'org.springframework.web.reactive.config.WebFluxConfigurer' (OnClassCondition)

   ReactiveSecurityAutoConfiguration.SpringBootWebFluxSecurityConfiguration matched:
      - found ConfigurableReactiveWebEnvironment (OnWebApplicationCondition)

   ReactiveWebServerFactoryAutoConfiguration matched:
      - @ConditionalOnClass found required class 'org.springframework.http.ReactiveHttpInputMessage' (OnClassCondition)
      - found ConfigurableReactiveWebEnvironment (OnWebApplicationCondition)

   ReactiveWebServerFactoryConfiguration.EmbeddedNetty matched:
      - @ConditionalOnClass found required class 'reactor.netty.http.server.HttpServer' (OnClassCondition)
      - @ConditionalOnMissingBean (types: org.springframework.boot.web.reactive.server.ReactiveWebServerFactory; SearchStrategy: all) did not find any beans (OnBeanCondition)

   ReactorAutoConfiguration matched:
      - @ConditionalOnClass found required class 'reactor.core.publisher.Hooks' (OnClassCondition)

   ReactorNettyConfigurations.ReactorResourceFactoryConfiguration#reactorResourceFactory matched:
      - @ConditionalOnMissingBean (types: org.springframework.http.client.ReactorResourceFactory; SearchStrategy: all) did not find any beans (OnBeanCondition)

   RefreshAutoConfiguration matched:
      - @ConditionalOnClass found required class 'org.springframework.cloud.context.scope.refresh.RefreshScope' (OnClassCondition)
      - @ConditionalOnProperty (spring.cloud.refresh.enabled) matched (OnPropertyCondition)

   RefreshAutoConfiguration#configDataContextRefresher matched:
      - @ConditionalOnMissingBean (types: org.springframework.cloud.context.refresh.ConfigDataContextRefresher; SearchStrategy: all) did not find any beans (OnBeanCondition)
      - NoneNestedConditions 0 matched 3 did not; NestedCondition on ConditionalOnBootstrapDisabled.OnBootstrapDisabledCondition.OnBootstrapEnabled @ConditionalOnProperty (spring.cloud.bootstrap.enabled) did not find property 'spring.cloud.bootstrap.enabled'; NestedCondition on ConditionalOnBootstrapDisabled.OnBootstrapDisabledCondition.OnUseLegacyProcessingEnabled @ConditionalOnProperty (spring.config.use-legacy-processing) did not find property 'spring.config.use-legacy-processing'; NestedCondition on ConditionalOnBootstrapDisabled.OnBootstrapDisabledCondition.OnBootstrapMarkerClassPresent @ConditionalOnClass did not find required class 'org.springframework.cloud.bootstrap.marker.Marker' (ConditionalOnBootstrapDisabled.OnBootstrapDisabledCondition)

   RefreshAutoConfiguration#loggingRebinder matched:
      - @ConditionalOnMissingBean (types: org.springframework.cloud.logging.LoggingRebinder; SearchStrategy: all) did not find any beans (OnBeanCondition)

   RefreshAutoConfiguration#refreshScope matched:
      - @ConditionalOnMissingBean (types: org.springframework.cloud.context.scope.refresh.RefreshScope; SearchStrategy: all) did not find any beans (OnBeanCondition)

   RefreshAutoConfiguration#refreshScopeLifecycle matched:
      - @ConditionalOnProperty (spring.cloud.refresh.on-restart.enabled) matched (OnPropertyCondition)

   SecurityAutoConfiguration matched:
      - @ConditionalOnClass found required class 'org.springframework.security.authentication.DefaultAuthenticationEventPublisher' (OnClassCondition)

   SecurityAutoConfiguration#authenticationEventPublisher matched:
      - @ConditionalOnMissingBean (types: org.springframework.security.authentication.AuthenticationEventPublisher; SearchStrategy: all) did not find any beans (OnBeanCondition)

   SimpleCacheConfiguration matched:
      - Cache org.springframework.boot.autoconfigure.cache.SimpleCacheConfiguration automatic cache type (CacheCondition)

   SimpleDiscoveryClientAutoConfiguration#simpleDiscoveryProperties matched:
      - @ConditionalOnMissingBean (types: org.springframework.cloud.client.discovery.simple.SimpleDiscoveryProperties; SearchStrategy: all) did not find any beans (OnBeanCondition)

   SimpleReactiveDiscoveryClientAutoConfiguration matched:
      - @ConditionalOnClass found required class 'org.springframework.web.reactive.function.client.WebClient' (OnClassCondition)
      - @ConditionalOnProperty (spring.cloud.discovery.enabled) matched; @ConditionalOnProperty (spring.cloud.discovery.reactive.enabled) matched (OnPropertyCondition)

   SqlInitializationAutoConfiguration matched:
      - @ConditionalOnProperty (spring.sql.init.enabled) matched (OnPropertyCondition)
      - NoneNestedConditions 0 matched 1 did not; NestedCondition on SqlInitializationAutoConfiguration.SqlInitializationModeCondition.ModeIsNever @ConditionalOnProperty (spring.sql.init.mode=never) did not find property 'mode' (SqlInitializationAutoConfiguration.SqlInitializationModeCondition)

   SslAutoConfiguration#sslBundleRegistry matched:
      - @ConditionalOnMissingBean (types: org.springframework.boot.ssl.SslBundleRegistry,org.springframework.boot.ssl.SslBundles; SearchStrategy: all) did not find any beans (OnBeanCondition)

   TaskExecutionAutoConfiguration matched:
      - @ConditionalOnClass found required class 'org.springframework.scheduling.concurrent.ThreadPoolTaskExecutor' (OnClassCondition)

   TaskExecutorConfigurations.SimpleAsyncTaskExecutorBuilderConfiguration#simpleAsyncTaskExecutorBuilder matched:
      - @ConditionalOnMissingBean (types: org.springframework.boot.task.SimpleAsyncTaskExecutorBuilder; SearchStrategy: all) did not find any beans (OnBeanCondition)
      - @ConditionalOnThreading found PLATFORM (OnThreadingCondition)

   TaskExecutorConfigurations.TaskExecutorBuilderConfiguration#taskExecutorBuilder matched:
      - @ConditionalOnMissingBean (types: org.springframework.boot.task.TaskExecutorBuilder; SearchStrategy: all) did not find any beans (OnBeanCondition)

   TaskExecutorConfigurations.TaskExecutorConfiguration matched:
      - @ConditionalOnMissingBean (types: java.util.concurrent.Executor; SearchStrategy: all) did not find any beans (OnBeanCondition)

   TaskExecutorConfigurations.TaskExecutorConfiguration#applicationTaskExecutor matched:
      - @ConditionalOnThreading found PLATFORM (OnThreadingCondition)

   TaskExecutorConfigurations.ThreadPoolTaskExecutorBuilderConfiguration#threadPoolTaskExecutorBuilder matched:
      - @ConditionalOnMissingBean (types: org.springframework.boot.task.TaskExecutorBuilder,org.springframework.boot.task.ThreadPoolTaskExecutorBuilder; SearchStrategy: all) did not find any beans (OnBeanCondition)

   TaskSchedulingAutoConfiguration matched:
      - @ConditionalOnClass found required class 'org.springframework.scheduling.concurrent.ThreadPoolTaskScheduler' (OnClassCondition)

   TaskSchedulingConfigurations.SimpleAsyncTaskSchedulerBuilderConfiguration#simpleAsyncTaskSchedulerBuilder matched:
      - @ConditionalOnMissingBean (types: org.springframework.boot.task.SimpleAsyncTaskSchedulerBuilder; SearchStrategy: all) did not find any beans (OnBeanCondition)
      - @ConditionalOnThreading found PLATFORM (OnThreadingCondition)

   TaskSchedulingConfigurations.TaskSchedulerBuilderConfiguration#taskSchedulerBuilder matched:
      - @ConditionalOnMissingBean (types: org.springframework.boot.task.TaskSchedulerBuilder; SearchStrategy: all) did not find any beans (OnBeanCondition)

   TaskSchedulingConfigurations.ThreadPoolTaskSchedulerBuilderConfiguration#threadPoolTaskSchedulerBuilder matched:
      - @ConditionalOnMissingBean (types: org.springframework.boot.task.TaskSchedulerBuilder,org.springframework.boot.task.ThreadPoolTaskSchedulerBuilder; SearchStrategy: all) did not find any beans (OnBeanCondition)

   UtilAutoConfiguration matched:
      - @ConditionalOnProperty (spring.cloud.util.enabled) matched (OnPropertyCondition)

   UtilAutoConfiguration#inetUtils matched:
      - @ConditionalOnMissingBean (types: org.springframework.cloud.commons.util.InetUtils; SearchStrategy: all) did not find any beans (OnBeanCondition)

   ValidationAutoConfiguration matched:
      - @ConditionalOnClass found required class 'jakarta.validation.executable.ExecutableValidator' (OnClassCondition)
      - @ConditionalOnResource found location classpath:META-INF/services/jakarta.validation.spi.ValidationProvider (OnResourceCondition)

   ValidationAutoConfiguration#defaultValidator matched:
      - @ConditionalOnMissingBean (types: jakarta.validation.Validator; SearchStrategy: all) did not find any beans (OnBeanCondition)

   ValidationAutoConfiguration#methodValidationPostProcessor matched:
      - @ConditionalOnMissingBean (types: org.springframework.validation.beanvalidation.MethodValidationPostProcessor; SearchStrategy: current) did not find any beans (OnBeanCondition)

   WebClientAutoConfiguration matched:
      - @ConditionalOnClass found required class 'org.springframework.web.reactive.function.client.WebClient' (OnClassCondition)

   WebClientAutoConfiguration#webClientBuilder matched:
      - @ConditionalOnMissingBean (types: org.springframework.web.reactive.function.client.WebClient$Builder; SearchStrategy: all) did not find any beans (OnBeanCondition)

   WebClientAutoConfiguration#webClientSsl matched:
      - @ConditionalOnBean (types: org.springframework.boot.ssl.SslBundles; SearchStrategy: all) found bean 'sslBundleRegistry'; @ConditionalOnMissingBean (types: org.springframework.boot.autoconfigure.web.reactive.function.client.WebClientSsl; SearchStrategy: all) did not find any beans (OnBeanCondition)

   WebClientAutoConfiguration.WebClientCodecsConfiguration matched:
      - @ConditionalOnBean (types: org.springframework.boot.web.codec.CodecCustomizer; SearchStrategy: all) found beans 'jacksonCodecCustomizer', 'defaultCodecCustomizer', 'defaultPartHttpMessageReaderCustomizer' (OnBeanCondition)

   WebClientAutoConfiguration.WebClientCodecsConfiguration#exchangeStrategiesCustomizer matched:
      - @ConditionalOnMissingBean (types: org.springframework.boot.autoconfigure.web.reactive.function.client.WebClientCodecCustomizer; SearchStrategy: all) did not find any beans (OnBeanCondition)

   WebFluxAutoConfiguration matched:
      - @ConditionalOnClass found required class 'org.springframework.web.reactive.config.WebFluxConfigurer' (OnClassCondition)
      - found ConfigurableReactiveWebEnvironment (OnWebApplicationCondition)
      - @ConditionalOnMissingBean (types: org.springframework.web.reactive.config.WebFluxConfigurationSupport; SearchStrategy: all) did not find any beans (OnBeanCondition)

   WebFluxAutoConfiguration.EnableWebFluxConfiguration#localeContextResolver matched:
      - @ConditionalOnMissingBean (names: localeContextResolver; SearchStrategy: all) did not find any beans (OnBeanCondition)

   WebFluxAutoConfiguration.EnableWebFluxConfiguration#webSessionManager matched:
      - @ConditionalOnMissingBean (names: webSessionManager; SearchStrategy: all) did not find any beans (OnBeanCondition)

   WebSessionIdResolverAutoConfiguration matched:
      - @ConditionalOnClass found required classes 'org.springframework.web.server.session.WebSessionManager', 'reactor.core.publisher.Mono' (OnClassCondition)
      - found ConfigurableReactiveWebEnvironment (OnWebApplicationCondition)

   WebSessionIdResolverAutoConfiguration#webSessionIdResolver matched:
      - @ConditionalOnMissingBean (types: org.springframework.web.server.session.WebSessionIdResolver; SearchStrategy: all) did not find any beans (OnBeanCondition)


Negative matches:
-----------------

   ActiveMQAutoConfiguration:
      Did not match:
         - @ConditionalOnClass did not find required class 'jakarta.jms.ConnectionFactory' (OnClassCondition)

   AopAutoConfiguration.AspectJAutoProxyingConfiguration:
      Did not match:
         - @ConditionalOnClass did not find required class 'org.aspectj.weaver.Advice' (OnClassCondition)

   ArtemisAutoConfiguration:
      Did not match:
         - @ConditionalOnClass did not find required class 'jakarta.jms.ConnectionFactory' (OnClassCondition)

   BatchAutoConfiguration:
      Did not match:
         - @ConditionalOnClass did not find required class 'org.springframework.batch.core.launch.JobLauncher' (OnClassCondition)

   Cache2kCacheConfiguration:
      Did not match:
         - @ConditionalOnClass did not find required class 'org.cache2k.Cache2kBuilder' (OnClassCondition)

   CacheAutoConfiguration:
      Did not match:
         - @ConditionalOnBean (types: org.springframework.cache.interceptor.CacheAspectSupport; SearchStrategy: all) did not find any beans of type org.springframework.cache.interceptor.CacheAspectSupport (OnBeanCondition)
      Matched:
         - @ConditionalOnClass found required class 'org.springframework.cache.CacheManager' (OnClassCondition)

   CacheAutoConfiguration.CacheManagerEntityManagerFactoryDependsOnPostProcessor:
      Did not match:
         - @ConditionalOnClass did not find required class 'org.springframework.orm.jpa.LocalContainerEntityManagerFactoryBean' (OnClassCondition)
         - Ancestor org.springframework.boot.autoconfigure.cache.CacheAutoConfiguration did not match (ConditionEvaluationReport.AncestorsMatchedCondition)

   CaffeineCacheConfiguration:
      Did not match:
         - @ConditionalOnClass did not find required class 'com.github.benmanes.caffeine.cache.Caffeine' (OnClassCondition)

   CassandraAutoConfiguration:
      Did not match:
         - @ConditionalOnClass did not find required class 'com.datastax.oss.driver.api.core.CqlSession' (OnClassCondition)

   CassandraDataAutoConfiguration:
      Did not match:
         - @ConditionalOnClass did not find required class 'com.datastax.oss.driver.api.core.CqlSession' (OnClassCondition)

   CassandraReactiveDataAutoConfiguration:
      Did not match:
         - @ConditionalOnClass did not find required class 'com.datastax.oss.driver.api.core.CqlSession' (OnClassCondition)

   CassandraReactiveRepositoriesAutoConfiguration:
      Did not match:
         - @ConditionalOnClass did not find required class 'org.springframework.data.cassandra.ReactiveSession' (OnClassCondition)

   CassandraRepositoriesAutoConfiguration:
      Did not match:
         - @ConditionalOnClass did not find required class 'com.datastax.oss.driver.api.core.CqlSession' (OnClassCondition)

   ClientHttpConnectorFactoryConfiguration.HttpClient5:
      Did not match:
         - @ConditionalOnClass did not find required classes 'org.apache.hc.client5.http.impl.async.HttpAsyncClients', 'org.apache.hc.core5.http.nio.AsyncRequestProducer', 'org.apache.hc.core5.reactive.ReactiveResponseConsumer' (OnClassCondition)

   ClientHttpConnectorFactoryConfiguration.JdkClient:
      Did not match:
         - @ConditionalOnMissingBean (types: org.springframework.boot.autoconfigure.web.reactive.function.client.ClientHttpConnectorFactory; SearchStrategy: all) found beans of type 'org.springframework.boot.autoconfigure.web.reactive.function.client.ClientHttpConnectorFactory' reactorClientHttpConnectorFactory (OnBeanCondition)
      Matched:
         - @ConditionalOnClass found required class 'java.net.http.HttpClient' (OnClassCondition)

   CloudHypermediaAutoConfiguration:
      Did not match:
         - @ConditionalOnClass did not find required class 'org.springframework.hateoas.Link' (OnClassCondition)

   CommonsClientAutoConfiguration.ActuatorConfiguration:
      Did not match:
         - @ConditionalOnClass did not find required class 'org.springframework.boot.actuate.endpoint.annotation.Endpoint' (OnClassCondition)

   CommonsClientAutoConfiguration.DiscoveryLoadBalancerConfiguration:
      Did not match:
         - @ConditionalOnClass did not find required class 'org.springframework.boot.actuate.health.HealthIndicator' (OnClassCondition)

   CouchbaseAutoConfiguration:
      Did not match:
         - @ConditionalOnClass did not find required class 'com.couchbase.client.java.Cluster' (OnClassCondition)

   CouchbaseCacheConfiguration:
      Did not match:
         - @ConditionalOnClass did not find required class 'com.couchbase.client.java.Cluster' (OnClassCondition)

   CouchbaseDataAutoConfiguration:
      Did not match:
         - @ConditionalOnClass did not find required class 'com.couchbase.client.java.Bucket' (OnClassCondition)

   CouchbaseReactiveDataAutoConfiguration:
      Did not match:
         - @ConditionalOnClass did not find required class 'com.couchbase.client.java.Cluster' (OnClassCondition)

   CouchbaseReactiveRepositoriesAutoConfiguration:
      Did not match:
         - @ConditionalOnClass did not find required class 'com.couchbase.client.java.Cluster' (OnClassCondition)

   CouchbaseRepositoriesAutoConfiguration:
      Did not match:
         - @ConditionalOnClass did not find required class 'com.couchbase.client.java.Bucket' (OnClassCondition)

   DataSourceAutoConfiguration:
      Did not match:
         - @ConditionalOnClass did not find required class 'org.springframework.jdbc.datasource.embedded.EmbeddedDatabaseType' (OnClassCondition)

   DataSourceInitializationConfiguration:
      Did not match:
         - @ConditionalOnClass did not find required class 'org.springframework.jdbc.datasource.init.DatabasePopulator' (OnClassCondition)

   DataSourceTransactionManagerAutoConfiguration:
      Did not match:
         - @ConditionalOnClass did not find required class 'org.springframework.jdbc.core.JdbcTemplate' (OnClassCondition)

   DispatcherServletAutoConfiguration:
      Did not match:
         - @ConditionalOnClass did not find required class 'org.springframework.web.servlet.DispatcherServlet' (OnClassCondition)

   ElasticsearchClientAutoConfiguration:
      Did not match:
         - @ConditionalOnClass did not find required class 'co.elastic.clients.elasticsearch.ElasticsearchClient' (OnClassCondition)

   ElasticsearchDataAutoConfiguration:
      Did not match:
         - @ConditionalOnClass did not find required class 'org.springframework.data.elasticsearch.client.elc.ElasticsearchTemplate' (OnClassCondition)

   ElasticsearchRepositoriesAutoConfiguration:
      Did not match:
         - @ConditionalOnClass did not find required class 'org.springframework.data.elasticsearch.repository.ElasticsearchRepository' (OnClassCondition)

   ElasticsearchRestClientAutoConfiguration:
      Did not match:
         - @ConditionalOnClass did not find required class 'org.elasticsearch.client.RestClientBuilder' (OnClassCondition)

   EmbeddedLdapAutoConfiguration:
      Did not match:
         - @ConditionalOnClass did not find required class 'com.unboundid.ldap.listener.InMemoryDirectoryServer' (OnClassCondition)

   EmbeddedWebServerFactoryCustomizerAutoConfiguration.JettyWebServerFactoryCustomizerConfiguration:
      Did not match:
         - @ConditionalOnClass did not find required classes 'org.eclipse.jetty.server.Server', 'org.eclipse.jetty.util.Loader', 'org.eclipse.jetty.ee10.webapp.WebAppContext' (OnClassCondition)

   EmbeddedWebServerFactoryCustomizerAutoConfiguration.TomcatWebServerFactoryCustomizerConfiguration:
      Did not match:
         - @ConditionalOnClass did not find required classes 'org.apache.catalina.startup.Tomcat', 'org.apache.coyote.UpgradeProtocol' (OnClassCondition)

   EmbeddedWebServerFactoryCustomizerAutoConfiguration.UndertowWebServerFactoryCustomizerConfiguration:
      Did not match:
         - @ConditionalOnClass did not find required classes 'io.undertow.Undertow', 'org.xnio.SslClientAuthMode' (OnClassCondition)

   ErrorMvcAutoConfiguration:
      Did not match:
         - @ConditionalOnClass did not find required class 'jakarta.servlet.Servlet' (OnClassCondition)

   FlywayAutoConfiguration:
      Did not match:
         - @ConditionalOnClass did not find required class 'org.flywaydb.core.Flyway' (OnClassCondition)

   FreeMarkerAutoConfiguration:
      Did not match:
         - @ConditionalOnClass did not find required class 'freemarker.template.Configuration' (OnClassCondition)

   GatewayAutoConfiguration#grpcSslConfigurer:
      Did not match:
         - @ConditionalOnClass did not find required class 'io.grpc.Channel' (OnClassCondition)

   GatewayAutoConfiguration#jsonToGRPCFilterFactory:
      Did not match:
         - @ConditionalOnClass did not find required class 'io.grpc.Channel' (OnClassCondition)

   GatewayAutoConfiguration#principalNameKeyResolver:
      Did not match:
         - @ConditionalOnBean (types: org.springframework.cloud.gateway.filter.ratelimit.RateLimiter; SearchStrategy: all) did not find any beans of type org.springframework.cloud.gateway.filter.ratelimit.RateLimiter (OnBeanCondition)

   GatewayAutoConfiguration#requestRateLimiterGatewayFilterFactory:
      Did not match:
         - @ConditionalOnBean (types: org.springframework.cloud.gateway.filter.ratelimit.RateLimiter,org.springframework.cloud.gateway.filter.ratelimit.KeyResolver; SearchStrategy: all) did not find any beans of type org.springframework.cloud.gateway.filter.ratelimit.RateLimiter, org.springframework.cloud.gateway.filter.ratelimit.KeyResolver (OnBeanCondition)

   GatewayAutoConfiguration.GatewayActuatorConfiguration:
      Did not match:
         - @ConditionalOnClass did not find required class 'org.springframework.boot.actuate.health.Health' (OnClassCondition)

   GatewayAutoConfiguration.NettyConfiguration#nettyServerWiretapCustomizer:
      Did not match:
         - @ConditionalOnProperty (spring.cloud.gateway.httpserver.wiretap) did not find property 'spring.cloud.gateway.httpserver.wiretap' (OnPropertyCondition)

   GatewayAutoConfiguration.TokenRelayConfiguration:
      Did not match:
         - @ConditionalOnClass did not find required class 'org.springframework.security.oauth2.client.OAuth2AuthorizedClient' (OnClassCondition)

   GatewayClassPathWarningAutoConfiguration.SpringMvcFoundOnClasspathConfiguration:
      Did not match:
         - @ConditionalOnClass did not find required class 'org.springframework.web.servlet.DispatcherServlet' (OnClassCondition)

   GatewayClassPathWarningAutoConfiguration.WebfluxMissingFromClasspathConfiguration:
      Did not match:
         - @ConditionalOnMissingClass found unwanted class 'org.springframework.web.reactive.DispatcherHandler' (OnClassCondition)

   GatewayDiscoveryClientAutoConfiguration.ReactiveDiscoveryClientRouteDefinitionLocatorConfiguration#discoveryClientRouteDefinitionLocator:
      Did not match:
         - @ConditionalOnProperty (spring.cloud.gateway.discovery.locator.enabled) did not find property 'spring.cloud.gateway.discovery.locator.enabled' (OnPropertyCondition)

   GatewayMetricsAutoConfiguration:
      Did not match:
         - @ConditionalOnClass did not find required class 'io.micrometer.core.instrument.MeterRegistry' (OnClassCondition)

   GatewayReactiveLoadBalancerClientAutoConfiguration:
      Did not match:
         - @ConditionalOnClass did not find required class 'org.springframework.cloud.loadbalancer.config.LoadBalancerAutoConfiguration' (OnClassCondition)

   GatewayReactiveOAuth2AutoConfiguration:
      Did not match:
         - @ConditionalOnClass did not find required class 'org.springframework.security.oauth2.client.OAuth2AuthorizedClient' (OnClassCondition)

   GatewayRedisAutoConfiguration:
      Did not match:
         - @ConditionalOnClass did not find required class 'org.springframework.data.redis.core.RedisTemplate' (OnClassCondition)

   GatewayResilience4JCircuitBreakerAutoConfiguration:
      Did not match:
         - @ConditionalOnClass did not find required class 'org.springframework.cloud.circuitbreaker.resilience4j.ReactiveResilience4JAutoConfiguration' (OnClassCondition)

   GraphQlAutoConfiguration:
      Did not match:
         - @ConditionalOnClass did not find required class 'graphql.GraphQL' (OnClassCondition)

   GraphQlQueryByExampleAutoConfiguration:
      Did not match:
         - @ConditionalOnClass did not find required class 'graphql.GraphQL' (OnClassCondition)

   GraphQlQuerydslAutoConfiguration:
      Did not match:
         - @ConditionalOnClass did not find required class 'com.querydsl.core.Query' (OnClassCondition)

   GraphQlRSocketAutoConfiguration:
      Did not match:
         - @ConditionalOnClass did not find required class 'graphql.GraphQL' (OnClassCondition)

   GraphQlReactiveQueryByExampleAutoConfiguration:
      Did not match:
         - @ConditionalOnClass did not find required class 'graphql.GraphQL' (OnClassCondition)

   GraphQlReactiveQuerydslAutoConfiguration:
      Did not match:
         - @ConditionalOnClass did not find required class 'com.querydsl.core.Query' (OnClassCondition)

   GraphQlWebFluxAutoConfiguration:
      Did not match:
         - @ConditionalOnClass did not find required class 'graphql.GraphQL' (OnClassCondition)

   GraphQlWebFluxSecurityAutoConfiguration:
      Did not match:
         - @ConditionalOnClass did not find required class 'graphql.GraphQL' (OnClassCondition)

   GraphQlWebMvcAutoConfiguration:
      Did not match:
         - @ConditionalOnClass did not find required class 'graphql.GraphQL' (OnClassCondition)

   GraphQlWebMvcSecurityAutoConfiguration:
      Did not match:
         - @ConditionalOnClass did not find required class 'graphql.GraphQL' (OnClassCondition)

   GroovyTemplateAutoConfiguration:
      Did not match:
         - @ConditionalOnClass did not find required class 'groovy.text.markup.MarkupTemplateEngine' (OnClassCondition)

   GsonAutoConfiguration:
      Did not match:
         - @ConditionalOnClass did not find required class 'com.google.gson.Gson' (OnClassCondition)

   H2ConsoleAutoConfiguration:
      Did not match:
         - @ConditionalOnClass did not find required class 'org.h2.server.web.JakartaWebServlet' (OnClassCondition)

   HazelcastAutoConfiguration:
      Did not match:
         - @ConditionalOnClass did not find required class 'com.hazelcast.core.HazelcastInstance' (OnClassCondition)

   HazelcastCacheConfiguration:
      Did not match:
         - @ConditionalOnClass did not find required class 'com.hazelcast.core.HazelcastInstance' (OnClassCondition)

   HazelcastJpaDependencyAutoConfiguration:
      Did not match:
         - @ConditionalOnClass did not find required class 'com.hazelcast.core.HazelcastInstance' (OnClassCondition)

   HibernateJpaAutoConfiguration:
      Did not match:
         - @ConditionalOnClass did not find required class 'jakarta.persistence.EntityManager' (OnClassCondition)

   HttpEncodingAutoConfiguration:
      Did not match:
         - @ConditionalOnClass did not find required class 'org.springframework.web.filter.CharacterEncodingFilter' (OnClassCondition)

   HttpMessageConvertersAutoConfiguration:
      Did not match:
         - NoneNestedConditions 1 matched 0 did not; NestedCondition on HttpMessageConvertersAutoConfiguration.NotReactiveWebApplicationCondition.ReactiveWebApplication found ConfigurableReactiveWebEnvironment (HttpMessageConvertersAutoConfiguration.NotReactiveWebApplicationCondition)
      Matched:
         - @ConditionalOnClass found required class 'org.springframework.http.converter.HttpMessageConverter' (OnClassCondition)

   HypermediaAutoConfiguration:
      Did not match:
         - @ConditionalOnClass did not find required class 'org.springframework.hateoas.EntityModel' (OnClassCondition)

   InfinispanCacheConfiguration:
      Did not match:
         - @ConditionalOnClass did not find required class 'org.infinispan.spring.embedded.provider.SpringEmbeddedCacheManager' (OnClassCondition)

   InfluxDbAutoConfiguration:
      Did not match:
         - @ConditionalOnClass did not find required class 'org.influxdb.InfluxDB' (OnClassCondition)

   IntegrationAutoConfiguration:
      Did not match:
         - @ConditionalOnClass did not find required class 'org.springframework.integration.config.EnableIntegration' (OnClassCondition)

   JCacheCacheConfiguration:
      Did not match:
         - @ConditionalOnClass did not find required class 'javax.cache.Caching' (OnClassCondition)

   JdbcClientAutoConfiguration:
      Did not match:
         - @ConditionalOnSingleCandidate did not find required type 'org.springframework.jdbc.core.namedparam.NamedParameterJdbcTemplate' (OnBeanCondition)

   JdbcRepositoriesAutoConfiguration:
      Did not match:
         - @ConditionalOnClass did not find required class 'org.springframework.data.jdbc.repository.config.AbstractJdbcConfiguration' (OnClassCondition)

   JdbcTemplateAutoConfiguration:
      Did not match:
         - @ConditionalOnClass did not find required class 'org.springframework.jdbc.core.JdbcTemplate' (OnClassCondition)

   JerseyAutoConfiguration:
      Did not match:
         - @ConditionalOnClass did not find required class 'jakarta.servlet.ServletRegistration' (OnClassCondition)

   JmsAutoConfiguration:
      Did not match:
         - @ConditionalOnClass did not find required class 'jakarta.jms.Message' (OnClassCondition)

   JmxAutoConfiguration:
      Did not match:
         - @ConditionalOnProperty (spring.jmx.enabled=true) found different value in property 'enabled' (OnPropertyCondition)
      Matched:
         - @ConditionalOnClass found required class 'org.springframework.jmx.export.MBeanExporter' (OnClassCondition)

   JndiConnectionFactoryAutoConfiguration:
      Did not match:
         - @ConditionalOnClass did not find required class 'org.springframework.jms.core.JmsTemplate' (OnClassCondition)

   JndiDataSourceAutoConfiguration:
      Did not match:
         - @ConditionalOnClass did not find required class 'org.springframework.jdbc.datasource.embedded.EmbeddedDatabaseType' (OnClassCondition)

   JooqAutoConfiguration:
      Did not match:
         - @ConditionalOnClass did not find required class 'org.jooq.DSLContext' (OnClassCondition)

   JpaRepositoriesAutoConfiguration:
      Did not match:
         - @ConditionalOnClass did not find required class 'org.springframework.data.jpa.repository.JpaRepository' (OnClassCondition)

   JsonbAutoConfiguration:
      Did not match:
         - @ConditionalOnClass did not find required class 'jakarta.json.bind.Jsonb' (OnClassCondition)

   JtaAutoConfiguration:
      Did not match:
         - @ConditionalOnClass did not find required class 'jakarta.transaction.Transaction' (OnClassCondition)

   KafkaAutoConfiguration:
      Did not match:
         - @ConditionalOnClass did not find required class 'org.springframework.kafka.core.KafkaTemplate' (OnClassCondition)

   LdapAutoConfiguration:
      Did not match:
         - @ConditionalOnClass did not find required class 'org.springframework.ldap.core.ContextSource' (OnClassCondition)

   LdapRepositoriesAutoConfiguration:
      Did not match:
         - @ConditionalOnClass did not find required class 'org.springframework.data.ldap.repository.LdapRepository' (OnClassCondition)

   LiquibaseAutoConfiguration:
      Did not match:
         - @ConditionalOnClass did not find required class 'liquibase.change.DatabaseChange' (OnClassCondition)

   LoadBalancerAutoConfiguration:
      Did not match:
         - @ConditionalOnBean (types: org.springframework.cloud.client.loadbalancer.LoadBalancerClient; SearchStrategy: all) did not find any beans of type org.springframework.cloud.client.loadbalancer.LoadBalancerClient (OnBeanCondition)
      Matched:
         - AnyNestedCondition 2 matched 0 did not; NestedCondition on BlockingRestClassesPresentCondition.RestClientPresent @ConditionalOnClass found required class 'org.springframework.web.client.RestClient'; NestedCondition on BlockingRestClassesPresentCondition.RestTemplatePresent @ConditionalOnClass found required class 'org.springframework.web.client.RestTemplate' (BlockingRestClassesPresentCondition)

   LoadBalancerAutoConfiguration.RetryAutoConfiguration:
      Did not match:
         - @ConditionalOnClass did not find required class 'org.springframework.retry.support.RetryTemplate' (OnClassCondition)
         - Ancestor org.springframework.cloud.client.loadbalancer.LoadBalancerAutoConfiguration did not match (ConditionEvaluationReport.AncestorsMatchedCondition)

   LoadBalancerAutoConfiguration.RetryInterceptorAutoConfiguration:
      Did not match:
         - @ConditionalOnClass did not find required class 'org.springframework.retry.support.RetryTemplate' (OnClassCondition)
         - Ancestor org.springframework.cloud.client.loadbalancer.LoadBalancerAutoConfiguration did not match (ConditionEvaluationReport.AncestorsMatchedCondition)

   LoadBalancerBeanPostProcessorAutoConfiguration:
      Did not match:
         - AnyNestedCondition 0 matched 2 did not; NestedCondition on LoadBalancerBeanPostProcessorAutoConfiguration.OnAnyLoadBalancerImplementationPresentCondition.LoadBalancerClientPresent @ConditionalOnBean (types: org.springframework.cloud.client.loadbalancer.LoadBalancerClient; SearchStrategy: all) did not find any beans of type org.springframework.cloud.client.loadbalancer.LoadBalancerClient; NestedCondition on LoadBalancerBeanPostProcessorAutoConfiguration.OnAnyLoadBalancerImplementationPresentCondition.ReactiveLoadBalancerFactoryPresent @ConditionalOnBean (types: org.springframework.cloud.client.loadbalancer.reactive.ReactiveLoadBalancer$Factory; SearchStrategy: all) did not find any beans of type org.springframework.cloud.client.loadbalancer.reactive.ReactiveLoadBalancer$Factory (LoadBalancerBeanPostProcessorAutoConfiguration.OnAnyLoadBalancerImplementationPresentCondition)
      Matched:
         - @ConditionalOnClass found required class 'org.springframework.web.reactive.function.client.WebClient' (OnClassCondition)

   LocalResponseCacheAutoConfiguration:
      Did not match:
         - @ConditionalOnClass did not find required class 'com.github.benmanes.caffeine.cache.Caffeine' (OnClassCondition)

   MailSenderAutoConfiguration:
      Did not match:
         - @ConditionalOnClass did not find required class 'jakarta.mail.internet.MimeMessage' (OnClassCondition)

   MailSenderValidatorAutoConfiguration:
      Did not match:
         - @ConditionalOnSingleCandidate did not find required type 'org.springframework.mail.javamail.JavaMailSenderImpl' (OnBeanCondition)

   MessageSourceAutoConfiguration:
      Did not match:
         - ResourceBundle did not find bundle with basename messages (MessageSourceAutoConfiguration.ResourceBundleCondition)

   MongoAutoConfiguration:
      Did not match:
         - @ConditionalOnClass did not find required class 'com.mongodb.client.MongoClient' (OnClassCondition)

   MongoDataAutoConfiguration:
      Did not match:
         - @ConditionalOnClass did not find required class 'com.mongodb.client.MongoClient' (OnClassCondition)

   MongoReactiveAutoConfiguration:
      Did not match:
         - @ConditionalOnClass did not find required class 'com.mongodb.reactivestreams.client.MongoClient' (OnClassCondition)

   MongoReactiveDataAutoConfiguration:
      Did not match:
         - @ConditionalOnClass did not find required class 'com.mongodb.reactivestreams.client.MongoClient' (OnClassCondition)

   MongoReactiveRepositoriesAutoConfiguration:
      Did not match:
         - @ConditionalOnClass did not find required class 'com.mongodb.reactivestreams.client.MongoClient' (OnClassCondition)

   MongoRepositoriesAutoConfiguration:
      Did not match:
         - @ConditionalOnClass did not find required class 'com.mongodb.client.MongoClient' (OnClassCondition)

   MultipartAutoConfiguration:
      Did not match:
         - @ConditionalOnClass did not find required class 'jakarta.servlet.MultipartConfigElement' (OnClassCondition)

   MustacheAutoConfiguration:
      Did not match:
         - @ConditionalOnClass did not find required class 'com.samskivert.mustache.Mustache' (OnClassCondition)

   Neo4jAutoConfiguration:
      Did not match:
         - @ConditionalOnClass did not find required class 'org.neo4j.driver.Driver' (OnClassCondition)

   Neo4jDataAutoConfiguration:
      Did not match:
         - @ConditionalOnClass did not find required class 'org.neo4j.driver.Driver' (OnClassCondition)

   Neo4jReactiveDataAutoConfiguration:
      Did not match:
         - @ConditionalOnClass did not find required class 'org.neo4j.driver.Driver' (OnClassCondition)

   Neo4jReactiveRepositoriesAutoConfiguration:
      Did not match:
         - @ConditionalOnClass did not find required class 'org.neo4j.driver.Driver' (OnClassCondition)

   Neo4jRepositoriesAutoConfiguration:
      Did not match:
         - @ConditionalOnClass did not find required class 'org.neo4j.driver.Driver' (OnClassCondition)

   OAuth2AuthorizationServerAutoConfiguration:
      Did not match:
         - @ConditionalOnClass did not find required class 'org.springframework.security.oauth2.server.authorization.OAuth2Authorization' (OnClassCondition)

   OAuth2AuthorizationServerJwtAutoConfiguration:
      Did not match:
         - @ConditionalOnClass did not find required class 'org.springframework.security.oauth2.server.authorization.OAuth2Authorization' (OnClassCondition)

   OAuth2ClientAutoConfiguration:
      Did not match:
         - @ConditionalOnClass did not find required class 'org.springframework.security.oauth2.client.registration.ClientRegistration' (OnClassCondition)

   OAuth2ResourceServerAutoConfiguration:
      Did not match:
         - @ConditionalOnClass did not find required class 'org.springframework.security.oauth2.server.resource.authentication.BearerTokenAuthenticationToken' (OnClassCondition)

   PersistenceExceptionTranslationAutoConfiguration:
      Did not match:
         - @ConditionalOnClass did not find required class 'org.springframework.dao.annotation.PersistenceExceptionTranslationPostProcessor' (OnClassCondition)

   ProjectInfoAutoConfiguration#buildProperties:
      Did not match:
         - @ConditionalOnResource did not find resource '${spring.info.build.location:classpath:META-INF/build-info.properties}' (OnResourceCondition)

   ProjectInfoAutoConfiguration#gitProperties:
      Did not match:
         - GitResource did not find git info at classpath:git.properties (ProjectInfoAutoConfiguration.GitResourceAvailableCondition)

   PulsarAutoConfiguration:
      Did not match:
         - @ConditionalOnClass did not find required class 'org.apache.pulsar.client.api.PulsarClient' (OnClassCondition)

   PulsarReactiveAutoConfiguration:
      Did not match:
         - @ConditionalOnClass did not find required class 'org.apache.pulsar.client.api.PulsarClient' (OnClassCondition)

   QuartzAutoConfiguration:
      Did not match:
         - @ConditionalOnClass did not find required class 'org.quartz.Scheduler' (OnClassCondition)

   R2dbcAutoConfiguration:
      Did not match:
         - @ConditionalOnClass did not find required class 'io.r2dbc.spi.ConnectionFactory' (OnClassCondition)

   R2dbcDataAutoConfiguration:
      Did not match:
         - @ConditionalOnClass did not find required class 'org.springframework.data.r2dbc.core.R2dbcEntityTemplate' (OnClassCondition)

   R2dbcInitializationConfiguration:
      Did not match:
         - @ConditionalOnClass did not find required classes 'io.r2dbc.spi.ConnectionFactory', 'org.springframework.r2dbc.connection.init.DatabasePopulator' (OnClassCondition)

   R2dbcRepositoriesAutoConfiguration:
      Did not match:
         - @ConditionalOnClass did not find required class 'io.r2dbc.spi.ConnectionFactory' (OnClassCondition)

   R2dbcTransactionManagerAutoConfiguration:
      Did not match:
         - @ConditionalOnClass did not find required class 'org.springframework.r2dbc.connection.R2dbcTransactionManager' (OnClassCondition)

   RSocketGraphQlClientAutoConfiguration:
      Did not match:
         - @ConditionalOnClass did not find required class 'graphql.GraphQL' (OnClassCondition)

   RSocketMessagingAutoConfiguration:
      Did not match:
         - @ConditionalOnClass did not find required class 'io.rsocket.RSocket' (OnClassCondition)

   RSocketRequesterAutoConfiguration:
      Did not match:
         - @ConditionalOnClass did not find required class 'io.rsocket.RSocket' (OnClassCondition)

   RSocketSecurityAutoConfiguration:
      Did not match:
         - @ConditionalOnClass did not find required class 'org.springframework.security.rsocket.core.SecuritySocketAcceptorInterceptor' (OnClassCondition)

   RSocketServerAutoConfiguration:
      Did not match:
         - @ConditionalOnClass did not find required class 'io.rsocket.core.RSocketServer' (OnClassCondition)

   RSocketStrategiesAutoConfiguration:
      Did not match:
         - @ConditionalOnClass did not find required class 'io.rsocket.RSocket' (OnClassCondition)

   RabbitAutoConfiguration:
      Did not match:
         - @ConditionalOnClass did not find required class 'com.rabbitmq.client.Channel' (OnClassCondition)

   ReactiveCommonsClientAutoConfiguration.ReactiveDiscoveryLoadBalancerConfiguration:
      Did not match:
         - @ConditionalOnClass did not find required class 'org.springframework.boot.actuate.health.ReactiveHealthIndicator' (OnClassCondition)

   ReactiveElasticsearchClientAutoConfiguration:
      Did not match:
         - @ConditionalOnClass did not find required class 'co.elastic.clients.transport.ElasticsearchTransport' (OnClassCondition)

   ReactiveElasticsearchRepositoriesAutoConfiguration:
      Did not match:
         - @ConditionalOnClass did not find required class 'org.springframework.data.elasticsearch.client.elc.ReactiveElasticsearchClient' (OnClassCondition)

   ReactiveOAuth2ClientAutoConfiguration:
      Did not match:
         - @ConditionalOnClass did not find required class 'org.springframework.security.oauth2.client.registration.ClientRegistration' (OnClassCondition)

   ReactiveOAuth2ResourceServerConfiguration.JwtConfiguration:
      Did not match:
         - @ConditionalOnClass did not find required classes 'org.springframework.security.oauth2.server.resource.authentication.BearerTokenAuthenticationToken', 'org.springframework.security.oauth2.jwt.ReactiveJwtDecoder' (OnClassCondition)

   ReactiveOAuth2ResourceServerConfiguration.OpaqueTokenConfiguration:
      Did not match:
         - @ConditionalOnClass did not find required classes 'org.springframework.security.oauth2.server.resource.authentication.BearerTokenAuthenticationToken', 'org.springframework.security.oauth2.server.resource.introspection.ReactiveOpaqueTokenIntrospector' (OnClassCondition)

   ReactiveSecurityAutoConfiguration.SpringBootWebFluxSecurityConfiguration#denyAllAuthenticationManager:
      Did not match:
         - @ConditionalOnMissingBean (types: org.springframework.security.authentication.ReactiveAuthenticationManager,org.springframework.security.core.userdetails.ReactiveUserDetailsService,org.springframework.security.web.server.SecurityWebFilterChain; SearchStrategy: all) found beans of type 'org.springframework.security.web.server.SecurityWebFilterChain' securityWebFilterChain and found beans of type 'org.springframework.security.authentication.ReactiveAuthenticationManager' authenticationManager (OnBeanCondition)

   ReactiveSecurityAutoConfiguration.SpringBootWebFluxSecurityConfiguration.EnableWebFluxSecurityConfiguration:
      Did not match:
         - @ConditionalOnMissingBean (types: org.springframework.security.web.server.WebFilterChainProxy; SearchStrategy: all) found beans of type 'org.springframework.security.web.server.WebFilterChainProxy' org.springframework.security.config.annotation.web.reactive.WebFluxSecurityConfiguration.WebFilterChainFilter (OnBeanCondition)

   ReactiveUserDetailsServiceAutoConfiguration:
      Did not match:
         - @ConditionalOnMissingBean (types: org.springframework.security.authentication.ReactiveAuthenticationManager,org.springframework.security.core.userdetails.ReactiveUserDetailsService,org.springframework.security.authentication.ReactiveAuthenticationManagerResolver,org.springframework.security.oauth2.jwt.ReactiveJwtDecoder; SearchStrategy: all) found beans of type 'org.springframework.security.authentication.ReactiveAuthenticationManager' authenticationManager (OnBeanCondition)
      Matched:
         - @ConditionalOnClass found required class 'org.springframework.security.authentication.ReactiveAuthenticationManager' (OnClassCondition)
         - AnyNestedCondition 1 matched 2 did not; NestedCondition on ReactiveUserDetailsServiceAutoConfiguration.MissingAlternativeOrUserPropertiesConfigured.PasswordConfigured @ConditionalOnProperty (spring.security.user.password) did not find property 'password'; NestedCondition on ReactiveUserDetailsServiceAutoConfiguration.MissingAlternativeOrUserPropertiesConfigured.NameConfigured @ConditionalOnProperty (spring.security.user.name) did not find property 'name'; NestedCondition on ReactiveUserDetailsServiceAutoConfiguration.MissingAlternativeOrUserPropertiesConfigured.MissingAlternative @ConditionalOnMissingClass did not find unwanted classes 'org.springframework.security.oauth2.client.registration.ClientRegistrationRepository', 'org.springframework.security.oauth2.server.resource.introspection.ReactiveOpaqueTokenIntrospector' (ReactiveUserDetailsServiceAutoConfiguration.MissingAlternativeOrUserPropertiesConfigured)
         - AnyNestedCondition 1 matched 1 did not; NestedCondition on ReactiveUserDetailsServiceAutoConfiguration.RSocketEnabledOrReactiveWebApplication.ReactiveWebApplicationCondition found ConfigurableReactiveWebEnvironment; NestedCondition on ReactiveUserDetailsServiceAutoConfiguration.RSocketEnabledOrReactiveWebApplication.RSocketSecurityEnabledCondition @ConditionalOnBean (types: org.springframework.messaging.rsocket.annotation.support.RSocketMessageHandler; SearchStrategy: all) did not find any beans of type org.springframework.messaging.rsocket.annotation.support.RSocketMessageHandler (ReactiveUserDetailsServiceAutoConfiguration.RSocketEnabledOrReactiveWebApplication)

   ReactiveWebServerFactoryAutoConfiguration#forwardedHeaderTransformer:
      Did not match:
         - @ConditionalOnProperty (server.forward-headers-strategy=framework) did not find property 'server.forward-headers-strategy' (OnPropertyCondition)

   ReactiveWebServerFactoryAutoConfiguration#tomcatReactiveWebServerFactoryCustomizer:
      Did not match:
         - @ConditionalOnClass did not find required class 'org.apache.catalina.startup.Tomcat' (OnClassCondition)

   ReactiveWebServerFactoryConfiguration.EmbeddedJetty:
      Did not match:
         - @ConditionalOnClass did not find required classes 'org.eclipse.jetty.server.Server', 'org.eclipse.jetty.ee10.servlet.ServletHolder' (OnClassCondition)

   ReactiveWebServerFactoryConfiguration.EmbeddedTomcat:
      Did not match:
         - @ConditionalOnClass did not find required class 'org.apache.catalina.startup.Tomcat' (OnClassCondition)

   ReactiveWebServerFactoryConfiguration.EmbeddedUndertow:
      Did not match:
         - @ConditionalOnClass did not find required class 'io.undertow.Undertow' (OnClassCondition)

   ReactorLoadBalancerClientAutoConfiguration:
      Did not match:
         - @ConditionalOnBean (types: org.springframework.cloud.client.loadbalancer.reactive.ReactiveLoadBalancer$Factory; SearchStrategy: all) did not find any beans of type org.springframework.cloud.client.loadbalancer.reactive.ReactiveLoadBalancer$Factory (OnBeanCondition)
      Matched:
         - @ConditionalOnClass found required class 'org.springframework.web.reactive.function.client.WebClient' (OnClassCondition)

   RedisAutoConfiguration:
      Did not match:
         - @ConditionalOnClass did not find required class 'org.springframework.data.redis.core.RedisOperations' (OnClassCondition)

   RedisCacheConfiguration:
      Did not match:
         - @ConditionalOnClass did not find required class 'org.springframework.data.redis.connection.RedisConnectionFactory' (OnClassCondition)

   RedisReactiveAutoConfiguration:
      Did not match:
         - @ConditionalOnClass did not find required class 'org.springframework.data.redis.connection.ReactiveRedisConnectionFactory' (OnClassCondition)

   RedisRepositoriesAutoConfiguration:
      Did not match:
         - @ConditionalOnClass did not find required class 'org.springframework.data.redis.repository.configuration.EnableRedisRepositories' (OnClassCondition)

   RefreshAutoConfiguration#legacyContextRefresher:
      Did not match:
         - AnyNestedCondition 0 matched 3 did not; NestedCondition on ConditionalOnBootstrapEnabled.OnBootstrapEnabledCondition.OnBootstrapEnabled @ConditionalOnProperty (spring.cloud.bootstrap.enabled) did not find property 'spring.cloud.bootstrap.enabled'; NestedCondition on ConditionalOnBootstrapEnabled.OnBootstrapEnabledCondition.OnUseLegacyProcessingEnabled @ConditionalOnProperty (spring.config.use-legacy-processing) did not find property 'spring.config.use-legacy-processing'; NestedCondition on ConditionalOnBootstrapEnabled.OnBootstrapEnabledCondition.OnBootstrapMarkerClassPresent @ConditionalOnClass did not find required class 'org.springframework.cloud.bootstrap.marker.Marker' (ConditionalOnBootstrapEnabled.OnBootstrapEnabledCondition)

   RefreshAutoConfiguration.JpaInvokerConfiguration:
      Did not match:
         - @ConditionalOnClass did not find required class 'javax.persistence.EntityManagerFactory' (OnClassCondition)

   RefreshEndpointAutoConfiguration:
      Did not match:
         - @ConditionalOnClass did not find required class 'org.springframework.boot.actuate.autoconfigure.endpoint.EndpointAutoConfiguration' (OnClassCondition)

   RepositoryRestMvcAutoConfiguration:
      Did not match:
         - @ConditionalOnClass did not find required class 'org.springframework.data.rest.webmvc.config.RepositoryRestMvcConfiguration' (OnClassCondition)

   ResourceServerTokenRelayAutoConfiguration:
      Did not match:
         - @ConditionalOnClass did not find required class 'org.springframework.web.servlet.config.annotation.WebMvcConfigurer' (OnClassCondition)

   RestClientAutoConfiguration:
      Did not match:
         - NoneNestedConditions 1 matched 0 did not; NestedCondition on NotReactiveWebApplicationCondition.ReactiveWebApplication found ConfigurableReactiveWebEnvironment (NotReactiveWebApplicationCondition)
      Matched:
         - @ConditionalOnClass found required class 'org.springframework.web.client.RestClient' (OnClassCondition)

   RestTemplateAutoConfiguration:
      Did not match:
         - NoneNestedConditions 1 matched 0 did not; NestedCondition on NotReactiveWebApplicationCondition.ReactiveWebApplication found ConfigurableReactiveWebEnvironment (NotReactiveWebApplicationCondition)
      Matched:
         - @ConditionalOnClass found required class 'org.springframework.web.client.RestTemplate' (OnClassCondition)

   Saml2RelyingPartyAutoConfiguration:
      Did not match:
         - @ConditionalOnClass did not find required class 'org.springframework.security.saml2.provider.service.registration.RelyingPartyRegistrationRepository' (OnClassCondition)

   SecurityDataConfiguration:
      Did not match:
         - @ConditionalOnClass did not find required class 'org.springframework.security.data.repository.query.SecurityEvaluationContextExtension' (OnClassCondition)

   SecurityFilterAutoConfiguration:
      Did not match:
         - not a servlet web application (OnWebApplicationCondition)
      Matched:
         - @ConditionalOnClass found required classes 'org.springframework.security.web.context.AbstractSecurityWebApplicationInitializer', 'org.springframework.security.config.http.SessionCreationPolicy' (OnClassCondition)

   SendGridAutoConfiguration:
      Did not match:
         - @ConditionalOnClass did not find required class 'com.sendgrid.SendGrid' (OnClassCondition)

   ServiceRegistryAutoConfiguration.ServiceRegistryEndpointConfiguration:
      Did not match:
         - @ConditionalOnClass did not find required class 'org.springframework.boot.actuate.endpoint.annotation.Endpoint' (OnClassCondition)

   ServletWebServerFactoryAutoConfiguration:
      Did not match:
         - @ConditionalOnClass did not find required class 'jakarta.servlet.ServletRequest' (OnClassCondition)

   SessionAutoConfiguration:
      Did not match:
         - @ConditionalOnClass did not find required class 'org.springframework.session.Session' (OnClassCondition)

   SimpleReactiveDiscoveryClientAutoConfiguration.HealthConfiguration:
      Did not match:
         - @ConditionalOnClass did not find required class 'org.springframework.boot.actuate.health.ReactiveHealthIndicator' (OnClassCondition)

   SimpleUrlHandlerMappingGlobalCorsAutoConfiguration:
      Did not match:
         - @ConditionalOnProperty (spring.cloud.gateway.globalcors.add-to-simple-url-handler-mapping) did not find property 'spring.cloud.gateway.globalcors.add-to-simple-url-handler-mapping' (OnPropertyCondition)
      Matched:
         - @ConditionalOnClass found required class 'org.springframework.web.reactive.handler.SimpleUrlHandlerMapping' (OnClassCondition)

   SpringApplicationAdminJmxAutoConfiguration:
      Did not match:
         - @ConditionalOnProperty (spring.application.admin.enabled=true) did not find property 'enabled' (OnPropertyCondition)

   SpringBootWebSecurityConfiguration:
      Did not match:
         - not a servlet web application (OnWebApplicationCondition)

   SpringDataWebAutoConfiguration:
      Did not match:
         - @ConditionalOnClass did not find required class 'org.springframework.data.web.PageableHandlerMethodArgumentResolver' (OnClassCondition)

   TaskExecutorConfigurations.SimpleAsyncTaskExecutorBuilderConfiguration#simpleAsyncTaskExecutorBuilderVirtualThreads:
      Did not match:
         - @ConditionalOnMissingBean (types: org.springframework.boot.task.SimpleAsyncTaskExecutorBuilder; SearchStrategy: all) found beans of type 'org.springframework.boot.task.SimpleAsyncTaskExecutorBuilder' simpleAsyncTaskExecutorBuilder (OnBeanCondition)

   TaskExecutorConfigurations.TaskExecutorConfiguration#applicationTaskExecutorVirtualThreads:
      Did not match:
         - @ConditionalOnThreading did not find VIRTUAL (OnThreadingCondition)

   TaskSchedulingAutoConfiguration#scheduledBeanLazyInitializationExcludeFilter:
      Did not match:
         - @ConditionalOnBean (names: org.springframework.context.annotation.internalScheduledAnnotationProcessor; SearchStrategy: all) did not find any beans named org.springframework.context.annotation.internalScheduledAnnotationProcessor (OnBeanCondition)

   TaskSchedulingConfigurations.SimpleAsyncTaskSchedulerBuilderConfiguration#simpleAsyncTaskSchedulerBuilderVirtualThreads:
      Did not match:
         - @ConditionalOnMissingBean (types: org.springframework.boot.task.SimpleAsyncTaskSchedulerBuilder; SearchStrategy: all) found beans of type 'org.springframework.boot.task.SimpleAsyncTaskSchedulerBuilder' simpleAsyncTaskSchedulerBuilder (OnBeanCondition)

   TaskSchedulingConfigurations.TaskSchedulerConfiguration:
      Did not match:
         - @ConditionalOnBean (names: org.springframework.context.annotation.internalScheduledAnnotationProcessor; SearchStrategy: all) did not find any beans named org.springframework.context.annotation.internalScheduledAnnotationProcessor (OnBeanCondition)

   ThymeleafAutoConfiguration:
      Did not match:
         - @ConditionalOnClass did not find required class 'org.thymeleaf.spring6.SpringTemplateEngine' (OnClassCondition)

   TransactionAutoConfiguration:
      Did not match:
         - @ConditionalOnClass did not find required class 'org.springframework.transaction.PlatformTransactionManager' (OnClassCondition)

   TransactionManagerCustomizationAutoConfiguration:
      Did not match:
         - @ConditionalOnClass did not find required class 'org.springframework.transaction.PlatformTransactionManager' (OnClassCondition)

   UserDetailsServiceAutoConfiguration:
      Did not match:
         - @ConditionalOnBean (types: org.springframework.security.config.annotation.ObjectPostProcessor; SearchStrategy: all) did not find any beans of type org.springframework.security.config.annotation.ObjectPostProcessor (OnBeanCondition)
      Matched:
         - @ConditionalOnClass found required class 'org.springframework.security.authentication.AuthenticationManager' (OnClassCondition)
         - AnyNestedCondition 1 matched 2 did not; NestedCondition on UserDetailsServiceAutoConfiguration.MissingAlternativeOrUserPropertiesConfigured.PasswordConfigured @ConditionalOnProperty (spring.security.user.password) did not find property 'password'; NestedCondition on UserDetailsServiceAutoConfiguration.MissingAlternativeOrUserPropertiesConfigured.NameConfigured @ConditionalOnProperty (spring.security.user.name) did not find property 'name'; NestedCondition on UserDetailsServiceAutoConfiguration.MissingAlternativeOrUserPropertiesConfigured.MissingAlternative @ConditionalOnMissingClass did not find unwanted classes 'org.springframework.security.oauth2.client.registration.ClientRegistrationRepository', 'org.springframework.security.oauth2.server.resource.introspection.OpaqueTokenIntrospector', 'org.springframework.security.saml2.provider.service.registration.RelyingPartyRegistrationRepository' (UserDetailsServiceAutoConfiguration.MissingAlternativeOrUserPropertiesConfigured)

   WebFluxAutoConfiguration#hiddenHttpMethodFilter:
      Did not match:
         - @ConditionalOnProperty (spring.webflux.hiddenmethod.filter.enabled) found different value in property 'enabled' (OnPropertyCondition)

   WebFluxAutoConfiguration.ProblemDetailsErrorHandlingConfiguration:
      Did not match:
         - @ConditionalOnProperty (spring.webflux.problemdetails.enabled=true) did not find property 'enabled' (OnPropertyCondition)

   WebFluxAutoConfiguration.ResourceChainCustomizerConfiguration:
      Did not match:
         - @ConditionalOnEnabledResourceChain did not find class org.webjars.WebJarAssetLocator (OnEnabledResourceChainCondition)

   WebMvcAutoConfiguration:
      Did not match:
         - @ConditionalOnClass did not find required class 'jakarta.servlet.Servlet' (OnClassCondition)

   WebServiceTemplateAutoConfiguration:
      Did not match:
         - @ConditionalOnClass did not find required class 'org.springframework.oxm.Marshaller' (OnClassCondition)

   WebServicesAutoConfiguration:
      Did not match:
         - @ConditionalOnClass did not find required class 'org.springframework.ws.transport.http.MessageDispatcherServlet' (OnClassCondition)

   WebSocketMessagingAutoConfiguration:
      Did not match:
         - @ConditionalOnClass did not find required class 'org.springframework.web.socket.config.annotation.WebSocketMessageBrokerConfigurer' (OnClassCondition)

   WebSocketReactiveAutoConfiguration:
      Did not match:
         - @ConditionalOnClass did not find required class 'jakarta.servlet.Servlet' (OnClassCondition)

   WebSocketServletAutoConfiguration:
      Did not match:
         - @ConditionalOnClass did not find required class 'jakarta.servlet.Servlet' (OnClassCondition)

   WritableEnvironmentEndpointAutoConfiguration:
      Did not match:
         - @ConditionalOnClass did not find required class 'org.springframework.boot.actuate.autoconfigure.env.EnvironmentEndpointProperties' (OnClassCondition)

   XADataSourceAutoConfiguration:
      Did not match:
         - @ConditionalOnClass did not find required class 'jakarta.transaction.TransactionManager' (OnClassCondition)


Exclusions:
-----------

    None


Unconditional classes:
----------------------

    org.springframework.boot.autoconfigure.context.ConfigurationPropertiesAutoConfiguration

    org.springframework.cloud.client.ReactiveCommonsClientAutoConfiguration

    org.springframework.boot.autoconfigure.ssl.SslAutoConfiguration

    org.springframework.boot.autoconfigure.context.PropertyPlaceholderAutoConfiguration

    org.springframework.cloud.client.discovery.simple.SimpleDiscoveryClientAutoConfiguration

    org.springframework.boot.autoconfigure.context.LifecycleAutoConfiguration

    org.springframework.cloud.client.CommonsClientAutoConfiguration

    org.springframework.cloud.commons.config.CommonsConfigAutoConfiguration

    org.springframework.cloud.client.loadbalancer.LoadBalancerDefaultMappingsProviderAutoConfiguration

    org.springframework.cloud.client.discovery.composite.CompositeDiscoveryClientAutoConfiguration

    org.springframework.cloud.client.serviceregistry.ServiceRegistryAutoConfiguration

    org.springframework.cloud.autoconfigure.LifecycleMvcEndpointAutoConfiguration

    org.springframework.boot.autoconfigure.availability.ApplicationAvailabilityAutoConfiguration

    org.springframework.boot.autoconfigure.info.ProjectInfoAutoConfiguration



2024-11-08T17:16:56.352+09:00 DEBUG 23248 --- [gateway] [    Test worker] o.s.c.g.r.RouteDefinitionRouteLocator    : RouteDefinition auth-service applying {_genkey_0=/api/v1/login/**} to Path
2024-11-08T17:16:56.367+09:00 DEBUG 23248 --- [gateway] [    Test worker] o.s.c.g.r.RouteDefinitionRouteLocator    : RouteDefinition matched: auth-service
2024-11-08T17:16:56.367+09:00 DEBUG 23248 --- [gateway] [    Test worker] o.s.c.g.r.RouteDefinitionRouteLocator    : RouteDefinition members-service applying {_genkey_0=/api/v1/members/**} to Path
2024-11-08T17:16:56.368+09:00 DEBUG 23248 --- [gateway] [    Test worker] o.s.c.g.r.RouteDefinitionRouteLocator    : RouteDefinition matched: members-service
2024-11-08T17:16:56.368+09:00 DEBUG 23248 --- [gateway] [    Test worker] o.s.c.g.r.RouteDefinitionRouteLocator    : RouteDefinition teams-service applying {_genkey_0=/api/v1/teams/**} to Path
2024-11-08T17:16:56.369+09:00 DEBUG 23248 --- [gateway] [    Test worker] o.s.c.g.r.RouteDefinitionRouteLocator    : RouteDefinition matched: teams-service
2024-11-08T17:16:56.369+09:00 DEBUG 23248 --- [gateway] [    Test worker] o.s.c.g.r.RouteDefinitionRouteLocator    : RouteDefinition team-stats-service applying {_genkey_0=/api/v1/team/stats/**} to Path
2024-11-08T17:16:56.369+09:00 DEBUG 23248 --- [gateway] [    Test worker] o.s.c.g.r.RouteDefinitionRouteLocator    : RouteDefinition matched: team-stats-service
2024-11-08T17:16:56.369+09:00 DEBUG 23248 --- [gateway] [    Test worker] o.s.c.g.r.RouteDefinitionRouteLocator    : RouteDefinition stats-service applying {_genkey_0=/api/v1/stats/**} to Path
2024-11-08T17:16:56.370+09:00 DEBUG 23248 --- [gateway] [    Test worker] o.s.c.g.r.RouteDefinitionRouteLocator    : RouteDefinition matched: stats-service
2024-11-08T17:16:56.370+09:00 DEBUG 23248 --- [gateway] [    Test worker] o.s.c.g.r.RouteDefinitionRouteLocator    : RouteDefinition songs-service applying {_genkey_0=/api/v1/songs/**} to Path
2024-11-08T17:16:56.370+09:00 DEBUG 23248 --- [gateway] [    Test worker] o.s.c.g.r.RouteDefinitionRouteLocator    : RouteDefinition matched: songs-service
2024-11-08T17:16:56.370+09:00 DEBUG 23248 --- [gateway] [    Test worker] o.s.c.g.r.RouteDefinitionRouteLocator    : RouteDefinition records-service applying {_genkey_0=/api/v1/records/**} to Path
2024-11-08T17:16:56.371+09:00 DEBUG 23248 --- [gateway] [    Test worker] o.s.c.g.r.RouteDefinitionRouteLocator    : RouteDefinition matched: records-service
2024-11-08T17:16:56.371+09:00 DEBUG 23248 --- [gateway] [    Test worker] o.s.c.g.r.RouteDefinitionRouteLocator    : RouteDefinition ranks-service applying {_genkey_0=/api/v1/ranks/**} to Path
2024-11-08T17:16:56.371+09:00 DEBUG 23248 --- [gateway] [    Test worker] o.s.c.g.r.RouteDefinitionRouteLocator    : RouteDefinition matched: ranks-service
2024-11-08T17:16:56.371+09:00 DEBUG 23248 --- [gateway] [    Test worker] o.s.c.g.r.RouteDefinitionRouteLocator    : RouteDefinition players-service applying {_genkey_0=/api/v1/players/**} to Path
2024-11-08T17:16:56.372+09:00 DEBUG 23248 --- [gateway] [    Test worker] o.s.c.g.r.RouteDefinitionRouteLocator    : RouteDefinition matched: players-service
2024-11-08T17:16:56.372+09:00 DEBUG 23248 --- [gateway] [    Test worker] o.s.c.g.r.RouteDefinitionRouteLocator    : RouteDefinition lineup-service applying {_genkey_0=/api/v1/lineup/**} to Path
2024-11-08T17:16:56.372+09:00 DEBUG 23248 --- [gateway] [    Test worker] o.s.c.g.r.RouteDefinitionRouteLocator    : RouteDefinition matched: lineup-service
2024-11-08T17:16:56.373+09:00 DEBUG 23248 --- [gateway] [    Test worker] o.s.c.g.r.RouteDefinitionRouteLocator    : RouteDefinition highlights-service applying {_genkey_0=/api/v1/highlights/**} to Path
2024-11-08T17:16:56.373+09:00 DEBUG 23248 --- [gateway] [    Test worker] o.s.c.g.r.RouteDefinitionRouteLocator    : RouteDefinition matched: highlights-service
2024-11-08T17:16:56.373+09:00 DEBUG 23248 --- [gateway] [    Test worker] o.s.c.g.r.RouteDefinitionRouteLocator    : RouteDefinition games-service applying {_genkey_0=/api/v1/games/**} to Path
2024-11-08T17:16:56.373+09:00 DEBUG 23248 --- [gateway] [    Test worker] o.s.c.g.r.RouteDefinitionRouteLocator    : RouteDefinition matched: games-service
2024-11-08T17:16:56.373+09:00 DEBUG 23248 --- [gateway] [    Test worker] o.s.c.g.r.RouteDefinitionRouteLocator    : RouteDefinition cards-service applying {_genkey_0=/api/v1/cards/**} to Path
2024-11-08T17:16:56.374+09:00 DEBUG 23248 --- [gateway] [    Test worker] o.s.c.g.r.RouteDefinitionRouteLocator    : RouteDefinition matched: cards-service
2024-11-08T17:16:56.374+09:00 DEBUG 23248 --- [gateway] [    Test worker] o.s.c.g.r.RouteDefinitionRouteLocator    : RouteDefinition purchase-service applying {_genkey_0=/api/v1/purchase/**} to Path
2024-11-08T17:16:56.374+09:00 DEBUG 23248 --- [gateway] [    Test worker] o.s.c.g.r.RouteDefinitionRouteLocator    : RouteDefinition matched: purchase-service
2024-11-08T17:16:56.374+09:00 DEBUG 23248 --- [gateway] [    Test worker] o.s.c.g.r.RouteDefinitionRouteLocator    : RouteDefinition recommend-service applying {_genkey_0=/api/v1/recommend/**} to Path
2024-11-08T17:16:56.375+09:00 DEBUG 23248 --- [gateway] [    Test worker] o.s.c.g.r.RouteDefinitionRouteLocator    : RouteDefinition matched: recommend-service
2024-11-08T17:16:56.375+09:00 DEBUG 23248 --- [gateway] [    Test worker] o.s.c.g.r.RouteDefinitionRouteLocator    : RouteDefinition check-mileage-service applying {_genkey_0=/api/v1/check-mileage/**} to Path
2024-11-08T17:16:56.376+09:00 DEBUG 23248 --- [gateway] [    Test worker] o.s.c.g.r.RouteDefinitionRouteLocator    : RouteDefinition matched: check-mileage-service
2024-11-08T17:16:56.376+09:00 DEBUG 23248 --- [gateway] [    Test worker] o.s.c.g.r.RouteDefinitionRouteLocator    : RouteDefinition ticket-service applying {_genkey_0=/api/v1/ticket/**} to Path
2024-11-08T17:16:56.376+09:00 DEBUG 23248 --- [gateway] [    Test worker] o.s.c.g.r.RouteDefinitionRouteLocator    : RouteDefinition matched: ticket-service
2024-11-08T17:16:56.387+09:00  INFO 23248 --- [gateway] [    Test worker] n.g.gateway.GatewayApplicationTests      : Started GatewayApplicationTests in 2.121 seconds (process running for 2.978)
2024-11-08T17:16:56.388+09:00 DEBUG 23248 --- [gateway] [    Test worker] o.s.b.a.ApplicationAvailabilityBean      : Application availability state LivenessState changed to CORRECT
2024-11-08T17:16:56.390+09:00 DEBUG 23248 --- [gateway] [    Test worker] o.s.b.a.ApplicationAvailabilityBean      : Application availability state ReadinessState changed to ACCEPTING_TRAFFIC
2024-11-08T17:16:56.392+09:00 DEBUG 23248 --- [gateway] [    Test worker] org.springframework.test.context.cache   : Spring test ApplicationContext cache statistics: [DefaultContextCache@58aa5c94 size = 1, maxSize = 32, parentContextCount = 0, hitCount = 0, missCount = 1, failureCount = 0]
2024-11-08T17:16:56.393+09:00 DEBUG 23248 --- [gateway] [    Test worker] org.springframework.test.context.cache   : Spring test ApplicationContext cache statistics: [DefaultContextCache@58aa5c94 size = 1, maxSize = 32, parentContextCount = 0, hitCount = 1, missCount = 1, failureCount = 0]
2024-11-08T17:16:56.395+09:00 DEBUG 23248 --- [gateway] [    Test worker] sContextBeforeModesTestExecutionListener : Before test method: class [GatewayApplicationTests], method [contextLoads], class annotated with @DirtiesContext [false] with mode [null], method annotated with @DirtiesContext [false] with mode [null]
2024-11-08T17:16:56.396+09:00 DEBUG 23248 --- [gateway] [    Test worker] org.springframework.test.context.cache   : Spring test ApplicationContext cache statistics: [DefaultContextCache@58aa5c94 size = 1, maxSize = 32, parentContextCount = 0, hitCount = 2, missCount = 1, failureCount = 0]
2024-11-08T17:16:56.398+09:00 DEBUG 23248 --- [gateway] [    Test worker] org.springframework.test.context.cache   : Spring test ApplicationContext cache statistics: [DefaultContextCache@58aa5c94 size = 1, maxSize = 32, parentContextCount = 0, hitCount = 3, missCount = 1, failureCount = 0]
2024-11-08T17:16:56.937+09:00 DEBUG 23248 --- [gateway] [    Test worker] org.springframework.test.context.cache   : Spring test ApplicationContext cache statistics: [DefaultContextCache@58aa5c94 size = 1, maxSize = 32, parentContextCount = 0, hitCount = 4, missCount = 1, failureCount = 0]
2024-11-08T17:16:56.941+09:00 DEBUG 23248 --- [gateway] [    Test worker] org.springframework.test.context.cache   : Spring test ApplicationContext cache statistics: [DefaultContextCache@58aa5c94 size = 1, maxSize = 32, parentContextCount = 0, hitCount = 5, missCount = 1, failureCount = 0]
2024-11-08T17:16:56.941+09:00 DEBUG 23248 --- [gateway] [    Test worker] org.springframework.test.context.cache   : Spring test ApplicationContext cache statistics: [DefaultContextCache@58aa5c94 size = 1, maxSize = 32, parentContextCount = 0, hitCount = 6, missCount = 1, failureCount = 0]
2024-11-08T17:16:56.942+09:00 DEBUG 23248 --- [gateway] [    Test worker] org.springframework.test.context.cache   : Spring test ApplicationContext cache statistics: [DefaultContextCache@58aa5c94 size = 1, maxSize = 32, parentContextCount = 0, hitCount = 7, missCount = 1, failureCount = 0]
2024-11-08T17:16:56.942+09:00 DEBUG 23248 --- [gateway] [    Test worker] org.springframework.test.context.cache   : Spring test ApplicationContext cache statistics: [DefaultContextCache@58aa5c94 size = 1, maxSize = 32, parentContextCount = 0, hitCount = 8, missCount = 1, failureCount = 0]
2024-11-08T17:16:56.943+09:00 DEBUG 23248 --- [gateway] [    Test worker] org.springframework.test.context.cache   : Spring test ApplicationContext cache statistics: [DefaultContextCache@58aa5c94 size = 1, maxSize = 32, parentContextCount = 0, hitCount = 9, missCount = 1, failureCount = 0]
2024-11-08T17:16:56.944+09:00 DEBUG 23248 --- [gateway] [    Test worker] org.springframework.test.context.cache   : Spring test ApplicationContext cache statistics: [DefaultContextCache@58aa5c94 size = 1, maxSize = 32, parentContextCount = 0, hitCount = 10, missCount = 1, failureCount = 0]
2024-11-08T17:16:56.944+09:00 DEBUG 23248 --- [gateway] [    Test worker] org.springframework.test.context.cache   : Spring test ApplicationContext cache statistics: [DefaultContextCache@58aa5c94 size = 1, maxSize = 32, parentContextCount = 0, hitCount = 11, missCount = 1, failureCount = 0]
2024-11-08T17:16:56.944+09:00 DEBUG 23248 --- [gateway] [    Test worker] .c.s.DirtiesContextTestExecutionListener : After test method: class [GatewayApplicationTests], method [contextLoads], class annotated with @DirtiesContext [false] with mode [null], method annotated with @DirtiesContext [false] with mode [null]
2024-11-08T17:16:56.948+09:00 DEBUG 23248 --- [gateway] [    Test worker] org.springframework.test.context.cache   : Spring test ApplicationContext cache statistics: [DefaultContextCache@58aa5c94 size = 1, maxSize = 32, parentContextCount = 0, hitCount = 12, missCount = 1, failureCount = 0]
2024-11-08T17:16:56.949+09:00 DEBUG 23248 --- [gateway] [    Test worker] .c.s.DirtiesContextTestExecutionListener : After test class: class [GatewayApplicationTests], class annotated with @DirtiesContext [false] with mode [null]
]]></system-out>
  <system-err><![CDATA[]]></system-err>
</testsuite>
