<?xml version="1.0" encoding="UTF-8"?>
<testsuite name="com.Newbie.Newbie.NewbieApplicationTests" tests="1" skipped="0" failures="0" errors="0" timestamp="2024-10-29T07:33:07" hostname="DESKTOP-6ABJ64L" time="0.389">
  <properties/>
  <testcase name="contextLoads()" classname="com.Newbie.Newbie.NewbieApplicationTests" time="0.389"/>
  <system-out><![CDATA[16:33:02.395 [Test worker] INFO org.springframework.test.context.support.AnnotationConfigContextLoaderUtils -- Could not detect default configuration classes for test class [com.Newbie.Newbie.NewbieApplicationTests]: NewbieApplicationTests does not declare any static, non-private, non-final, nested classes annotated with @Configuration.
16:33:02.525 [Test worker] INFO org.springframework.boot.test.context.SpringBootTestContextBootstrapper -- Found @SpringBootConfiguration com.Newbie.Newbie.NewbieApplication for test class com.Newbie.Newbie.NewbieApplicationTests

  .   ____          _            __ _ _
 /\\ / ___'_ __ _ _(_)_ __  __ _ \ \ \ \
( ( )\___ | '_ | '_| | '_ \/ _` | \ \ \ \
 \\/  ___)| |_)| | | | | || (_| |  ) ) ) )
  '  |____| .__|_| |_|_| |_\__, | / / / /
 =========|_|==============|___/=/_/_/_/

 :: Spring Boot ::                (v3.3.4)

2024-10-29T16:33:02.817+09:00  WARN 10772 --- [Back-end] [    Test worker] ory$DuplicateJsonObjectContextCustomizer : 

Found multiple occurrences of org.json.JSONObject on the class path:

	jar:file:/C:/Users/SSAFY/.gradle/caches/modules-2/files-2.1/org.json/json/20210307/528c8df3757e8bcf151817b1d7b9b434f6aa08d5/json-20210307.jar!/org/json/JSONObject.class
	jar:file:/C:/Users/SSAFY/.gradle/caches/modules-2/files-2.1/com.vaadin.external.google/android-json/0.0.20131108.vaadin1/fa26d351fe62a6a17f5cda1287c1c6110dec413f/android-json-0.0.20131108.vaadin1.jar!/org/json/JSONObject.class

You may wish to exclude one of them to ensure predictable runtime behavior

2024-10-29T16:33:02.834+09:00  INFO 10772 --- [Back-end] [    Test worker] c.Newbie.Newbie.NewbieApplicationTests   : Starting NewbieApplicationTests using Java 17.0.12 with PID 10772 (started by SSAFY in C:\Users\SSAFY\Desktop\자율PJT\우리팀\gitlab\S11P31B304\Newbie)
2024-10-29T16:33:02.834+09:00  INFO 10772 --- [Back-end] [    Test worker] c.Newbie.Newbie.NewbieApplicationTests   : The following 1 profile is active: "key"
2024-10-29T16:33:03.526+09:00  INFO 10772 --- [Back-end] [    Test worker] .s.d.r.c.RepositoryConfigurationDelegate : Bootstrapping Spring Data JPA repositories in DEFAULT mode.
2024-10-29T16:33:03.595+09:00  INFO 10772 --- [Back-end] [    Test worker] .s.d.r.c.RepositoryConfigurationDelegate : Finished Spring Data repository scanning in 62 ms. Found 4 JPA repository interfaces.
2024-10-29T16:33:03.869+09:00  WARN 10772 --- [Back-end] [    Test worker] trationDelegate$BeanPostProcessorChecker : Bean 'org.springframework.ws.config.annotation.DelegatingWsConfiguration' of type [org.springframework.ws.config.annotation.DelegatingWsConfiguration$$SpringCGLIB$$0] is not eligible for getting processed by all BeanPostProcessors (for example: not eligible for auto-proxying). The currently created BeanPostProcessor [annotationActionEndpointMapping] is declared through a non-static factory method on that class; consider declaring it as static instead.
2024-10-29T16:33:03.895+09:00  INFO 10772 --- [Back-end] [    Test worker] .w.s.a.s.AnnotationActionEndpointMapping : Supporting [WS-Addressing August 2004, WS-Addressing 1.0]
2024-10-29T16:33:04.095+09:00  INFO 10772 --- [Back-end] [    Test worker] o.hibernate.jpa.internal.util.LogHelper  : HHH000204: Processing PersistenceUnitInfo [name: default]
2024-10-29T16:33:04.146+09:00  INFO 10772 --- [Back-end] [    Test worker] org.hibernate.Version                    : HHH000412: Hibernate ORM core version 6.5.3.Final
2024-10-29T16:33:04.193+09:00  INFO 10772 --- [Back-end] [    Test worker] o.h.c.internal.RegionFactoryInitiator    : HHH000026: Second-level cache disabled
2024-10-29T16:33:04.290+09:00  INFO 10772 --- [Back-end] [    Test worker] com.zaxxer.hikari.HikariDataSource       : HikariPool-1 - Starting...
2024-10-29T16:33:04.436+09:00  INFO 10772 --- [Back-end] [    Test worker] com.zaxxer.hikari.pool.HikariPool        : HikariPool-1 - Added connection com.mysql.cj.jdbc.ConnectionImpl@2fa879ed
2024-10-29T16:33:04.438+09:00  INFO 10772 --- [Back-end] [    Test worker] com.zaxxer.hikari.HikariDataSource       : HikariPool-1 - Start completed.
2024-10-29T16:33:04.474+09:00  WARN 10772 --- [Back-end] [    Test worker] org.hibernate.orm.deprecation            : HHH90000025: MySQLDialect does not need to be specified explicitly using 'hibernate.dialect' (remove the property setting and it will be selected by default)
2024-10-29T16:33:04.676+09:00  INFO 10772 --- [Back-end] [    Test worker] o.s.o.j.p.SpringPersistenceUnitInfo      : No LoadTimeWeaver setup: ignoring JPA class transformer
2024-10-29T16:33:05.296+09:00  INFO 10772 --- [Back-end] [    Test worker] o.h.e.t.j.p.i.JtaPlatformInitiator       : HHH000489: No JTA platform available (set 'hibernate.transaction.jta.platform' to enable JTA platform integration)
2024-10-29T16:33:05.338+09:00  INFO 10772 --- [Back-end] [    Test worker] j.LocalContainerEntityManagerFactoryBean : Initialized JPA EntityManagerFactory for persistence unit 'default'
2024-10-29T16:33:05.828+09:00  INFO 10772 --- [Back-end] [    Test worker] r$InitializeUserDetailsManagerConfigurer : Global AuthenticationManager configured with UserDetailsService bean with name customUserDetailsService
2024-10-29T16:33:06.970+09:00  WARN 10772 --- [Back-end] [    Test worker] ion$DefaultTemplateResolverConfiguration : Cannot find template location: classpath:/templates/ (please add some templates, check your Thymeleaf configuration, or set spring.thymeleaf.check-template-location=false)
2024-10-29T16:33:07.131+09:00  INFO 10772 --- [Back-end] [    Test worker] c.Newbie.Newbie.NewbieApplicationTests   : Started NewbieApplicationTests in 4.497 seconds (process running for 5.448)
]]></system-out>
  <system-err><![CDATA[]]></system-err>
</testsuite>
